TN:
SF:__init__.py
DA:0,1,1B2M2Y8AsgTpgAmY7PhCfg
LF:0
LH:0
end_of_record
TN:
SF:db_models/__init__.py
DA:0,1,1B2M2Y8AsgTpgAmY7PhCfg
LF:0
LH:0
end_of_record
TN:
SF:db_models/db.py
DA:1,1,/KDzRGaEJmCgTCG4PuDKJQ
DA:2,1,DcezkdWAet1uH6gigbdF1Q
LF:2
LH:2
end_of_record
TN:
SF:db_models/model.py
DA:1,1,Zl9WeAj24+MbRYMfrwRezA
DA:2,1,ucXBb+sXBFEqVtkJVjybgA
DA:3,1,hkHDUzQG8l2xakoSm5kYrA
DA:4,1,f8rMdr3vijWZ1iPrc2WTIw
DA:5,1,nAMmiYqEAvycUFZP8zoXcw
DA:6,1,BRgCEHdTrMn17m+IOKSBSg
DA:7,1,ldQR8VLfBAFWU8Q2+qX9vA
DA:8,1,JYuRHNEnbrDwMl9Yc09KKA
DA:9,1,C17NICDt14JsS15OgoyZZA
DA:10,1,L/uzQpukxuZ5B4/dwR2OZQ
DA:11,1,tf1qHMc+vP7OWfqOuw0UQw
DA:12,1,QhCWivq9cFi98CY1v4nyew
DA:13,1,oQtsGuxScWTh2zgJhKjoXQ
DA:16,1,5RHqQIgMh0YPT865np6bjA
DA:17,1,hkyJ+fLUOe2eZfsIGZ/PaA
DA:18,1,f8rMdr3vijWZ1iPrc2WTIw
DA:19,1,SjN9AAGeWE0DI+Sz0AjYug
DA:20,1,WrD9YVKT0YgKOtWAaB1EFw
DA:22,1,Mk09oMuXW58nkAUOzH81wA
DA:23,1,QysLR1/m4B92Is8LrvMyjA
DA:24,1,VSHvDjlYy42eis/b7OC3Vw
DA:25,1,SjN9AAGeWE0DI+Sz0AjYug
DA:26,1,p/BoI5lrSaOfKuyuwQqqdw
DA:28,1,1nGkQgb+QPOZk7ztQy4J7w
DA:29,1,aaYXHhGY/yZFdiOdbqrNug
DA:30,1,f8rMdr3vijWZ1iPrc2WTIw
DA:31,1,SjN9AAGeWE0DI+Sz0AjYug
DA:32,1,5Rxa9Hxeai7qICuIpapozw
DA:33,1,0IngomZjiH4+/Ms6CHCR9g
DA:36,1,k952lntX9l4t2Ss/KVKkRw
DA:37,1,SnT6+E6BagVjRZLusxP5mg
DA:38,1,f8rMdr3vijWZ1iPrc2WTIw
DA:39,1,SjN9AAGeWE0DI+Sz0AjYug
DA:40,1,B9w4GdFgo6p62OODtO0Syw
DA:41,1,z3BqMYxh07/gQrQVmR4FKA
DA:42,1,zknMhePIuSaGBYQmP+SfNA
DA:43,1,Kzn2e+jUZ0KCSyIXn3zpAQ
DA:46,1,FI3fz/EFmJJhEmE07JOH9g
DA:47,1,+ZpuQbmilzxjXFWKS+M4tw
DA:48,1,f8rMdr3vijWZ1iPrc2WTIw
DA:49,1,SjN9AAGeWE0DI+Sz0AjYug
DA:50,1,hqNZVL7yL4NUk9xhAyxI7Q
DA:51,1,5Z6bApc6/IZz3viD507iiQ
DA:54,1,iUtqsP++i/p3fCWOYIKBoQ
DA:55,1,G1KDW65XQ8UTTvMPBTtxAA
DA:56,1,f8rMdr3vijWZ1iPrc2WTIw
DA:57,1,SjN9AAGeWE0DI+Sz0AjYug
DA:58,1,G77o+eM+6MJJ7ATkLI/Onw
DA:59,1,eas9SlbHjoW3GF7Qy7+GXg
DA:60,1,OD+mchDxx/Z3HEJvorIuAA
DA:61,1,L/v7JJ220P5PGMTpMMW1tw
DA:63,1,upS1PRlHw3S5bdH4R2EtjA
DA:64,1,a+H4wCuYyWnlXQs2G4CTjQ
DA:65,1,f8rMdr3vijWZ1iPrc2WTIw
DA:66,1,xMg+HMzjk3gXwONc2m4EIg
DA:67,1,Wsppv6BPOxuY+IeH2BsvOw
DA:68,1,HkgNpwUX493DSdfzjJb48Q
DA:69,1,2prGOuKV77Wkw9ZBGag3/w
DA:71,1,Ps+UKmnLR/5sdE40fo8l4Q
DA:72,1,p4zsZ/i06nIV6hA944bAXA
DA:73,1,f8rMdr3vijWZ1iPrc2WTIw
DA:74,1,LRnJLzk/2ctLkEf2c2V8iw
DA:75,1,hooawNfbV0FNO8oAiUbhZg
DA:76,1,TaT6VtA/Ec/+LarpGeDSjw
DA:77,1,VTM65PgatbV5KCnYtRs7dg
LF:65
LH:65
end_of_record
TN:
SF:main_api/CryptoClasses/__init__.py
DA:0,1,1B2M2Y8AsgTpgAmY7PhCfg
LF:0
LH:0
end_of_record
TN:
SF:main_api/CryptoClasses/encryption.py
DA:1,1,y7xCJtWonfj5Z558IV1bPQ
DA:2,1,TKx+Kuho1ga9y1JrLdjJwA
DA:3,1,OaTlemF3bXMi5MP7Db8vkQ
DA:4,1,7MWPwRw2rRZT+sXiuR9jkA
DA:7,1,5bdE7zd/gpOMgFL7Fe53ZQ
DA:8,1,HBwCXTZ1wlAg7ZtrNgw4fA
DA:9,1,ojOHiPeBkCUNGFQOASgKBg
DA:12,1,W9wAPY5wwbF1ollQAAnRxw
DA:13,1,PSad+5T7zqZhlSbcHbzroA
DA:14,1,QkdUROgvuiryitqhZUnqWw
DA:15,1,hpfojVvactMDRJPXtRRSgw
DA:16,1,UdyFPQrQsaTk4H9wxpsCng
DA:17,1,Ti/lNtQMPQX350E136iUCg
DA:19,1,+NhtM1NXzLUQU9nmSPKmrQ
DA:20,1,xjcDBnSwra0OiNOAYAwoHA
DA:21,1,RGLWOIlEUs81k32WQ7QOxA
DA:23,1,0kbhNnfF55htaLG9mxn9SQ
DA:25,1,bNVgDzULocdpWCOW0pG1ow
DA:26,1,Xb/Lo+Ma1Wd4o8wAnwqDLA
DA:27,1,qGLNl6jS0nPEscDmaf2EJQ
DA:28,1,uVzaOophb1U1umlHQwNMGg
DA:29,1,Dwjd91USmMoWKfkSCVg/jg
LF:22
LH:22
end_of_record
TN:
SF:main_api/CryptoClasses/hash_func.py
DA:1,1,2JGV+RPh63KOY3wzAb8h2Q
DA:2,1,0GAutOd3oLh+YdMrkuyp6Q
DA:4,1,Vn0xggx06hFU+sS/ezd7bA
DA:5,1,zT7j4b6DEbxadX/o3uE2bg
DA:6,1,Ba20qFARZI1NbO6QS9G8nw
DA:8,1,38cwzKOx8SevkrVbPh+aiQ
DA:9,1,wJEzWn/+AHNiTZbyYxuzCQ
DA:10,1,jCn5LHAhUq+3nqQgtK/+IA
DA:12,1,8vPWiyNXhzKxbPFpj75i0g
DA:13,1,+pN2QLfYlYFA9DetH+LTvQ
DA:14,1,dGnRspJm5veQMfFoLDyOXw
DA:15,1,BLfuMDguF29dJ2BnTaUvRg
DA:17,1,X1Sj8IibO0uZdFyMrbdR6g
DA:18,1,5q2VKJ+HgA6H81hV+ndtSw
DA:19,1,bBiJHaoTg0c5860UksQS2w
DA:20,1,mJP+gUKEdoq0k4XFM+0Q5Q
DA:21,1,cCzhnT+1tmGi11b28Pmfwg
DA:22,1,yuxRlfY6lzDGWrwrgT3d1g
DA:23,1,kycMaH6XbPuAfUpgfG1Lbg
LF:19
LH:19
end_of_record
TN:
SF:main_api/CryptoClasses/jwt_func.py
DA:1,1,+VEV11HlDX9QQIpNz0yUYA
DA:2,1,piLHCd2iY7irRzUTxrbfUQ
DA:3,1,YUHXj84Dc4NbF8zAXmnlLg
DA:4,1,DxtaAXdRc2C7Jp33EWZ6lg
DA:5,1,+VEV11HlDX9QQIpNz0yUYA
DA:6,1,L/jqrDHxbfUd/SDMFGHfTA
DA:7,1,lSMRvEOIBNB960EQw+bMHQ
DA:8,1,EZEzNmL93PY96zsSuI0PfQ
DA:9,1,gacJlbJPtpWTMc3TMcxW2g
DA:11,1,x+lwysTAS+X+mNFjkQSQ4g
DA:12,1,2phBo1TqWds/JJnUkYjKmg
DA:15,1,7+wDaagsR5pmDKkdxiCPFA
DA:16,1,QXWxt/UKdWmdzLfGbIfYUA
DA:17,1,6TObE96YcxVc7w0Krs+Omg
DA:27,1,/74eoZIcTHR3Li1uUT1/0A
DA:28,1,qGMpw/YXCO0eswNiMAOzcw
DA:29,1,j3uCv0RRrKJhINHkCmbaFg
DA:30,1,coM7cEqS1+1LhuTo6NQM8Q
DA:34,1,/bvACfpvL8F06oPnRJGCxw
DA:35,1,B/Fo9U4/nMeRNS1JjGZVyQ
DA:36,1,1pae9mKQGXWGhjlaD8QydA
DA:43,1,2LozzCbKgSl13gA1w7DcMg
DA:44,1,wt3rnfPF30JU+BpbNLp9ww
DA:45,1,Aa8EXruIr6HWl4YDaj1wBQ
DA:46,1,dafEK4QMmXMJ1WJ35WkDug
DA:47,1,vy6CgW37KXB6tZmtM5IONw
DA:48,1,WWr19ECz/Lk+0OCLKOoRyQ
DA:49,1,dMhh+k6C+fitHH5nX1/koQ
LF:28
LH:28
end_of_record
TN:
SF:main_api/CryptoClasses/serverRSAKeys.py
DA:1,1,B2FBWJkWAyVOaWA0MybSBw
DA:2,1,7Z9Lj4ed27Wf2hBX6jooEA
DA:4,1,4n1vQlrHjCo+Rza0diN65A
DA:5,1,WeJjge1LcGypYl0rLKd+1Q
DA:6,1,sAIE1NBL4/GU5d+sRYcNaA
DA:7,1,u3bK1zPJbvMSdl71HVaR2A
DA:8,1,1lckIJnLK7lRzZNBL6nAHA
DA:10,1,o02xmyzyaMe9ABk7aSn1Rw
DA:11,1,Wb/zhKADuHtzL/t0Nb/DAQ
DA:13,1,xbu9FMLpgm7WuqN33COTeQ
DA:14,1,BQI4DE4rxQl9cA9mB4vutA
DA:15,1,sLzaRVzcFj41dKEQbjJKAg
DA:16,1,F5eayQkx/dmOnxY9wxjZtg
DA:18,1,qL5nP/mTMhceSdpPMUThDg
LF:14
LH:14
end_of_record
TN:
SF:main_api/CryptoClasses/sign_func.py
DA:1,1,4AnEmMTBjURtWWeS9bdjUQ
DA:2,1,B2FBWJkWAyVOaWA0MybSBw
DA:3,1,21ciT0SQgl8GXFJJkcIfGw
DA:4,1,7MWPwRw2rRZT+sXiuR9jkA
DA:5,1,ndAV327igAeTT6Zg7rn+qQ
DA:6,1,qWlf9jND4zVhtLQHhI4ceg
DA:7,1,4UfeSfHvCleW+qxDoh1E6Q
DA:8,1,jF9QOoofRju8U3fdJP8jQQ
DA:11,1,YFCH7W6cBtMLnUoKymxyZg
DA:12,1,CByYb7vUeHmiw7edLm0ZzQ
DA:13,1,sEoYkUoRiSTfH3OiN7/P7g
DA:14,1,p8xF3gyGo+qWi/48XpjJ9A
DA:15,1,zEQiT+gRwO3bm2sfBbL3/A
DA:16,1,aMqfn/hndS1tDm4Jbeu1lw
DA:17,1,2YS4n0yTPBU6MpSU/ggDnw
DA:19,1,L3QUsZ6NtcPHpOuwcShS0A
DA:20,1,J+4FuwS40RE6gtMpLi5PCw
DA:21,1,2j91tDWPDaeh1tVVH0YydA
DA:22,1,T/2sRmF2J31EIJV8J/UShw
DA:23,1,xvWIcpcyNr0gyGcTkdMxXw
DA:24,1,q4e/6HweyyxMjIqbBuomRQ
DA:25,1,0XVlQL2JqNs6laPHYUyjDQ
DA:26,1,NmPvBKUP4SexHSd24pDHHw
DA:27,1,uTzqV7oP5ZDfu9n6cnf0sw
DA:28,1,LVoX07Lg4lktVPEuhjYo3Q
DA:29,1,P/DtaBLdeZDYeZ5MiCScYw
LF:26
LH:26
end_of_record
TN:
SF:main_api/Email/__init__.py
DA:0,1,1B2M2Y8AsgTpgAmY7PhCfg
LF:0
LH:0
end_of_record
TN:
SF:main_api/Email/send.py
DA:1,1,5LxWZtumNYPARfjquwCvIQ
DA:2,1,piLHCd2iY7irRzUTxrbfUQ
DA:3,1,0GAutOd3oLh+YdMrkuyp6Q
DA:4,1,7dzEOaM1Jg0vtRJ75kNvoQ
DA:5,1,yu0ClCBv8Oeu6Z+Enylnfg
LF:5
LH:5
end_of_record
TN:
SF:main_api/Oauth/__init__.py
DA:0,1,1B2M2Y8AsgTpgAmY7PhCfg
LF:0
LH:0
end_of_record
TN:
SF:main_api/Oauth/google_drive_api.py
DA:1,1,sVhcI9AqpObvQlDAoXPHJg
DA:2,1,SGFkRXRXXvV2rod2E8c4Jg
DA:3,1,piLHCd2iY7irRzUTxrbfUQ
DA:4,1,0GAutOd3oLh+YdMrkuyp6Q
DA:5,1,UmdBP5BQiOefP886NkJM+g
DA:6,1,8tViYJZLV2sW17ikUi3w/A
DA:7,1,WpEjgxacqgxANZhpobgHYQ
DA:8,1,39u//4vH24B1XfbATx3YrA
DA:9,1,5hwPtyw5fWMOX90GeC1WXw
DA:10,1,OaTlemF3bXMi5MP7Db8vkQ
DA:11,1,nK2mlYXH3qVhVCXeXE8iJw
DA:12,1,OiDp0PUbAd1Xq5ZYPLIhTg
DA:13,1,XNQ1vN12eo1FkeVLGbJ9NQ
DA:14,1,jkHhMsABSAn8fG2ZAQpm1g
DA:16,1,PKb5SYKYBeLmjM7rp71Q5g
DA:20,1,HP2yRYTE2yRuyj4/PUrvIQ
DA:30,1,0TZ7yMr7xw4JK4/00GeP3w
DA:49,1,2UydE4Nnoos4KQvYrcgqdw
DA:64,1,vGb5u7eBabQSVVZRbtkqvw
DA:71,1,J0MLQyFGKAQKt6cgfviqSg
DA:84,1,XXC0rspT6ID0IqwNd33dsg
DA:92,1,6NmnF4C0HeSk3FSEIruVxw
DA:103,1,HKa39praEXTGhlQ3mpn1vg
DA:119,1,BmRfpXrJxWB/rItxyukg+A
DA:176,1,iZm3gb16UkCrWAeNbBS/NA
DA:21,0,zJyITpeFHC4o8L4eIxqdEQ
DA:22,0,yZjDJeu4S+Rs29uaw40EKw
DA:23,0,YPVNEhl0z+eyi0uKUlVkBA
DA:24,0,eLgl5Ob8s4V9ClcDc8/E7A
DA:25,0,gixapG6fh/YYCZi5dswzmg
DA:26,0,L0Iu3JJQGhCKbpTxe4qV7Q
DA:27,0,r1HBBkaZ4z5ZyZg5mUguLw
DA:28,0,FIef31OOQE11CiNuiT5aQg
DA:31,0,M7Z+s1af68iCzY90+7YtTw
DA:32,0,FKH90ackNbn8hg2o2hJyGw
DA:33,0,AOeJF1GyD/fhV7lcdjuG6w
DA:34,0,ELZ3LhthsadMLQRgpSFghQ
DA:35,0,qYIU9Mcq+AhgEpge4h8rwA
DA:36,0,e2j1tmfgSGxhnqIcN4R4Uw
DA:37,0,MS+XsoMLPClUku+xim7Z9Q
DA:38,0,FSn9vKCMw7LesEnDUHyk0w
DA:39,0,2gQ8hWPzihZiFajIV2O/dw
DA:40,0,7uim1ckdXJ8LH18ei7aw6g
DA:42,0,a687yawcIl9TPTNqoLS7tw
DA:43,0,TGAFsEHqddmz6ZE4+D4nmg
DA:50,0,BrFteVmt39R+iKBFhs+E/A
DA:51,0,x9/RL1cKgqZGs/biaptGMg
DA:52,0,apkQQtiiE4JOuDIBvLOUjQ
DA:53,0,F3SwHid4qPmhriKBOYKC8Q
DA:54,0,K4wiuKpCktWTjilMzbTH6Q
DA:55,0,8GIsipQCFSEdSdyKZ6UMDg
DA:57,0,Uujdz9/jKNJ8J19hVIU9AA
DA:59,0,KaW37cun10SebCtDWYHqJg
DA:60,0,ds2GKzaz+4qoPfvUCy6KIw
DA:61,0,3VuLMwwDSKHhLqJzk7IkGQ
DA:62,0,wpNOfGZHi9Z2y89ky5qcDQ
DA:65,0,F0xEmm5wtT4kAoRp7cWmLA
DA:69,0,b7k5idYI1wpnALyhNqwdAA
DA:72,0,ayDG0RyF4xCKi+C61K4iqA
DA:75,0,wnUd24zqPkHdH8ZHUniDfQ
DA:76,0,esNNmbvOJ3JZj66mLnucIw
DA:77,0,MVxQ5tUdO5osuHO0HiMt3A
DA:78,0,T+/R+3idZ6aD+3hrk2emzg
DA:79,0,+QN2b8RY5viYj9Aj8K20/Q
DA:80,0,U6KcSslidma3WBH881HEVQ
DA:81,0,4JA3xhsCYTdofcz9ri3NTw
DA:82,0,2B3ZhdIj6yrFrBFjm6A2Zw
DA:85,0,i572T7of23hu3mCOQDMMhw
DA:86,0,W8LuE03YLqcsTs4q9vpsnQ
DA:87,0,aSKj925PrvQ7lYoJn3Rhag
DA:88,0,sB8cdGea8XsbFTOvwnCs8A
DA:89,0,XQ0/ksUcW1lqK1Qc0zv/HQ
DA:90,0,X0ahCP/UPWGNK9bs2h5qlQ
DA:93,0,KYQ/dm0RRfO4tJcQIUv1KQ
DA:94,0,Zx/zkwV3Sg0o8cZ8EPYS+g
DA:95,0,3LPpIteZLFy2j+fJRgqgZw
DA:96,0,I4gwVxFzKrpyw90baFsE+A
DA:97,0,DWFmNtUIHZBiMrw+DvxGqw
DA:98,0,08y6ItGPLe4CPfdT7yYXQA
DA:99,0,3LPpIteZLFy2j+fJRgqgZw
DA:101,0,vq0LNDiPDbdODJoDWbJ1Bg
DA:104,0,l8xvFe8xmBhh8qA4iL0q2w
DA:105,0,HROHi6tyFDVSzKFzVoppEg
DA:106,0,B/Fo9U4/nMeRNS1JjGZVyQ
DA:107,0,1DQJURwzmd3NWHmKB6BI4w
DA:108,0,TMC77kKaC/4ljMNS0uejDQ
DA:109,0,O2YB8Erht4Rxh2imng3anQ
DA:110,0,mp+keyDpxLV238t+wsihQg
DA:112,0,qjsMo+pQuVe8FQLuvQu6PQ
DA:113,0,X7nPy+faxLXMWttjS6cugQ
DA:114,0,vy6CgW37KXB6tZmtM5IONw
DA:115,0,NBsOrJPtsQjqa1ktau109A
DA:116,0,gieThAvuPTE0KVPAmCr39g
DA:120,0,dWoBZfAGh/wI3Y10dRp06w
DA:121,0,AI8gw2vMiLVGNdzOWckRpA
DA:122,0,g50OE6L11E5Pyg9RCLWEcw
DA:123,0,K62mGMSEge9W0NsRBr3smg
DA:124,0,5Kb95NSoZHntrY4FhirQcw
DA:125,0,+Xrs3EbWrywdyhim5hyL3Q
DA:126,0,0ffysh8U0yjj00paSeZxRw
DA:127,0,n05AfdIFALNK7eRaTWeHow
DA:128,0,9vB4zCur6m2E7T2xna8qNQ
DA:129,0,m2KxJejcCcTSEESsLyPY5w
DA:130,0,vBR0ZCjLy57om7L9plkmPA
DA:131,0,KYQ/dm0RRfO4tJcQIUv1KQ
DA:132,0,Zx/zkwV3Sg0o8cZ8EPYS+g
DA:133,0,+Cg5nljthG0jFb/1TTVkeA
DA:134,0,kv8KFWKImTSFLvzcEeuVnw
DA:135,0,eJ6zrxnLWn/k18a2vHOhRA
DA:136,0,I4gwVxFzKrpyw90baFsE+A
DA:137,0,1C4OAl4p3lAjEHmXZqBnxw
DA:138,0,1bDA/oQoFj7TSwRMNp4hxw
DA:139,0,wF5KcsQMYf6PX33C/SHZlw
DA:140,0,kv8KFWKImTSFLvzcEeuVnw
DA:141,0,eJ6zrxnLWn/k18a2vHOhRA
DA:143,0,5KB6GvJ1JeG2SJjLBa57Uw
DA:144,0,xjcDBnSwra0OiNOAYAwoHA
DA:145,0,Uf6gDj6xvVaL+4EshnbLkQ
DA:146,0,toHclNN+ovKbk2guqBC08A
DA:147,0,cCzhnT+1tmGi11b28Pmfwg
DA:148,0,tWb8xR+ucUtxjOi2MINkFA
DA:149,0,tijCsyGuLrU5cqwEPeQACg
DA:150,0,2MdxI9+H1gk5L0pwsmUtxQ
DA:151,0,PGP+4VmT8KLBvxuAdB7+og
DA:152,0,RNFLWqL5RMz5S0kO6xb65g
DA:153,0,yJPGUbtJ6FQWQ2d7U2wBqA
DA:154,0,1MBl4scRcwZ4aivYiOMOmw
DA:156,0,Soc9OzDp9ZJ0V/VeTTXX4g
DA:157,0,IzK1iJS76QX/HdHwsFTaTQ
DA:158,0,M5w5/BY/9wHVDF3soSHNmA
DA:159,0,7R+pOz9R2qFP1eI9GVPdTA
DA:160,0,kv8KFWKImTSFLvzcEeuVnw
DA:161,0,eJ6zrxnLWn/k18a2vHOhRA
DA:177,0,vBR0ZCjLy57om7L9plkmPA
DA:178,0,KYQ/dm0RRfO4tJcQIUv1KQ
DA:179,0,Zx/zkwV3Sg0o8cZ8EPYS+g
DA:180,0,eJ6zrxnLWn/k18a2vHOhRA
DA:181,0,I4gwVxFzKrpyw90baFsE+A
DA:182,0,5R0xbl9aNV2spXsfjfF+3g
DA:183,0,UbI+95AgUvN6Oo/ggXOC0g
DA:184,0,+dpTUGLCYkl+8a83YM0vAw
DA:185,0,LWILTcvARcydjFFyo9qM0A
LF:142
LH:25
end_of_record
TN:
SF:main_api/Oauth/oauth_flow.py
DA:1,1,sVhcI9AqpObvQlDAoXPHJg
DA:2,1,SGFkRXRXXvV2rod2E8c4Jg
DA:3,1,piLHCd2iY7irRzUTxrbfUQ
DA:4,1,EZEzNmL93PY96zsSuI0PfQ
DA:5,1,L/jqrDHxbfUd/SDMFGHfTA
DA:9,1,WFSxMfKL9DW+sfy8jwDPsg
LF:6
LH:6
end_of_record
TN:
SF:main_api/Utils/__init__.py
DA:0,1,1B2M2Y8AsgTpgAmY7PhCfg
LF:0
LH:0
end_of_record
TN:
SF:main_api/Utils/env_requirements_check.py
DA:1,1,p7hNY1S5rX9QtYADf+cK4g
DA:2,1,lZWlnghxXqPnbTS81KSRWQ
DA:3,1,EZEzNmL93PY96zsSuI0PfQ
DA:5,1,0UjW7Co1MBouJ3Q+k69uzw
DA:7,1,Bijp/hKYWbzHbfQN+HznwQ
DA:8,1,t5YiGIFHdBv5dwTOZHyW0g
DA:9,1,mrxVsv6C8mOxaYQvt0ppsA
DA:10,1,U2diVpVD5iwuWkesRtISYQ
DA:11,1,f1PtJYlSGMGEMN35BVsJvQ
DA:12,1,B/Fo9U4/nMeRNS1JjGZVyQ
DA:13,1,Fn6/WuK4qizy7SWVAhC4eg
DA:15,1,zzmLFnwGUNFMH+9uDEJmbA
DA:16,1,Pio0eAGsL7gHMARIIe7J7w
DA:17,1,80UVC9+EfazvSWIEL1/bIg
DA:18,1,uh0vMT9dFcWIwZn+O4PI3w
DA:21,1,Vw2iPZsc14IVulmXP9iHRg
DA:22,1,1HS/MK2I7PawITc5VFY5sg
DA:23,1,/Dd+BcwGWdaraVHXjfRiDw
DA:24,1,cJlQVRvO2gCYoRRPTexe8w
DA:25,1,vCgTiLZWaiZCYjEFTsvNKA
DA:26,1,xjcDBnSwra0OiNOAYAwoHA
DA:27,1,LPSQDPCewNjAswAIg7FeRg
DA:32,1,o2h0/Si3Fr6jViCeAj+e2g
DA:35,1,2ixlwdMeRWVg/L/IYtNs6A
DA:36,1,KGD1e0wMvJahW0ozX+VKfw
DA:40,1,XjVaF3bD8fcl3xczOGspgA
DA:43,1,Jm7VvsQXaIeIdmcJyKl0RQ
DA:44,1,nUBLd/10dn7J91gLWGTW+w
DA:45,1,OZKxAW1vZG90DTEE4JyHqg
DA:46,1,ikmI6E5cl4/9m8pzy5QteA
DA:47,1,JOd3LTDqNGhBtRzFUt0hjw
DA:48,1,bOnBOD6PW/OLSPEQAOD1WQ
DA:49,1,GcYGwfd/bnR25F3Rv60gEQ
DA:53,1,FerPFjmmUFcw5v8pxMMYxA
DA:54,1,vDp3huf8yPj7/+CK/2HxOg
DA:55,1,JIBN7+XoUMFM2jmOJMWh3g
DA:56,1,OEOjgvAgAcO3ycu79UtOnw
DA:59,1,ocmmqGyqzHdFzwhxgjcWkw
DA:14,0,EUmMbTnYmuRuuNjlJ5xAfQ
DA:19,0,vy6CgW37KXB6tZmtM5IONw
DA:20,0,hzZH847yoIE9bUqi2o4XbA
DA:28,0,cCzhnT+1tmGi11b28Pmfwg
DA:29,0,y5K+AuPQkyBJz0HSFpYwnA
DA:60,0,FswzlGxQU0aY7GsRJ/FDvg
LF:44
LH:38
end_of_record
TN:
SF:main_api/Utils/security_wrapper.py
DA:1,1,tbrLyv1rCYMfxKvp2fxFPA
DA:2,1,vJ2TJo2jAHnhLfeQ7TbSDA
DA:3,1,6u1aN8qyrvuQkJW58JvkZA
DA:4,1,7MWPwRw2rRZT+sXiuR9jkA
DA:5,1,naLScdu5HsFezQ6UIM7Y3w
DA:6,1,AwpGUILSjGu34WAr6c5fRA
DA:7,1,CzkRu6HMc+tByN18vGgyag
DA:9,1,Nfqp2W/BFPng6+zNfNV6Eg
DA:10,1,tdMFlseivrMRoVCiHvnanw
DA:21,1,uLR4Zy6Vf10KYq89VxqnSg
DA:26,1,0JR4zJwIK3GB3RgjnTOo0Q
DA:27,1,KvceSsN0eVIJtYYRYOi2wA
DA:28,1,6qervl6JOmRB9P5sq435Dg
DA:54,1,lzZ3DDASCkckddKTdTfI+A
DA:58,1,OXsuV7IQkdudZEmoY27kLQ
DA:59,1,r52+Fw+TBGUtqq7XfLNVEQ
DA:72,1,uLR4Zy6Vf10KYq89VxqnSg
DA:75,1,V+hi4NOb+TcbtKStXMHZsQ
DA:76,1,u7pVNoM4jbx2C/uVCXuIVQ
DA:77,1,cyQIVHu8TOgZd+5/utUQ6w
DA:84,1,uLR4Zy6Vf10KYq89VxqnSg
DA:88,1,jYMyCIBuMRfQspnNkHeuJg
DA:89,1,RF/E2x1gxg0MI1EJW92zDQ
DA:90,1,cyQIVHu8TOgZd+5/utUQ6w
DA:106,1,uLR4Zy6Vf10KYq89VxqnSg
DA:11,0,xjcDBnSwra0OiNOAYAwoHA
DA:12,0,83R0m+it2Xdr8Y6ePpOsdQ
DA:13,0,3YMCPDRRiTd7NrrdXZvSGQ
DA:14,0,Ktv/9aIelXfD0j5d/lLm/g
DA:15,0,GkWFxWPiJVKxQdUgcsN+Ug
DA:16,0,vNxXaSZif7ymBU7gupcAVw
DA:17,0,WERs74IvOYlwretRa3dWdQ
DA:18,0,1FIsoLz59B6LYjmRR/vCzQ
DA:19,0,qO897hBacRz7XKbXFxtIkQ
DA:20,0,RamEThKyBoTL2sGWl1QfGw
DA:29,0,xjcDBnSwra0OiNOAYAwoHA
DA:30,0,tOGMmrePqG5tzWlQbi8WXQ
DA:31,0,3YMCPDRRiTd7NrrdXZvSGQ
DA:32,0,AXtBcY5IeQrneW5MFHY5ZA
DA:33,0,YB6Rm2hKPVvRncqBGIV54g
DA:34,0,xjcDBnSwra0OiNOAYAwoHA
DA:35,0,JJFz6gs11EiglosqMNlMbA
DA:36,0,cCzhnT+1tmGi11b28Pmfwg
DA:37,0,A020TqYica0+Uw+YboUb9w
DA:38,0,YB6Rm2hKPVvRncqBGIV54g
DA:39,0,BXCtezk7kf7bumWusOHjsg
DA:40,0,I6fghfABw/4/AJl31uxt3A
DA:41,0,ZwFk+5bDe5BoHC/FtYa7zg
DA:42,0,YB6Rm2hKPVvRncqBGIV54g
DA:43,0,MW7JVuzAmrGMdj1nO+JPWA
DA:44,0,cdtPovnNNrTHPBGAA2S1dg
DA:45,0,YB6Rm2hKPVvRncqBGIV54g
DA:46,0,qtwSgIY12QJFIOHJ3AfQmg
DA:47,0,5M1ibH7yk/F4mI+f5/ra9A
DA:48,0,YB6Rm2hKPVvRncqBGIV54g
DA:49,0,Ux8H9JcrmHclhsx85lpLKw
DA:50,0,qnE6UZLVsiEgG6Umvm1R8w
DA:51,0,yBvvPzLbGkUaydtTrtVm3Q
DA:52,0,Zbz5TNYCfXh5oV0M9InRdQ
DA:53,0,RamEThKyBoTL2sGWl1QfGw
DA:60,0,xjcDBnSwra0OiNOAYAwoHA
DA:61,0,83R0m+it2Xdr8Y6ePpOsdQ
DA:62,0,xxV7wtltnIG5WNUTv4d1bQ
DA:63,0,wbsqt46T4zit49ZfDlzSmg
DA:64,0,TDg38o5zWs+l9B88pDSAoA
DA:65,0,Bsn3vgBC15cMNOBiosfW2Q
DA:66,0,wbsqt46T4zit49ZfDlzSmg
DA:67,0,Z8l0942gjfsgdx5hDFZasg
DA:68,0,OypaOYyU98Ds4QOa4fNNUw
DA:69,0,3YMCPDRRiTd7NrrdXZvSGQ
DA:70,0,Ktv/9aIelXfD0j5d/lLm/g
DA:71,0,Ozs4gMo18iq/EUKb0Wvhcw
DA:78,0,BXCtezk7kf7bumWusOHjsg
DA:79,0,mIl6ZLuRcqbJrd7REY1alg
DA:80,0,Ktv/9aIelXfD0j5d/lLm/g
DA:81,0,WLVGQo75KpA9EN/xCsxhaQ
DA:82,0,kGdBM1uTl32skpqlyqLspA
DA:83,0,Ozs4gMo18iq/EUKb0Wvhcw
DA:91,0,xjcDBnSwra0OiNOAYAwoHA
DA:92,0,Ls5eXzbkQnygPYNSjzSuVA
DA:93,0,3YMCPDRRiTd7NrrdXZvSGQ
DA:94,0,Ktv/9aIelXfD0j5d/lLm/g
DA:95,0,GkWFxWPiJVKxQdUgcsN+Ug
DA:96,0,axmDa9pf/zQVg8QCKdkSEw
DA:98,0,vNxXaSZif7ymBU7gupcAVw
DA:99,0,mAkRpiiNoeQV81sgcUHG4w
DA:100,0,JCJfbIzdKOdOYlO+sHwx/Q
DA:101,0,A6dnE8SCfHGpJ5VKntkmwg
DA:102,0,JSG2tu+0Gvd4TiugvdtctA
DA:103,0,bxikCnvXJyJeSakoooexpA
DA:104,0,yBvvPzLbGkUaydtTrtVm3Q
DA:105,0,RamEThKyBoTL2sGWl1QfGw
LF:92
LH:25
end_of_record
TN:
SF:main_api/Utils/utils.py
DA:1,1,p7hNY1S5rX9QtYADf+cK4g
DA:2,1,Shvq37pzGRZQdHQ0Erd2gA
DA:3,1,0GAutOd3oLh+YdMrkuyp6Q
DA:4,1,L/jqrDHxbfUd/SDMFGHfTA
DA:5,1,o0mwH/nhpIXLEyrA6DfUDg
DA:6,1,qCFAv/LcKTum59r48x+yeA
DA:7,1,UUo9AtzsPtnWzQ4HihtgnQ
DA:8,1,do6j84Dd0lXBxx1Fowhxug
DA:9,1,Y2Lp+W7xhHtEMHzBbk+tMQ
DA:10,1,XNxTDLqqpbmusG4JYm7wCQ
DA:11,1,uIoXnsTeJ6hJz6sEBFUrIg
DA:12,1,7Z9Lj4ed27Wf2hBX6jooEA
DA:13,1,LI/UZcTiTirmY83A5Kroug
DA:14,1,oxz3qDoPM08acbPaHubNfQ
DA:15,1,jkHhMsABSAn8fG2ZAQpm1g
DA:16,1,BOHT0zHIbiL67ZrjDJ2W7A
DA:17,1,K+BLIf2hpSDQQJ2Qf8/ltQ
DA:18,1,cIfYUxZk5Om9OlWdftFzIA
DA:22,1,Lb1D46aWG6tMqM5IiMjSsw
DA:23,1,PdeqDqr4bOft68ON3+/7kg
DA:25,1,A0+vv7LEVT9OmaiBeoz6fw
DA:26,1,Pdj09qw8aSGTE9L1+nppBA
DA:28,1,W2vSyrC/16jBzxi06FD6RQ
DA:35,1,lCF/cUUx/HSa+uhGE+n8yQ
DA:40,1,K3XFf2ISJO+jFnNE09fX4Q
DA:46,1,+Dy9+dL+Gtf8qK7aYPAOzA
DA:71,1,ogO+qevF3gwtGFgpMP+y7Q
DA:81,1,3z9jFC0qvkIrZ5PX2k0pxg
DA:89,1,tpeDkdzUWV1Mspotx6nfXA
DA:100,1,6hgvoKj3K1eYkupHuDYRxQ
DA:114,1,WRPmBzqc/n0dGi9Ii8Rtpw
DA:133,1,00z1s/BAYXdIWLP+TIbscg
DA:29,0,7mgnatT7GSLaV97u6B2F3A
DA:30,0,CyHnvWb6RzpW+nR2PxkLhQ
DA:31,0,W/g8GJDAYJkSSurt59Mzfw
DA:32,0,gBPgfyI09edKtmPdD+VsLA
DA:36,0,aAxyCkSDvOcxp0Q02Z3pxA
DA:37,0,KfXrzubvnLw6iXdEMO4PMQ
DA:38,0,KtAqilC6DKKubQTfFG7fKQ
DA:41,0,Krr5bthtp0YL0s434CQ3Ng
DA:42,0,wABBlD6vpot5lBj3YlyLJg
DA:43,0,oWHmHQyChzTJixatNXmy3g
DA:44,0,Tlgt45NjNNHojF/uO7ZfNQ
DA:47,0,a4N9uTzaMjsYrUio7dysgQ
DA:48,0,xALbw3i40MxLL3uSnDmRmw
DA:49,0,VeaP0pjozzMp/+bRvsUUGg
DA:50,0,EJggJ5nvX8SZQf3EDH4nPw
DA:51,0,2KsFDcrUCXjq8Ew+K0H2qg
DA:52,0,sOvtOfk75TbAtTgkgicGHg
DA:53,0,bqWIQ4iNIppF/C6QJRzKhg
DA:54,0,xjcDBnSwra0OiNOAYAwoHA
DA:55,0,bOGEogzsJAsrTCx2A9j4Ew
DA:56,0,cCzhnT+1tmGi11b28Pmfwg
DA:57,0,ACa0mVIizuY7cYWCxWp61A
DA:58,0,NyMHLJ+1uXrY9HAZxOfe4Q
DA:59,0,DqHnqRT8GW+B+N1oae6eJg
DA:60,0,lBJ7c8E6LiakOABBtpUt6g
DA:61,0,iTRa+9OyBZgFR/QIIh5C6g
DA:62,0,OYXuK6v9tXyDyOKXsOHUgA
DA:63,0,fHOCOa/7jsx7BAktpQ1PPg
DA:64,0,fZhY75yzdRRWU+DJRvp9eg
DA:65,0,eTKbeNhjD3B4nJsc8OmwKw
DA:66,0,gijszBLTA6CZhFhpIT6oZw
DA:67,0,vGuDlvPvKTHSPNeurZ7nHA
DA:68,0,eAir5kbf5ErwFZWBzPJ3uQ
DA:72,0,hmBJ12KzK7JeR7XeaUTiwg
DA:73,0,jR3v0RJf9l3L4cp01/I6uA
DA:74,0,oPZ43+muQLfFaUnxBQYnwg
DA:75,0,fS0jPYo9JeAKqWK5HO8Klg
DA:76,0,od1MzEJ3fArnjWiFYX+4Iw
DA:77,0,5ZvN7g7o+Bji7GhA81AFyw
DA:78,0,L5Il1Uvog0zGcQXhr7/gWQ
DA:82,0,Ie1+ujAV/O86OqLGy6DzXQ
DA:83,0,zjZAy2j5yxtLWg59sDNSgA
DA:84,0,JkQLP26lcl94WN61PHxpew
DA:85,0,BCN+RQPS2QE5S6x4JhCgIg
DA:86,0,TucSOhrnFFgb5J++0G/DIA
DA:87,0,TbEuSQqSJRIUbVosmIl2mg
DA:90,0,/JqCedF8nNrNlVmCj9jhSg
DA:91,0,VA24uhbgD5YwcnOMmxapcw
DA:92,0,Q3sy89+ZW9wu8aDFMQAooQ
DA:93,0,B/Fo9U4/nMeRNS1JjGZVyQ
DA:94,0,uAL594UwDULA7qoxeZfv7g
DA:95,0,vy6CgW37KXB6tZmtM5IONw
DA:96,0,C+0Jt1wpuelpgTcug1ds4g
DA:101,0,B/Fo9U4/nMeRNS1JjGZVyQ
DA:102,0,P88lNJwhG70MXUkFzZd5fA
DA:103,0,OH3F+OPc7lcnX0sWby+Qgg
DA:104,0,JaBmIXfBL4EsyBe0PyQXkA
DA:105,0,WGkbbPWpml5XmLt3GBa70g
DA:106,0,c1aorPlxquzcsdfAZK1i3Q
DA:107,0,sP6mSv24ayC4cysdZ3es/Q
DA:108,0,WGkbbPWpml5XmLt3GBa70g
DA:109,0,z4aCQnFaNe+Q9/BZwFC6vw
DA:110,0,vy6CgW37KXB6tZmtM5IONw
DA:111,0,OWvWwnTUp0VNtYPgO6mPsQ
DA:112,0,bCOjl09i3tY/0EgTfjwHeQ
DA:115,0,j2tHjkx3DJnpjKqt1GvTIw
DA:116,0,xjcDBnSwra0OiNOAYAwoHA
DA:117,0,56lrBNQyX3jtA1jF/4nd8w
DA:118,0,7N/JFuOs+JgNw/t49ouLjw
DA:119,0,z1FY6hyPBCbZwMZY9KnRLg
DA:120,0,cCzhnT+1tmGi11b28Pmfwg
DA:121,0,kycMaH6XbPuAfUpgfG1Lbg
DA:123,0,tKzWR6UtQTfpPuOc8RJudA
DA:124,0,Ver8aAbBcR0pbZ1gmCCGww
DA:125,0,AAZMAMnddZvV/gGKSD4EOA
DA:126,0,QvkPuAzBpzmgkSiNhuVLEg
DA:127,0,E4ZujyyKtWYM0gDDZu22Dg
DA:128,0,w+7FakQAe3u8A02DVC+UXA
DA:130,0,tGcA4hroapnU/QTBQVLReQ
DA:131,0,apkQQtiiE4JOuDIBvLOUjQ
DA:134,0,bx7ehItZ1qW7tReXFw/aKQ
DA:135,0,uBwI8KCYetaupvuT3/G6ew
DA:136,0,9LylwNny9SCzVYf2kuWLzA
DA:137,0,DmMq6Ke99bwp3yod48M7JQ
DA:144,0,B/Fo9U4/nMeRNS1JjGZVyQ
DA:145,0,r8vzorDFGDOyIa51unsIuQ
DA:146,0,OhWQti7tBfP3XXqbbsEryQ
DA:147,0,vy6CgW37KXB6tZmtM5IONw
DA:148,0,zcJ4p/28/5VD43bU7ONnMA
LF:121
LH:32
end_of_record
TN:
SF:main_api/__init__.py
DA:0,1,1B2M2Y8AsgTpgAmY7PhCfg
LF:0
LH:0
end_of_record
TN:
SF:main_api/app.py
DA:1,1,6u1aN8qyrvuQkJW58JvkZA
DA:2,1,VyM2co73x4xoS5Xh0kmdbg
DA:3,1,piLHCd2iY7irRzUTxrbfUQ
DA:4,1,IhBvtmulCAFl3nq9LdTkKw
DA:5,1,KZnzadKuJGYPcZGjFbnXWg
DA:6,1,E4/YiT4oZzzOzUQv0oPPpA
DA:7,1,tegVp1nL8UttcHSYNdx9yw
DA:8,1,0GAutOd3oLh+YdMrkuyp6Q
DA:9,1,YfNjf/lR08q7la6j9dr6QQ
DA:10,1,Crs4poHt2n0Eqe82Me4XkA
DA:11,1,vwZR7h7Hl/6jh8c81+LFCg
DA:12,1,LVIdDxkVRN35/wddeATrow
DA:13,1,WpEjgxacqgxANZhpobgHYQ
DA:14,1,izOLLqMpR5GIfBKBRtX6DQ
DA:15,1,Zl9WeAj24+MbRYMfrwRezA
DA:18,1,zC8PUby5bcLwcQiPOrFkIg
DA:19,1,h+ZWJDUrsSoUcUrCymPhNQ
DA:20,1,GVeU1X37FTq5kxMVMeoiVA
DA:28,1,UgeQqA+mzReAAjQIlIgeQQ
DA:30,1,k+n2uxSIGj/yrz75AgZckA
DA:32,1,2bWiJYJ0D9wuG9294koF7g
DA:33,1,8SvdG9r2GATbUoOcedgXMw
DA:34,1,wVu8KPCQZyhY6IyLy+oEvw
DA:35,1,yvCDMu8+6tVSv97h8jJlVA
DA:39,1,QJByk+CqZhk1aqZBNhZ/kg
DA:40,1,OxpDObr4JpLqxCDrRNzNjA
DA:43,1,aj50eMeNtBo3pt8txdoseg
DA:44,1,v18FXR14x0PFVUh3qT39pw
DA:45,1,AolzCy56I8KTGpVPNK4JuQ
DA:46,1,4yLh5rlNY9tifUVWCpFHEA
DA:47,1,JFLhC08iHyYsuBrqwgps1g
DA:48,1,debBqzrHGXxOa9mzc2iNYw
DA:51,1,b6TSF39xIuzmQXmnAO0zBg
DA:52,1,jLF54UtD9FEgO0O9ENiTbw
DA:64,1,HtN2cjs8jJAsAJeRCrTRRg
DA:65,1,xDytOknwi2yGP2U7Wh3+GA
DA:73,1,ViT56XB/It28G7IwAKI2EA
DA:74,1,knRQghlA1E3OEphUTKVj9A
DA:83,1,oiBoFhEu3MG4oMxkTq8Mww
DA:84,1,Qfw7mXbM4h8l0/8E2BuzDQ
DA:92,1,xQVNdxAJxuGw1z9RcZmDQw
DA:53,0,O888s3zhX5Nc+nokXF/Cng
DA:54,0,X5bEImMx5ASuRYXarghAwg
DA:55,0,NCF5iqeiVW2cwQVvgl2WJQ
DA:57,0,CMjBjRNeSr8xh2PLoEiMZQ
DA:58,0,MQzYBCxvzs4Rx0yNlXsTYw
DA:59,0,URcjBHp6WQTPqs+ug87v8Q
DA:60,0,1WuC6hgPmuBgVWXXZQQoyg
DA:61,0,M1woIFFYepULZmbMCFH9/A
DA:62,0,tQlZRUaIs/61I4SafYW5HA
DA:66,0,O888s3zhX5Nc+nokXF/Cng
DA:67,0,JoMJfqKknhFc/PHiUBuRLA
DA:68,0,x3byS8swQWLr/E9t+MLl/Q
DA:69,0,DtFpxXLW6xWm/SeHTneEhg
DA:70,0,H0B6fjmyBH040tkszC128w
DA:75,0,1hhunZ7RrWrlHAp1gjdCqw
DA:76,0,uknh0hlbdtr6MHJkqdp+Xw
DA:77,0,W7OuUXZdC7ESDDjw73dtiQ
DA:78,0,uRRQ4DH8ixMn/naU7RsuPg
DA:79,0,mKltVBpUyTzvn1QO7eDytA
DA:80,0,reksjJf4i4yEuqu3DajUdQ
DA:81,0,QeHqwa0fpC84VEES633LxQ
DA:85,0,Qd4gG7UQEl5/hD5GGIZKbA
DA:86,0,dsJKlgMyW9G5oBUMGq4TEQ
DA:93,0,7LTXwa3AKt0mSgMMIoWOzg
LF:65
LH:41
end_of_record
TN:
SF:main_api/config/__init__.py
LF:0
LH:0
end_of_record
TN:
SF:main_api/controllers.py
DA:1,1,5ODG5G2HTNYpXc6i5zBvlw
DA:2,1,5ToG8hljxwdtUTSEuGM1nw
DA:3,1,6u1aN8qyrvuQkJW58JvkZA
DA:4,1,OaTlemF3bXMi5MP7Db8vkQ
DA:5,1,tbrLyv1rCYMfxKvp2fxFPA
DA:6,1,/m7AS5WQnlwp+bzuO2psUQ
DA:7,1,m7rFZlk1EP0i3DOf7wmBsQ
DA:8,1,XNQ1vN12eo1FkeVLGbJ9NQ
DA:9,1,K6un7FH7NgN+808ARCQ/2A
DA:10,1,m9D8rhFfxsMq4lZX31tvAQ
DA:11,1,BPjrbrg0HkBQfQNqSIcYtA
DA:12,1,naLScdu5HsFezQ6UIM7Y3w
DA:13,1,7MWPwRw2rRZT+sXiuR9jkA
DA:14,1,z5YGJvwWdk4xrvJpRoy/Cw
DA:15,1,naLScdu5HsFezQ6UIM7Y3w
DA:16,1,ZB1QEoifE8St3YEIxmGKbA
DA:17,1,AwpGUILSjGu34WAr6c5fRA
DA:18,1,CzkRu6HMc+tByN18vGgyag
DA:19,1,BOHT0zHIbiL67ZrjDJ2W7A
DA:20,1,yiz+n9ZjRPehsp2MELsNxg
DA:21,1,WFysExdOcWKIkyHM6DFo0w
DA:22,1,mnLWcqRKXrVgd7YDs3SF+g
DA:23,1,WFysExdOcWKIkyHM6DFo0w
DA:24,1,+iSDyUqh4kmoKWyECIvI3w
DA:25,1,36nq6ftMLVSqyHhGS9TOXA
DA:26,1,7Z9Lj4ed27Wf2hBX6jooEA
DA:27,1,ndAV327igAeTT6Zg7rn+qQ
DA:28,1,L/jqrDHxbfUd/SDMFGHfTA
DA:29,1,Yfu0RrEFIK3i65FGVo0wOg
DA:30,1,8/DPjtWdo8z1/SINFFKe8w
DA:31,1,LI/UZcTiTirmY83A5Kroug
DA:32,1,rMpFPmutzjzVmuKEKut3ig
DA:33,1,Zl9WeAj24+MbRYMfrwRezA
DA:34,1,zyZgoM+E8Ui7MCtwqiF+Nw
DA:39,1,QUpBppSNX5ZGlJFUJuhYRQ
DA:44,1,pnDx2WRL4DXRRyVEcDUscQ
DA:113,1,zZYf1j/LwIXHZdLIpwYf1w
DA:166,1,nS2SFLPktbQSPQMZs83bhw
DA:187,1,pBFUfrQg3Ob1bJsVEH1sEg
DA:188,1,nVHqfQ7N8gVTOI6W3D9yEQ
DA:201,1,pBFUfrQg3Ob1bJsVEH1sEg
DA:202,1,BKo9qwb0hm9bwt4GMLjszw
DA:217,1,pBFUfrQg3Ob1bJsVEH1sEg
DA:218,1,P0TGSFPzlUfr+0eNitmIJg
DA:238,1,pBFUfrQg3Ob1bJsVEH1sEg
DA:239,1,D/2S0/cxrh2sQqtv1JKmXg
DA:259,1,pBFUfrQg3Ob1bJsVEH1sEg
DA:260,1,53sQWC7/grDANIJ//sea7Q
DA:274,1,pBFUfrQg3Ob1bJsVEH1sEg
DA:275,1,kEcmZLsvlcwjXMqTgXy/4A
DA:287,1,XmF+fZB8zQqdrP35Ljxlxw
DA:288,1,T0TYdXf9DLXOnoujX2Nlsw
DA:320,1,pBFUfrQg3Ob1bJsVEH1sEg
DA:321,1,XH1mWvozqWG3Nn8kLG4yQQ
DA:338,1,pBFUfrQg3Ob1bJsVEH1sEg
DA:339,1,XEiSY0Yp+RVp9NrcunJgOw
DA:415,1,pBFUfrQg3Ob1bJsVEH1sEg
DA:416,1,vBmBFD7BcMQuxNli+8R0eA
DA:436,1,XmF+fZB8zQqdrP35Ljxlxw
DA:437,1,4f7BwgoGkwbIjSPLx4orVQ
DA:446,1,5zSG92nQs5y6/nVWb112uw
DA:447,1,5GJQWMe6mRRmNdebaRbppA
DA:460,1,l7RyuJf6r+bOzTi3hRssBQ
DA:461,1,76nQzDxuFBntreC2HS19GQ
DA:487,1,m3m/Q5g0BqN5FFzFG+dV3A
DA:496,1,pBFUfrQg3Ob1bJsVEH1sEg
DA:497,1,NKHY9wbPKwSBiaY367mrZg
DA:545,1,pBFUfrQg3Ob1bJsVEH1sEg
DA:546,1,eEfLYTXQJrA8p36x46pLaQ
DA:555,1,pBFUfrQg3Ob1bJsVEH1sEg
DA:556,1,vIt4Bb31Cs+uLUdDFwO4Eg
DA:580,1,pBFUfrQg3Ob1bJsVEH1sEg
DA:581,1,gHWLuB0AdXsHPOyg5TC5tA
DA:613,1,pBFUfrQg3Ob1bJsVEH1sEg
DA:614,1,el9qMkDQzvBIGn2eyrl8iw
DA:642,1,pBFUfrQg3Ob1bJsVEH1sEg
DA:643,1,XonSc2aWMmVWWVhAf6DlnA
DA:672,1,pBFUfrQg3Ob1bJsVEH1sEg
DA:673,1,//3DHTRuLvGennEljH9dQA
DA:729,1,pBFUfrQg3Ob1bJsVEH1sEg
DA:730,1,2ZMFN4JGwJyJ1lqrAbvd6w
DA:757,1,eT0Ez+2X63ks0ChOYEcyNw
DA:758,1,rb6lHfKTffQwx50psb/1Wg
DA:778,1,5zSG92nQs5y6/nVWb112uw
DA:779,1,XBQUQoanINNGVJgrqR4maw
DA:802,1,5zSG92nQs5y6/nVWb112uw
DA:803,1,MFybu/Uhlv6jS+0a83k2Rg
DA:827,1,XmF+fZB8zQqdrP35Ljxlxw
DA:828,1,L1ufeX1o6sIXOEtJ1+V2TA
DA:849,1,XmF+fZB8zQqdrP35Ljxlxw
DA:850,1,MUUFQhtuMBOXTWzfa8/oSQ
DA:879,1,pBFUfrQg3Ob1bJsVEH1sEg
DA:880,1,ffPFdXi0pLbYEVWE15bz4w
DA:40,0,uJgHHih2NVBBJfYCReGT4Q
DA:45,0,B/Fo9U4/nMeRNS1JjGZVyQ
DA:46,0,6v/bcxHvpJJEJCAhJDTbPA
DA:47,0,GIMzfl2k1qv1GDfAuX+l8Q
DA:48,0,8UEWO/6n7wiJrYbpPmXSbQ
DA:49,0,49qN5eHM9/L9/6G++3lLlQ
DA:50,0,A2iwYw4TVnUBVAtM5VIFew
DA:51,0,mKA5ICPJxS4WzBOF6ryHNA
DA:52,0,Zns24XTo9RdkxxpX7aPPpA
DA:57,0,Oj71Wi7WZuyeVyAchj+j1w
DA:58,0,Qx5m7Fk6+EyIzY9l5wtwkA
DA:59,0,eG6MZIvJOPRfjL5VL9agug
DA:60,0,4zcn4idruSqgmUiJ5Gx+Wg
DA:61,0,TK0R7VR7FZNqasjh+q+v0Q
DA:62,0,0nTLF17tUpo1FPqqklsplg
DA:63,0,QakQNTXqfSICOqei3DLqkg
DA:64,0,0wDm+u1jEtCLieenAdlvzw
DA:65,0,H+jc4ct1Fc61vltBrFiCcw
DA:66,0,BQwE6JqxWaFLnDBcWMh+tg
DA:67,0,cZyKwz7oKEE5JN+gdtRTrQ
DA:68,0,vLbzFWZQI292U4daP3oMpw
DA:69,0,cfZZBRcXvXoW/hhlBQkKFQ
DA:70,0,4O75xIDEZeniFUa5Ln+iwA
DA:71,0,xJybeexvdfwPetv3pBIdJA
DA:72,0,cj4OtzmuFEaurcz8F09OhQ
DA:73,0,nAsk4dEF0mZNzxlS21V9Yw
DA:74,0,ySeYtTGBQzdDnfbho820OQ
DA:75,0,9la5yyDFrtu0DccCpoQVHA
DA:76,0,vy6CgW37KXB6tZmtM5IONw
DA:77,0,EN8tFC48gEIRdhg+bKd40w
DA:78,0,ognUvPoHoirRL+LU2jOWDg
DA:79,0,B/Fo9U4/nMeRNS1JjGZVyQ
DA:80,0,Ir6XrFXBN907cl0AEANZSQ
DA:81,0,Db+FP6jOXSnhC0cHr6KlMw
DA:82,0,vy6CgW37KXB6tZmtM5IONw
DA:83,0,aWYbHImL5PtADsz+YEzKAQ
DA:84,0,okg4m0U0+9LKHCxnoVx2ZA
DA:85,0,/6vLw3Ewuw9/LM0EBiDM/g
DA:86,0,xjcDBnSwra0OiNOAYAwoHA
DA:87,0,k/qFJhAF2hCSCZU0yPbu1w
DA:88,0,g7dbzn4PoAl6CPEFVr4bUg
DA:89,0,cCzhnT+1tmGi11b28Pmfwg
DA:90,0,ri8lsUCc6b3AeYTxdz95zA
DA:91,0,M25mQQRQdPsprEEKkvwJmQ
DA:92,0,AAUZwYQlwV9Mg6Bpjz5+5Q
DA:93,0,gPgLx8ijSij0rH6+X6KtSA
DA:94,0,Uk1iEqLYWHwxE4nbWtF0CQ
DA:96,0,L/f7TFAMQEWr5dLP7J4Ssw
DA:97,0,rG7tOMO/Ml8AH8KhdE4nHQ
DA:98,0,dDTtamhsuIlS3c39cxYoWQ
DA:99,0,ZIFNu+JIgFRIOCDNiFQ6VQ
DA:100,0,oNoxoL3mDWUVhRmdTRSJlw
DA:101,0,DB0Lg9AcXb0YB2smekhnMQ
DA:103,0,66rOF5pvJTp0+bHVpweBVw
DA:104,0,3sBLG7htlhMdAtRdeid0FQ
DA:105,0,tir1xU6LH8aPyHwjjsPUDw
DA:107,0,gYqT/wt+7Wh8P7bqmck9IQ
DA:108,0,okg4m0U0+9LKHCxnoVx2ZA
DA:114,0,FZwNHQbri2mzitr9WQHtdQ
DA:115,0,FZ5Gcthem/GdKRkj63QRwA
DA:116,0,gFkOzn2UyuB8zIeSHGJPKw
DA:117,0,9KC2kXMu5eaMZ2QS3YXFeg
DA:118,0,9tLAV1j25ctkxSY/iTM7sg
DA:120,0,oDzn3zRcEXp9M5Ejf1SqHA
DA:121,0,B/Fo9U4/nMeRNS1JjGZVyQ
DA:122,0,6v/bcxHvpJJEJCAhJDTbPA
DA:123,0,8UEWO/6n7wiJrYbpPmXSbQ
DA:124,0,GXplPNqLR8fkYJ4AUxy2rA
DA:125,0,vy6CgW37KXB6tZmtM5IONw
DA:126,0,omiPhIW04/tJiptTpHm2+w
DA:127,0,ca2jOOqra3XPuBE4KYFbHw
DA:129,0,usQOS5oTAf0kA+HVnVapGA
DA:130,0,Rm21U+hp7wAQHKDdzauXbg
DA:131,0,Ga/OkHZgK1Yu6W5T6sNvNw
DA:132,0,/IZGNMaClHRRHkC1jB22Bg
DA:133,0,QakQNTXqfSICOqei3DLqkg
DA:134,0,0wDm+u1jEtCLieenAdlvzw
DA:135,0,4O75xIDEZeniFUa5Ln+iwA
DA:136,0,j1y1FlQ9TEd7X7jNRIZ8ew
DA:137,0,uA3YyG9logAmft0nMLtSpA
DA:138,0,Rwybtq0ev2DCZtz6YuSF+g
DA:139,0,XGD6NN3KQMWtIYi94xggAw
DA:140,0,1Yrly00DiQ+gh8DcvlSpdg
DA:141,0,nYRDRmrjVWaAlaqguYrewQ
DA:142,0,+jO5AvA1aQwDhsGmYTL5Yw
DA:143,0,Gav4iNH64nUO81kiqdgd/Q
DA:144,0,OWy8Ddis01WsHJhFvzpt6w
DA:145,0,7aqBApgNNVTjCQcdByZV+A
DA:146,0,1Yrly00DiQ+gh8DcvlSpdg
DA:147,0,Ly3FXIjmsXaqfmWn13THOA
DA:148,0,+jO5AvA1aQwDhsGmYTL5Yw
DA:149,0,ylUMkkaI0PwU5/mtf59+ZA
DA:150,0,YOpUIHMQIhQA+rVcvWRuyA
DA:152,0,gFkOzn2UyuB8zIeSHGJPKw
DA:153,0,BGfrtezm5f9rcBjVJM5nuQ
DA:155,0,ydMjSk667dM8ruu7fijM9Q
DA:156,0,bsxjAC80jwjnd35e2WkNFQ
DA:157,0,SqjqgE9ZcsAGuyXaPI871Q
DA:158,0,Hyhqi9b+UejTv8xXkjNMPw
DA:159,0,5oTsP6tpwc635vIeRqqgFg
DA:161,0,nh6O7sqOjQxe/pPogAGEzw
DA:162,0,IN+g+4r1VgKIAvpDhZ9N1g
DA:163,0,J1CXhXB2U5l2x3kIX39sNA
DA:167,0,FZ5Gcthem/GdKRkj63QRwA
DA:168,0,FZwNHQbri2mzitr9WQHtdQ
DA:169,0,gFkOzn2UyuB8zIeSHGJPKw
DA:170,0,9KC2kXMu5eaMZ2QS3YXFeg
DA:171,0,9tLAV1j25ctkxSY/iTM7sg
DA:172,0,ux3o6OV2Enmf+AuPE709YA
DA:173,0,KETo7aU3zhAXDIM60A02Zg
DA:174,0,QakQNTXqfSICOqei3DLqkg
DA:175,0,JQI9Sx5mvH7sVuof24FhPw
DA:176,0,/6vLw3Ewuw9/LM0EBiDM/g
DA:177,0,IPLnZuCJKGsvo/4UREkOTQ
DA:179,0,esZJieIohnev/ZU5kPOQxw
DA:180,0,mslhrnvCA50pQdpcMFrgHw
DA:189,0,F6UJ8NfoPT9WRWu+NybyIw
DA:190,0,u4Nl6WxudZ8+2k9fprmR/g
DA:191,0,icr6nQTTbdRyihZHLzoRRA
DA:192,0,YClPQzIFEkcmy70fPnJ0ow
DA:194,0,Uf8ZSJBhjWXlVGqaBBCn5Q
DA:195,0,EcB+UL1oPorgoXMCJvxF9Q
DA:197,0,ePM4yDPJsik0TtyKhFGhsQ
DA:198,0,spnsx1HCy6D2mlA3/s0YIA
DA:203,0,wuYRPAQPfDBMbqgk9pcu2A
DA:204,0,PTK/Y16lb/Q3TAc7+3JwZQ
DA:205,0,21lCLdumzBN86OKdDuk3Ew
DA:206,0,F6UJ8NfoPT9WRWu+NybyIw
DA:207,0,jniPqmJVmhs/Qo+duGsJtQ
DA:208,0,YClPQzIFEkcmy70fPnJ0ow
DA:210,0,hud9vFZkTrBSiB2yXdFEXg
DA:211,0,uiyXjSlCx7Zzzo0AHBrKrA
DA:213,0,GUesJ9+09GmAyH7hd9tGYw
DA:214,0,1MJDz5FFtpMeNewosat2Og
DA:219,0,atTSrxzVHmb1TPWzGmkkYA
DA:221,0,F6UJ8NfoPT9WRWu+NybyIw
DA:222,0,wX21m0Hi35H45Bj11jH0og
DA:223,0,9ocm2ouezZI4SSjRfxdRrw
DA:224,0,FbzqgqsB8Uqp1q+/f0biVw
DA:225,0,YClPQzIFEkcmy70fPnJ0ow
DA:227,0,uKcwC0otXqtlAxo5ANpJjg
DA:228,0,qopGBFf8qHwsvh2NN6/nyg
DA:229,0,spnsx1HCy6D2mlA3/s0YIA
DA:230,0,3UEv7plvhVvjDUAZV9Behg
DA:231,0,XbtLoSwRba6Jun81OSus2A
DA:232,0,Oq7qZ0LQEofox92uFT5lJg
DA:233,0,eue/Ui70yS22PkMbilP1JA
DA:235,0,TNcbEiw7+6PxpP73o/tMUQ
DA:240,0,PTK/Y16lb/Q3TAc7+3JwZQ
DA:241,0,21lCLdumzBN86OKdDuk3Ew
DA:242,0,F6UJ8NfoPT9WRWu+NybyIw
DA:243,0,wX21m0Hi35H45Bj11jH0og
DA:244,0,9ocm2ouezZI4SSjRfxdRrw
DA:245,0,kfOW/lTiaDs6X+tYufjmRw
DA:246,0,YClPQzIFEkcmy70fPnJ0ow
DA:248,0,uKcwC0otXqtlAxo5ANpJjg
DA:249,0,dmhzSHYcf36McZxYDcTSWQ
DA:250,0,spnsx1HCy6D2mlA3/s0YIA
DA:251,0,jlCYgex8VnaPZ3OdZ1/IFg
DA:252,0,0p5bZT0I3tgq7l7UFN6wow
DA:254,0,GHvKaBZ20IN7rw/KYyrCBQ
DA:255,0,OpK4oO6FWkJSlOw7cCsGjw
DA:261,0,F6UJ8NfoPT9WRWu+NybyIw
DA:262,0,yQ2jwsBwlzVSLuZH3JeaWA
DA:263,0,mDdAMyQDjC9Jzd+GJgxlMA
DA:264,0,tyYVTjYpuiKOqPKDXjqSSg
DA:266,0,93jYU+i1VNCTa8Lb/mUjSQ
DA:267,0,GQ+jyJn9TLj/rdmGWcFMag
DA:268,0,Khoe2JZD++h8O76EXt/nIg
DA:269,0,QlqdpSRxfabK5kQl+IxgJA
DA:270,0,pnOtJB30lA8LrDVN58U5/Q
DA:276,0,+aKtmG3HVlvfg5ZhtJy+Gw
DA:277,0,WiSjLC+i4A7auiz2oCWUkQ
DA:278,0,1CfVEFhstAVx0OhtkrUELA
DA:279,0,M25mQQRQdPsprEEKkvwJmQ
DA:280,0,yaYb3jJfQXLQbBIZIM0FSQ
DA:282,0,efcMoAtA7UWTAORH/dHwXw
DA:290,0,uQ3D5ra7FM7uxFv2CuW6Yw
DA:291,0,P0wtvtbt/sTktonwIS7zjw
DA:292,0,xuG/wLts8218Y91+1Zto3w
DA:294,0,JVOsZ+BUKbwv+CmDVBC3bw
DA:295,0,Fyb99T4lZSpc+bP/K2STug
DA:296,0,ozZxDuYanVC88jLXmXIxkQ
DA:297,0,Zxl35tmsUOwQn6H7P1uAvw
DA:298,0,uAKvVNyX6vX7iFXq/rDOJA
DA:299,0,H+jc4ct1Fc61vltBrFiCcw
DA:300,0,xjcDBnSwra0OiNOAYAwoHA
DA:301,0,uSUYUdFZoALd7k+ViB8RAQ
DA:302,0,2RyjtkYgY2AIDzcWYdWuZg
DA:303,0,1BoPYGupcHoxtZO4v3o3sg
DA:304,0,cCzhnT+1tmGi11b28Pmfwg
DA:305,0,lOqcUdSOAp5AXHVS1fxAzQ
DA:306,0,2+kH5oaWgCu7bPKcw/6Gvg
DA:307,0,xvWIcpcyNr0gyGcTkdMxXw
DA:309,0,UG+Ww2YQpW3hoVglU3Q0sg
DA:310,0,NrDAqEqcJtvmQgQDEuBvhQ
DA:311,0,J41q9IDWiJ9hPSqKGc9GjA
DA:312,0,BdOxikJJfd/+zwXS4HXvxA
DA:314,0,BdOxikJJfd/+zwXS4HXvxA
DA:316,0,oMDRXBncVwDsvNjeVHXEUQ
DA:317,0,8mXueVhdQMBa4R4HNLCHWQ
DA:322,0,F2g8kJO9gJjostlBnukjYQ
DA:323,0,GxVM6s0eN2DbNG9rcCkrog
DA:324,0,Rm21U+hp7wAQHKDdzauXbg
DA:325,0,JVOsZ+BUKbwv+CmDVBC3bw
DA:326,0,eG6MZIvJOPRfjL5VL9agug
DA:327,0,4zcn4idruSqgmUiJ5Gx+Wg
DA:328,0,K2SNQ6a5ptWlJu5xOR6lqw
DA:329,0,tU1uTKw8M9GiuRGRYOJvqQ
DA:330,0,8zEfI4gHhZCvZ6WzhAyJig
DA:331,0,H+jc4ct1Fc61vltBrFiCcw
DA:332,0,ykketo9W6ASzLlI9x2fP+Q
DA:334,0,6J7jgqHfh4JwIsXjrKarxg
DA:335,0,Wtrm27DDnefQYRe/YLUQ8A
DA:340,0,I9IPq3UaGuTPhpXAYVuPiw
DA:341,0,B/Fo9U4/nMeRNS1JjGZVyQ
DA:342,0,xnXErDaovsjV7D5bNKXs7w
DA:343,0,+aqsnqppXd8dsj4Zh6T+ZQ
DA:344,0,Gldezb9pOKbEIi8xRC1GOw
DA:345,0,AxE2q83KL/99SuG5mwDbkw
DA:346,0,C5lI4vkOuy//Xx7EGqatxA
DA:347,0,0w/L5JRnY8ZFZD+MviqlRg
DA:348,0,rfo9l/Bdbmg9zCmUU6dJQg
DA:349,0,vy6CgW37KXB6tZmtM5IONw
DA:350,0,Mm88SEbPWwkwj9tcw+RSLA
DA:351,0,oqPUvHRrC29YwhPggomSDg
DA:353,0,L92rjHMHHZ+7/LHcFaKUsQ
DA:354,0,Qx5m7Fk6+EyIzY9l5wtwkA
DA:356,0,bbSWloYemQFAUtec5DGtgg
DA:357,0,BmwLwBHJzNH0qc0upcN6rw
DA:358,0,tlmm9S5PQsnFRENOCzSCsg
DA:359,0,JVOsZ+BUKbwv+CmDVBC3bw
DA:360,0,+BU13QSaaggdJSyxrtA/Ew
DA:361,0,xRUeGGXZhigbmsWdEbg1WA
DA:363,0,ELP7Z3ydxGNYxx044/RgVw
DA:364,0,g4E6OUDx/Dy2ytbcvSIoPg
DA:365,0,YK566xKfUiI7n9BDLgDGyQ
DA:366,0,zwBL2DQhEt9nCU2eHuHnNg
DA:367,0,e3Hv1MIZGUY9PBXtdLcuEg
DA:368,0,8QeSEKUI9zGw0/GAFJldkA
DA:369,0,cj4OtzmuFEaurcz8F09OhQ
DA:370,0,nAsk4dEF0mZNzxlS21V9Yw
DA:371,0,ySeYtTGBQzdDnfbho820OQ
DA:372,0,DxQVtRejAv+6fFC2K9CRNw
DA:373,0,WhN7M0Gyy6PCsFSkJMkV7Q
DA:374,0,vy6CgW37KXB6tZmtM5IONw
DA:375,0,EN8tFC48gEIRdhg+bKd40w
DA:376,0,DxQVtRejAv+6fFC2K9CRNw
DA:377,0,WhN7M0Gyy6PCsFSkJMkV7Q
DA:379,0,ioXGOI1F5lQ7Xw2qyf6A7g
DA:380,0,Ae8o7+n2x78tKfR9haPRnA
DA:381,0,bAcNjvNFGacYwseYuyjloA
DA:382,0,REkJPGWg1tTK4OuCGt5MyA
DA:383,0,oi2UTkB0nSL5dZck4UUOtA
DA:384,0,7l6TIhdZlrlw68H/E7lYuA
DA:385,0,jkXu7LBC7be0bupaoH7Vpg
DA:386,0,w3YTZ9qOuT3VhH6CFjLigg
DA:387,0,+EZ3utStHy5hwOnInMymdA
DA:389,0,oMcVxJki9157WsdDTmTXdA
DA:390,0,blM25fNxOOsCIxQwPA1foA
DA:391,0,+EZ3utStHy5hwOnInMymdA
DA:393,0,Lwo7tjJ7Zt4f+OY+HhYnNg
DA:394,0,/caFhQOFQveeyoH38jh1WA
DA:395,0,OBVHRFZsaOA9/txinqGXzA
DA:396,0,UsilgsMmCMR/CvoocMG+Nw
DA:397,0,ix+SAxfp1EPkEqpoVEKzZQ
DA:398,0,CwtCP+GUbMZHLnh7R+8nPA
DA:399,0,Xhd2nSjyu8HAtwDKj2hWXg
DA:400,0,2HppjqxcSKMeOo2NORvlAg
DA:401,0,VGoRS2yhquNZfhTPy8yPsQ
DA:402,0,3lzYqo4Ru6mTJ6VzucMA4w
DA:403,0,xjcDBnSwra0OiNOAYAwoHA
DA:404,0,uSUYUdFZoALd7k+ViB8RAQ
DA:405,0,R2s+5UB1Vvc+fB1NYNue9A
DA:406,0,1BoPYGupcHoxtZO4v3o3sg
DA:407,0,cCzhnT+1tmGi11b28Pmfwg
DA:408,0,lOqcUdSOAp5AXHVS1fxAzQ
DA:409,0,8+J7BIDGLLukouLfvkFEBg
DA:411,0,yJr1f3LG5GjNopB6k6dAdg
DA:412,0,WhN7M0Gyy6PCsFSkJMkV7Q
DA:418,0,nzFkAq7qJMzeYfhdywIu7A
DA:419,0,/PtKIiblXJUgvghJfpodvw
DA:420,0,P/WY/XVCjAGM8+M0vzTfqw
DA:421,0,QxwGF0Rk6Ft3dQ8ooFpFeg
DA:422,0,RIg5yDkOsgh0xrV+BCvP5w
DA:423,0,AxOFYMDXI4Ulo0yt8WW4aw
DA:425,0,DNlnZ7PplM3a5ptmH/hEiA
DA:426,0,UVvUZcGiR+n+nHPHckQ9Jw
DA:427,0,IIrrxlEJYrwDMG47RcKDLQ
DA:428,0,RSfo/3c2fBL5maHGCHU40Q
DA:429,0,6JWXy6RRlfbgGzbcC+a74Q
DA:430,0,PlLrO6ItutBTHWUm26jvkA
DA:431,0,rsG1vq8ny5YG6qw07OurVw
DA:432,0,lzL5jaUr9YdUdVmqb3AD6w
DA:433,0,BDLWZ1dn9vfaHycXuaqpAQ
DA:438,0,/PtKIiblXJUgvghJfpodvw
DA:439,0,j1y1FlQ9TEd7X7jNRIZ8ew
DA:440,0,AxOFYMDXI4Ulo0yt8WW4aw
DA:441,0,tYyujJVo6Rfqt5dX82OjQQ
DA:442,0,4za8MPmIlHpTjoHyfcnfVA
DA:443,0,kB6eJh5PkQbFcOyTsVJMFw
DA:448,0,EDp6zic/XE51fLAijnupmw
DA:449,0,WkuFeDI736d0+TJ5HAJfwQ
DA:450,0,+tGKEiTNyfCLToXPNfbXZQ
DA:451,0,x1SriWE1f5lTzTOxdSYSww
DA:452,0,fT9s8HrxtYcz4twz8gmnbA
DA:453,0,yWG4/tSaxXBDTG0jjLnegA
DA:454,0,JKkiD3U6tUK05YdQnnccnQ
DA:455,0,viu1oO94e7Ok5iEUFAK80Q
DA:456,0,t/6dmJOAxhwH0eiB5uhdhA
DA:457,0,MnVRFDHekKTOmsZDMbd31w
DA:462,0,g++tFz4Dh04GZg+odSdaMg
DA:463,0,K/8H4VDumw99BpxpGD2IVA
DA:465,0,J1MOy594xdHC1TvKzcA00w
DA:466,0,XWu5jk0JwHU7+Pwejau1NQ
DA:467,0,uufipKUxIsphDwDzxZr6AA
DA:468,0,hlUf2WoKeLSi/p5nPCIPRg
DA:469,0,GtMIX62WRsjYd4dvHjaguA
DA:470,0,ChEJgqTQG6eMZzaPaoRjww
DA:471,0,OLRMgMhSkpzeetbd7rhLYg
DA:472,0,w1gUyIdIdnq2ObL0ZwN9gQ
DA:473,0,7aqBApgNNVTjCQcdByZV+A
DA:474,0,isXyhwXtk08BzUMDh483mg
DA:475,0,ChEJgqTQG6eMZzaPaoRjww
DA:476,0,g49jIsLjnrMQmP29SlMRmg
DA:477,0,WOiSocyT/AbTkkGaxofAdw
DA:478,0,3CxfItjWek5eGOSRzxFRDg
DA:479,0,ddUxYtnixXtY4z4VWfw6Sg
DA:480,0,D+1ewNq76SldhF1bBUnWfQ
DA:481,0,WaIcK51bX88ihd2XZ7Avgw
DA:482,0,SnBkG0Ma53dcBoBl7XZC0g
DA:483,0,J1CXhXB2U5l2x3kIX39sNA
DA:488,0,z/jUmzUUQWOEGnzmRRvniQ
DA:489,0,SfeUxC0WXWcl5CLw/FOnWA
DA:490,0,l0xpCN9YZl6ZHJM9PaNEgQ
DA:491,0,jrwC4KmS2xLQiAfDXkCHtg
DA:492,0,0i5rNLdHX7PcNAOs4s76gg
DA:493,0,wv1sG0j3ujEVcFffLqrmDA
DA:498,0,C4QZwHXSS5oB/t5yCCKJVg
DA:499,0,boIzF4r8HEvnVgXH7WmOfw
DA:500,0,kH6pRkvwNuFRkoL/8T2kUA
DA:502,0,55KMKAftd3uX32fgjsQzSQ
DA:503,0,ZFinycd77xLCTXYHs2+JFA
DA:504,0,yyoxR1zw947HA9M+z+wc6Q
DA:505,0,DB0Lg9AcXb0YB2smekhnMQ
DA:507,0,6iUA3F1c/QQD415qeN3vCA
DA:508,0,YNCX1cAeN8aBsTAK3E3GXQ
DA:509,0,+ykWaY6DZUjgykq3t6k7dw
DA:510,0,LKqHGyokKS4BDdRwCDOljQ
DA:511,0,GohaIZPP1sI2/I0li0lbbQ
DA:512,0,KwHtS73LUkFzj80C1AAvQA
DA:513,0,Du1G2adz8v3pWUwuJfyxdQ
DA:514,0,/SlYoCzkaTmZiTAFjmRqnQ
DA:515,0,QXS7oUl3XRGiuZs4RSBU3A
DA:517,0,XBnbyPQcOFVtzsDh/V4jew
DA:518,0,/SlYoCzkaTmZiTAFjmRqnQ
DA:519,0,CKrJ63oZeYCDe/zORykZ1w
DA:520,0,BYCAW5RNgmClxK2X/UXI4A
DA:521,0,k4BF81gd9PlGUPmSZhlgEw
DA:522,0,TSvtBJm3ZRL87G8JAVUWEQ
DA:524,0,0Kl73v4HodlA0ompB+SQqQ
DA:525,0,yyoxR1zw947HA9M+z+wc6Q
DA:526,0,DB0Lg9AcXb0YB2smekhnMQ
DA:528,0,B9oShIcEHhDJKhJY2bHHOA
DA:529,0,auJaAYRaGynHKzkx8bHdiQ
DA:530,0,yyoxR1zw947HA9M+z+wc6Q
DA:531,0,DB0Lg9AcXb0YB2smekhnMQ
DA:532,0,vy6CgW37KXB6tZmtM5IONw
DA:533,0,cRxJjDaS+y5ffONbl8vYew
DA:534,0,5gleO/0E5+hlfwbIS91QVw
DA:535,0,/qNlhErLolm8TPiLIO7f9g
DA:536,0,auJaAYRaGynHKzkx8bHdiQ
DA:537,0,yyoxR1zw947HA9M+z+wc6Q
DA:539,0,SbvOnQBxV9uVWwTGhj2WLA
DA:540,0,4GviYTGcbG4bYHsBtSd41Q
DA:547,0,fwTpxwkyB6g4HOMeei1kGQ
DA:548,0,m6J80PJ6e+n5L/V05Z7GhQ
DA:549,0,gbMdMHRSDrd6+l4LbOCOhA
DA:550,0,iDbCqAXkAAKmzbGzAkifOA
DA:552,0,o3nxnA+3xNRJ89L8zFwCCQ
DA:558,0,T3yvrPpTMG7o8hUlbgLMuQ
DA:559,0,tg/hdT21KlmTJHWd1WMkFA
DA:560,0,fwTpxwkyB6g4HOMeei1kGQ
DA:562,0,H/oGZyEmMY0UEAzO8IWcvg
DA:563,0,YUQUvi4B4cuR494DklyFcA
DA:564,0,DivO18yYDSXcuAPMY1KfQA
DA:565,0,3AoFAZieulwpu9orugf83Q
DA:566,0,gGnx/EUzsqDbJfpHQCfTtg
DA:567,0,Iwby2bjTmzYQP9xbEC9ofg
DA:568,0,Q7B7IDv+F8KD1cKA7I4Qng
DA:569,0,/Wp9VPBvvI47e4xWntwE6Q
DA:570,0,B/Fo9U4/nMeRNS1JjGZVyQ
DA:571,0,DbAO8YgvY6WkR7pS+YjU9Q
DA:572,0,cpoABHKo+fg8XNDKE+ji+w
DA:573,0,Q1sSE2Ag4tG8Vkq2aS7TBA
DA:574,0,qvDE+vR9X4UHyrGfVRF/kQ
DA:575,0,vy6CgW37KXB6tZmtM5IONw
DA:576,0,9W54gFJotwPHrEjAdJQCUw
DA:577,0,79hJ/aMXuOrt+Ze4T5rMuw
DA:582,0,T3yvrPpTMG7o8hUlbgLMuQ
DA:583,0,tg/hdT21KlmTJHWd1WMkFA
DA:584,0,fwTpxwkyB6g4HOMeei1kGQ
DA:585,0,H/oGZyEmMY0UEAzO8IWcvg
DA:586,0,YUQUvi4B4cuR494DklyFcA
DA:587,0,DivO18yYDSXcuAPMY1KfQA
DA:588,0,3AoFAZieulwpu9orugf83Q
DA:589,0,gGnx/EUzsqDbJfpHQCfTtg
DA:590,0,zra1bEouw17Mv7iwELQuQA
DA:591,0,BPTLc2Mfy2AXYXu5eY5sJg
DA:594,0,/Wp9VPBvvI47e4xWntwE6Q
DA:595,0,B/Fo9U4/nMeRNS1JjGZVyQ
DA:596,0,enmHEOvcLq9b3GxsFVCm/Q
DA:597,0,LPh1YOHCzoQbQeqo4KOOYw
DA:598,0,4XMsjyYRVyBglVYuEnGmKA
DA:599,0,0WvWHxqYdXJh0Tn1Sp8MSw
DA:600,0,c55IYlHvSNT22E8lQUe9Lg
DA:601,0,4XMsjyYRVyBglVYuEnGmKA
DA:602,0,LYTRIqXPh/YCyDes6zJu5g
DA:603,0,QxwGF0Rk6Ft3dQ8ooFpFeg
DA:604,0,IIrrxlEJYrwDMG47RcKDLQ
DA:605,0,AFOZHu6iyYdGY5lEPu/mXA
DA:606,0,j5x7oIGi4wbnLUoIDyvadQ
DA:607,0,Q1sSE2Ag4tG8Vkq2aS7TBA
DA:608,0,72aSFI7n3Wd8Uzl8uiJQjg
DA:610,0,qZPNqQZlNyZ1vnQy5QygBg
DA:615,0,faz/6yMstaJJy5D5EKuOHg
DA:616,0,T3yvrPpTMG7o8hUlbgLMuQ
DA:617,0,tg/hdT21KlmTJHWd1WMkFA
DA:619,0,SRHqRzrfiZ55okC8dIEu0g
DA:620,0,rb5mhd1nMdMjdnpRcXS4HA
DA:621,0,MyP05tIlTje30DwY7WFKOg
DA:622,0,SR5473hxb8U2E3zV1lUIjQ
DA:623,0,YYafaaD9SG8E9ya7zsi4JQ
DA:624,0,DivO18yYDSXcuAPMY1KfQA
DA:625,0,B/Fo9U4/nMeRNS1JjGZVyQ
DA:626,0,5Cd35pzSw2YtphNq5lJuPQ
DA:627,0,kBAv0DmvVZUDmj78PYCQHg
DA:628,0,83FhvVgowl87KXfCBN4iDQ
DA:629,0,2EB1sO12U4DToaNOwcfUqA
DA:630,0,5UQsrbIh3BjRgaxwEHmY5Q
DA:631,0,SgHjn8RRelZ8dz795ir/2w
DA:632,0,XP3LOoTMK9d2AprOJSZfjg
DA:633,0,6NVu0Qcg0aAEtl2AedW2yg
DA:634,0,SR5473hxb8U2E3zV1lUIjQ
DA:635,0,CsluVrs2gnDMe+WdpZl5BA
DA:636,0,vy6CgW37KXB6tZmtM5IONw
DA:637,0,1GNmu1PCn3R92hskS2tb3A
DA:638,0,6NVu0Qcg0aAEtl2AedW2yg
DA:639,0,SR5473hxb8U2E3zV1lUIjQ
DA:640,0,/aOfnjvkO2tqCwxBS+yQVQ
DA:644,0,4CKgrwEf3LMDEb0Q88rhOg
DA:645,0,bO6lpk2BZGPv3qsyz+lRWg
DA:646,0,b1ctfvQ2uQsb9fGuyPCxMg
DA:647,0,YGrEb7txfpFqcZbNuKzlgw
DA:648,0,wZbI6FnYqfyvHWolUcKgng
DA:649,0,eP3gB0LsIV+xIT1gZbATSA
DA:650,0,Bk8/k2ut9Vm1HohYxdzyvw
DA:651,0,pBwh8JUB7ZJcm1gZm0cy6w
DA:652,0,NLffk/NSz5kDaAc+KpytQw
DA:653,0,zCQFNUsGPibhlqsZOHHaIQ
DA:655,0,LAlb6brjl8J686PqsoQilw
DA:656,0,o/w3YPG4shTqVl87w6TLXA
DA:658,0,QGC+5d6AbleP7lBBJk8kvg
DA:659,0,DwJKAOGUiuXfooFxSSSmhw
DA:660,0,W+vK3hY0HkHlm8m9Ba9GIA
DA:661,0,gImHj2b92hncznTaN32FJg
DA:662,0,LVo+j7oZCB/Qmq9asy9jhA
DA:663,0,3FBE48ChEWvKzSxh9oP0XA
DA:664,0,C87oYZ3B/Zw9v/psIR8pNA
DA:665,0,tx3K7o6exfNGBq60RdiLtA
DA:666,0,56sMHDTSIMAXkeKEp55PEg
DA:667,0,EcLJw8pFSgIuGZ75uZJbHg
DA:668,0,kBmBthkXJ3IyNmrvBWIgAg
DA:669,0,FENyiZ+TOUNqxLz5FeZHWA
DA:674,0,cec6KP5CveM59ylAWcwpLw
DA:675,0,wfflKYlt3RJu57UL3pNb4g
DA:677,0,4CKgrwEf3LMDEb0Q88rhOg
DA:678,0,9H717yr3uc+UAqHnrCBTlQ
DA:679,0,21lCLdumzBN86OKdDuk3Ew
DA:680,0,DwJKAOGUiuXfooFxSSSmhw
DA:681,0,GuJs+AL7PsJTqKBluoFePQ
DA:682,0,J/nXs05Q5ubjbBBQwBugXg
DA:683,0,o/w3YPG4shTqVl87w6TLXA
DA:684,0,cCtpF4jgbvlKMhNW3rKLbA
DA:685,0,HTB5bAftc0iI9bVii98BjA
DA:686,0,prGrd73r7rtKs8GEmHJM9A
DA:689,0,O5Ooo0+5PHQZNFGRRLgvjA
DA:690,0,xjcDBnSwra0OiNOAYAwoHA
DA:691,0,Uz64pp5wfuO87rKcEvqCog
DA:692,0,3YMCPDRRiTd7NrrdXZvSGQ
DA:693,0,o/w3YPG4shTqVl87w6TLXA
DA:694,0,2F9+1ZhFY0iDtPQPAkh/7g
DA:695,0,DJob4bZOan+DNHuJTnxMnQ
DA:696,0,0FUqVEfEgZxRMKKzxt5IQQ
DA:697,0,HTB5bAftc0iI9bVii98BjA
DA:698,0,prGrd73r7rtKs8GEmHJM9A
DA:701,0,xgfnVrpQsUFYGOnk0uCLpA
DA:702,0,xjcDBnSwra0OiNOAYAwoHA
DA:703,0,Uz64pp5wfuO87rKcEvqCog
DA:704,0,3YMCPDRRiTd7NrrdXZvSGQ
DA:705,0,o/w3YPG4shTqVl87w6TLXA
DA:706,0,wWi8vjsBN1k1U8BfXYoC4w
DA:707,0,p43mq9t1Tlt37m17+lAdKA
DA:708,0,f4X2TyDvhB9X55ctO3Hc5A
DA:709,0,HTB5bAftc0iI9bVii98BjA
DA:710,0,prGrd73r7rtKs8GEmHJM9A
DA:713,0,Qu4AaeA+/nBs8qPbdDEN4w
DA:714,0,xjcDBnSwra0OiNOAYAwoHA
DA:715,0,Uz64pp5wfuO87rKcEvqCog
DA:716,0,3YMCPDRRiTd7NrrdXZvSGQ
DA:717,0,o/w3YPG4shTqVl87w6TLXA
DA:718,0,wWi8vjsBN1k1U8BfXYoC4w
DA:719,0,g3NIUrGJnu8KnVsbQ3WFGQ
DA:720,0,j458VlNO88WqB5hy+Exwhw
DA:721,0,HTB5bAftc0iI9bVii98BjA
DA:722,0,prGrd73r7rtKs8GEmHJM9A
DA:731,0,faz/6yMstaJJy5D5EKuOHg
DA:732,0,T3yvrPpTMG7o8hUlbgLMuQ
DA:733,0,tg/hdT21KlmTJHWd1WMkFA
DA:734,0,jVubOKrttCjjFGOXxw422Q
DA:735,0,/g7NIfQ4fNnvqHOHynWHGw
DA:736,0,YUQUvi4B4cuR494DklyFcA
DA:737,0,LoGWDr9s9lhC1nhb8GBgSg
DA:738,0,YUQUvi4B4cuR494DklyFcA
DA:739,0,MyP05tIlTje30DwY7WFKOg
DA:740,0,YUQUvi4B4cuR494DklyFcA
DA:741,0,DivO18yYDSXcuAPMY1KfQA
DA:742,0,B/Fo9U4/nMeRNS1JjGZVyQ
DA:743,0,5Cd35pzSw2YtphNq5lJuPQ
DA:744,0,SgHjn8RRelZ8dz795ir/2w
DA:745,0,/9qYn/eUXXmOag7ZvBPz+g
DA:746,0,7b29epXvTblslQV/FQLSTw
DA:747,0,MSElcihtpqLqu/Ex2fkv6g
DA:749,0,O7s0ja1Cof3wvsjYXtZPWQ
DA:750,0,vy6CgW37KXB6tZmtM5IONw
DA:751,0,1GNmu1PCn3R92hskS2tb3A
DA:752,0,6NVu0Qcg0aAEtl2AedW2yg
DA:753,0,SR5473hxb8U2E3zV1lUIjQ
DA:754,0,u7T9wS+zzCE4840YO7sFlw
DA:759,0,YiVtBETqWJ8xbZcQpowe2g
DA:760,0,T2cIOo3v+Zotxuw8K33gTQ
DA:761,0,xUFdCNOa5JWLDXUiMxIiZg
DA:762,0,pwkYq0/18NByHZt8jrH+gA
DA:763,0,/y+jDt81S7DMNNbePGBDgA
DA:764,0,SnRdU6qHiy6erh8wqTAuNw
DA:765,0,PeN6jvY6egFzPsc1VSi77A
DA:766,0,CCymRhGhrM/LuECQSkM1HA
DA:767,0,vy6CgW37KXB6tZmtM5IONw
DA:768,0,OmZj81ckMuB+gT7vL8wSQQ
DA:769,0,B/Fo9U4/nMeRNS1JjGZVyQ
DA:770,0,3oLRidwouLXglrF9AHvx5Q
DA:771,0,RmBn3OE5AiiqTspY4NlQ1g
DA:772,0,vy6CgW37KXB6tZmtM5IONw
DA:773,0,3eYXAyPG9G7z6hhAHX1zUA
DA:774,0,rzfZSN2zZh8Vi832tQ/f/Q
DA:780,0,+FPpHkuutUzx/E6HbGpzcg
DA:781,0,3wt5fQBQ0YtUCBhqUhQELA
DA:782,0,Uc5nZLzxni9A8QoJHsnbhA
DA:783,0,IewyKHLiAwrd69FBb6C06g
DA:784,0,xjYkLrgxhBKq8E+V1mrTGA
DA:785,0,8NrOeqcqPqgRJ2aGUAUgtg
DA:786,0,OUXV5WrRZ9jB1PDw9mVrIQ
DA:787,0,xUFdCNOa5JWLDXUiMxIiZg
DA:788,0,pwkYq0/18NByHZt8jrH+gA
DA:789,0,/y+jDt81S7DMNNbePGBDgA
DA:790,0,SgFYccZKl3LdZ7u0yEFNTQ
DA:791,0,45weNRqGcE0S6xYIIMq22g
DA:792,0,9KLPjk4EbTJvtxplc1alDg
DA:793,0,vy6CgW37KXB6tZmtM5IONw
DA:794,0,Ug6dLEonqx5v3HImJxQ+7Q
DA:795,0,B/Fo9U4/nMeRNS1JjGZVyQ
DA:796,0,I/Uz9Gwr+TEgtlTDc5XyiQ
DA:797,0,RmBn3OE5AiiqTspY4NlQ1g
DA:798,0,vy6CgW37KXB6tZmtM5IONw
DA:799,0,B+FcRPOypK31tBh9LyLvwQ
DA:800,0,rzfZSN2zZh8Vi832tQ/f/Q
DA:804,0,01G/1aqXhlnqABO5tRgxIQ
DA:805,0,Nqs/DsxjP0tTpZwhDD6M0A
DA:806,0,8NrOeqcqPqgRJ2aGUAUgtg
DA:807,0,OUXV5WrRZ9jB1PDw9mVrIQ
DA:808,0,xUFdCNOa5JWLDXUiMxIiZg
DA:809,0,FWSxqmcNh+k9seCzTU1Nog
DA:811,0,GZyVp5tdkrvdjGJrmtF2fg
DA:812,0,8vxl/+zfQE9KiPCy3S4mSQ
DA:813,0,vI5FtMU+p2b62eMS5usLZg
DA:814,0,+Tbe2uG3QthOZZ/1UMoiuQ
DA:817,0,jbmjfCLQkhkDzi1AEdJbMA
DA:818,0,HsQile0TTwylzHTJRxsHzA
DA:819,0,vI5FtMU+p2b62eMS5usLZg
DA:820,0,tYzaKDOlUCkzaeONDDO+0Q
DA:822,0,fYL9CxpNJl9/1t7njtbCbg
DA:824,0,21lCLdumzBN86OKdDuk3Ew
DA:829,0,FEIsvdpj9nVRELZ21T4Bzg
DA:830,0,wXgZw4AfRDoCBW1doilCOQ
DA:831,0,pd0OXE5x6TXjInaJNGMTmw
DA:832,0,IYxMXvorRDtxeHKiAZK6mw
DA:833,0,bXm0qcMBYC5FpQH0ItFY6Q
DA:834,0,sEuuxyClZD+KBoPz8kK/SA
DA:835,0,vEmwO04PkX2obsW9iGaS3Q
DA:836,0,RKD9dvu/xREp4PBFtTZAjA
DA:837,0,OUXV5WrRZ9jB1PDw9mVrIQ
DA:838,0,u29e22nleBS/9wyo3Jk+6g
DA:839,0,B/Fo9U4/nMeRNS1JjGZVyQ
DA:840,0,aFjhiXjUTeZ1QZZMKzvtDw
DA:841,0,bLKDsPYIdeokNBRopTMHyw
DA:842,0,kIydshKgzSvdak1NRVm/Jw
DA:843,0,3zrNa27OQfCmPJwe2pjyVw
DA:844,0,ntTdrCngC9naZBBWKNBlwQ
DA:845,0,vy6CgW37KXB6tZmtM5IONw
DA:846,0,YtzdXfkrR0xFdB87/xP1bw
DA:847,0,JweE4In6wva+CuxNqPopFQ
DA:851,0,vEmwO04PkX2obsW9iGaS3Q
DA:852,0,RKD9dvu/xREp4PBFtTZAjA
DA:853,0,hniqUeZwClhqB4LPhuxo2A
DA:854,0,kzAV3SUFGa1I1ufaYxykkA
DA:855,0,sCRX1Pxtj7q1bzcoVcyxUg
DA:856,0,0yQtyvyJ3uPWKfbg6UxWUw
DA:857,0,8vJG6eEjZJkY7z97So/bkg
DA:858,0,dVJfcbXoG/YGrszM5izbVw
DA:859,0,trLpoUaZDDq4dimChRkYfw
DA:860,0,x9CX6vXVfseI+nkc7bLkqg
DA:861,0,6NVu0Qcg0aAEtl2AedW2yg
DA:862,0,i3s6BwGCgbEK/+KoY9KKfA
DA:863,0,Os5RoKmzuN0a17MzHPdz0Q
DA:864,0,O3cnOBVTZxT20xejG9zFUA
DA:865,0,jXGxLZn2tqzBjSwy3YcmrA
DA:866,0,E/4xr+LtBSg6Pbdg2nZKHg
DA:867,0,ukq4Hm4rVUq6zmVrCVjCYA
DA:868,0,daoIyMTFTzJj8a5M+YyKSA
DA:869,0,+J9JNqSQTa91P6ozxB+gKA
DA:870,0,dcEwu7QZ5WwdU+cEbDq5EA
DA:871,0,7w3SNH3kwLv1bM9zgBHQPA
DA:872,0,toE2YqHSzEwemYUyrs+bKA
DA:873,0,H+jc4ct1Fc61vltBrFiCcw
DA:874,0,GP/245r5uEaBMzcMEdQuAw
DA:881,0,vEmwO04PkX2obsW9iGaS3Q
DA:882,0,0Aw3KutqHF95/7FWN6MjyA
LF:730
LH:93
end_of_record
TN:
SF:main_api/db_repo/admin_repo.py
DA:1,1,dIVardUyuterFyJHQJ8Hrw
DA:2,1,e69SggGv9Gl5Gqu6Um0YNQ
DA:4,1,2Yno3LlJm5sn6n1libNAbw
DA:5,1,wRHUtkhdXLho1gv4DJswDw
DA:6,0,gXCPsR+G+/ghd5+wIjdUrg
LF:5
LH:4
end_of_record
TN:
SF:main_api/db_repo/email_verification_repo.py
DA:1,1,dIVardUyuterFyJHQJ8Hrw
DA:2,1,TsOZBax8zYQRCfkCeITWwg
DA:4,1,onPqRCndmoQdUPQBmJNEAQ
DA:7,1,+/6XaypL+M+x+8cr0Hsi6A
DA:10,1,4MoL4CwUfFfWtBvbebjX4g
DA:16,1,qXpnkX/sTBB2U9JZ1YFk3g
DA:22,1,dFWzaZW7zECjcyRtTe3n4g
DA:8,0,hIDhFBFb3EvDRUJXFG8lbw
DA:11,0,TxfkrJEzH+0Q+3U69w7wqg
DA:12,0,Mp1V1iYNHSEmARh+nyie7Q
DA:13,0,sb/xq3mD1jUbYw0CXQrh/A
DA:14,0,Z7Ql6QhmFaoiwAAi/1lU6w
DA:17,0,o1taF5tPE4HqiU5Uh8Uqpw
DA:18,0,WYQUH4DAJWLLYc4LvkHAbw
DA:19,0,sb/xq3mD1jUbYw0CXQrh/A
DA:20,0,eJ6zrxnLWn/k18a2vHOhRA
DA:23,0,ym2Wta+fVLD2ZHPChHBRjw
DA:24,0,xhd0aigK21g5KEoSCoQxDg
DA:25,0,sb/xq3mD1jUbYw0CXQrh/A
DA:26,0,Z7Ql6QhmFaoiwAAi/1lU6w
LF:20
LH:7
end_of_record
TN:
SF:main_api/db_repo/google_drive_integration_repo.py
DA:1,1,dIVardUyuterFyJHQJ8Hrw
DA:2,1,uvykC8vnT7+AvapPX1APqA
DA:3,1,0GAutOd3oLh+YdMrkuyp6Q
DA:5,1,JyARKf68bD5CU5REK8ZCtg
DA:8,1,nLy+ohkergUIVn89Dq0XnA
DA:14,1,gxm8eUY/pyHhvOIvopZ3Vg
DA:22,1,4GuDTGK69nGpdTw+AxqD6w
DA:30,1,2iNr8aWQzsrvYJZCql2LGA
DA:36,1,+/6XaypL+M+x+8cr0Hsi6A
DA:39,1,Vch0biv0dMF4bebWB0qMlQ
DA:46,1,qXpnkX/sTBB2U9JZ1YFk3g
DA:9,0,R3VhbdTlKAY9azVkorxYvA
DA:10,0,Jta9KHMU4dXPaWuhid4xRw
DA:11,0,2MdxI9+H1gk5L0pwsmUtxQ
DA:12,0,HvqPLs7FKZ6Rm9Q5FuUQeQ
DA:15,0,R3VhbdTlKAY9azVkorxYvA
DA:16,0,Jta9KHMU4dXPaWuhid4xRw
DA:17,0,NjqG95nHoE7i3BlRLoZI6g
DA:18,0,8Z2WZR44wOpTvOzf8BOvzA
DA:19,0,sb/xq3mD1jUbYw0CXQrh/A
DA:20,0,8SXkA1lXyg+BYQaENii+qw
DA:23,0,R3VhbdTlKAY9azVkorxYvA
DA:24,0,Jta9KHMU4dXPaWuhid4xRw
DA:25,0,Dwjd91USmMoWKfkSCVg/jg
DA:26,0,ghNaayFfVzKDijVV5jZP0g
DA:27,0,sb/xq3mD1jUbYw0CXQrh/A
DA:28,0,8SXkA1lXyg+BYQaENii+qw
DA:31,0,R3VhbdTlKAY9azVkorxYvA
DA:32,0,Jta9KHMU4dXPaWuhid4xRw
DA:33,0,Dwjd91USmMoWKfkSCVg/jg
DA:34,0,YT+bbkEuDWApqyvPnwt5Eg
DA:37,0,HgWK9Ib/xDnrOKaKSpmh9w
DA:40,0,NRlkF3pkfXfJxzjDOcxtgQ
DA:41,0,8Z2WZR44wOpTvOzf8BOvzA
DA:42,0,EgzRnSwgd0ojuUX4eYmn6Q
DA:43,0,sb/xq3mD1jUbYw0CXQrh/A
DA:44,0,8SXkA1lXyg+BYQaENii+qw
DA:47,0,obOrjWEws1THZQ9s7U5Mcg
DA:48,0,sb/xq3mD1jUbYw0CXQrh/A
DA:49,0,eJ6zrxnLWn/k18a2vHOhRA
LF:40
LH:11
end_of_record
TN:
SF:main_api/db_repo/oauth_tokens_repo.py
DA:1,1,dIVardUyuterFyJHQJ8Hrw
DA:2,1,IUxzlMr0rva6pSvW6sRnuA
DA:4,1,7yNyFsL1rw+rHsCGZqZvCA
DA:5,1,+/6XaypL+M+x+8cr0Hsi6A
DA:8,1,4wTHzcbLu8hnMi6gngFk7w
DA:14,1,BtlkPrmTrLs9BBh0DEfYCQ
DA:25,1,qXpnkX/sTBB2U9JZ1YFk3g
DA:6,0,fN/0MgfqXCTIL/4lgoEghA
DA:9,0,rZkUdNXdPt0NF75XM5cPbw
DA:10,0,03GDQYM1IglZan3UNbh4cg
DA:11,0,sb/xq3mD1jUbYw0CXQrh/A
DA:12,0,ILvaA9wMjQWEbR53JpjwFA
DA:15,0,izO/RH7DqMUN64x3mZm5nw
DA:16,0,DbE4xTfGrWRiid0ihvlJhw
DA:17,0,Dwjd91USmMoWKfkSCVg/jg
DA:18,0,ndZQIq4QkEoyjLXYjezLsQ
DA:19,0,iQb2mgq0MFiijnZwkhaoDw
DA:20,0,0MvqjEyf/ThTyVCglvnF1Q
DA:21,0,puWQCv+GG2gOVUwwQamsRw
DA:22,0,sb/xq3mD1jUbYw0CXQrh/A
DA:23,0,ILvaA9wMjQWEbR53JpjwFA
DA:26,0,LoN9bbqOasbicj0662woaQ
DA:27,0,0fAcCiuXDy5poZR5HjHu0w
DA:28,0,sb/xq3mD1jUbYw0CXQrh/A
DA:29,0,eJ6zrxnLWn/k18a2vHOhRA
LF:25
LH:7
end_of_record
TN:
SF:main_api/db_repo/preferences_repo.py
DA:1,1,dIVardUyuterFyJHQJ8Hrw
DA:2,1,CtNyELAfHVkUyns0Jw5qtQ
DA:3,1,0GAutOd3oLh+YdMrkuyp6Q
DA:5,1,fL6g6mODT5ZQzIP3esTfCA
DA:8,1,V6icrXQ4oAyzqz7R803M9A
DA:14,1,7W6XB/1kRTAn2ocpukg6aQ
DA:20,1,gf30DFWPN/bXQ8I91P7qtg
DA:28,1,j688FpbkYoj+As8Tm78jJw
DA:36,1,2lsSh/UYshtRceae8VCpJQ
DA:44,1,Vin7fGtVBgVItzBNkMpTyg
DA:52,1,qXpnkX/sTBB2U9JZ1YFk3g
DA:9,0,I+4/Xb6ck5dlHHmRCJZPtw
DA:10,0,hobTjXuicpTllPzyJSt9Fw
DA:11,0,sb/xq3mD1jUbYw0CXQrh/A
DA:12,0,v2M+bqsOobauvEsElmZDaQ
DA:15,0,2t5yf+LcqYCaPOQihVGvkA
DA:16,0,sDoIQZZeAi6VY3lnp1bcSg
DA:17,0,VhfTZFhQD4LdXN1gE3NCfA
DA:18,0,v2M+bqsOobauvEsElmZDaQ
DA:21,0,2t5yf+LcqYCaPOQihVGvkA
DA:22,0,sDoIQZZeAi6VY3lnp1bcSg
DA:23,0,VhfTZFhQD4LdXN1gE3NCfA
DA:24,0,ZWCcJAIzefA97yN/O2cJNg
DA:25,0,sb/xq3mD1jUbYw0CXQrh/A
DA:26,0,v2M+bqsOobauvEsElmZDaQ
DA:29,0,2t5yf+LcqYCaPOQihVGvkA
DA:30,0,sDoIQZZeAi6VY3lnp1bcSg
DA:31,0,VhfTZFhQD4LdXN1gE3NCfA
DA:32,0,5q+cSCaioRZ5PBSk+z3sFw
DA:33,0,sb/xq3mD1jUbYw0CXQrh/A
DA:34,0,v2M+bqsOobauvEsElmZDaQ
DA:37,0,2t5yf+LcqYCaPOQihVGvkA
DA:38,0,sDoIQZZeAi6VY3lnp1bcSg
DA:39,0,VhfTZFhQD4LdXN1gE3NCfA
DA:40,0,SWkDH6Xm2/T63i8zLQ5PRA
DA:41,0,sb/xq3mD1jUbYw0CXQrh/A
DA:42,0,v2M+bqsOobauvEsElmZDaQ
DA:45,0,2t5yf+LcqYCaPOQihVGvkA
DA:46,0,sDoIQZZeAi6VY3lnp1bcSg
DA:47,0,VhfTZFhQD4LdXN1gE3NCfA
DA:48,0,QatXVP4lVSKKrVtfwO8wDw
DA:49,0,sb/xq3mD1jUbYw0CXQrh/A
DA:50,0,v2M+bqsOobauvEsElmZDaQ
DA:53,0,aUZNFB3tdmCruxC15BsPuQ
DA:54,0,sb/xq3mD1jUbYw0CXQrh/A
DA:55,0,eJ6zrxnLWn/k18a2vHOhRA
LF:46
LH:11
end_of_record
TN:
SF:main_api/db_repo/rate_limiting_repo.py
DA:1,1,dIVardUyuterFyJHQJ8Hrw
DA:2,1,2gZANTy4YGfAIDhRrGM4nA
DA:3,1,L/jqrDHxbfUd/SDMFGHfTA
DA:4,1,piLHCd2iY7irRzUTxrbfUQ
DA:5,1,VmDFHUJMfgMjM8H8ygEh8g
DA:6,1,f9dkdZFmFqBuYtWyMBaoWw
DA:12,1,kWE/Z0v4bPLmY8/D8CzDMg
DA:18,1,AW6Etq6jryhhdPmi/6NF3g
DA:27,1,ZxTGyKYOfXYX2ImnRBUJFQ
DA:36,1,KYix+t2EynwoSwVySKJRKA
DA:41,1,ctmQ8GSD6Q0aASVaiz0o6g
DA:46,1,OxsZWiemDjPJzxF+Tw6ong
DA:7,0,jhYcUZJu2aecMm4LtvdEdg
DA:8,0,1cI18Mf8lcouABU6uNmBOA
DA:9,0,sb/xq3mD1jUbYw0CXQrh/A
DA:10,0,3E2ngYl/hxaehuGX21uiGQ
DA:13,0,aXUR5Gg7PwvdFzluq41Y9g
DA:14,0,1cI18Mf8lcouABU6uNmBOA
DA:15,0,sb/xq3mD1jUbYw0CXQrh/A
DA:16,0,3E2ngYl/hxaehuGX21uiGQ
DA:19,0,fTj1mhaNrFpEGqCWgnCn3Q
DA:20,0,kycMaH6XbPuAfUpgfG1Lbg
DA:21,0,FHhD+tTpT8FPaIAl1RnyoQ
DA:22,0,E+be+VjEeFfdt1C68ICieQ
DA:23,0,5JtRwiuIb1hmHwD7FRmZRg
DA:24,0,z1FY6hyPBCbZwMZY9KnRLg
DA:25,0,W/g8GJDAYJkSSurt59Mzfw
DA:28,0,6U96lS/XeR1cNS5l5/YaFg
DA:29,0,kycMaH6XbPuAfUpgfG1Lbg
DA:30,0,4WE6pX403LjmEaTVwHM+MQ
DA:31,0,IQ1eYLCRUkj0Vn9f9d4JNA
DA:32,0,dkuJ3DFpV5QseHPKGAR0kw
DA:33,0,z1FY6hyPBCbZwMZY9KnRLg
DA:34,0,W/g8GJDAYJkSSurt59Mzfw
DA:37,0,JyquiPD8DjDMgkrVAOENcg
DA:38,0,sb/xq3mD1jUbYw0CXQrh/A
DA:39,0,eJ6zrxnLWn/k18a2vHOhRA
DA:42,0,ifGHHwGsTBCwCJyfdXzAZQ
DA:43,0,sb/xq3mD1jUbYw0CXQrh/A
DA:44,0,eJ6zrxnLWn/k18a2vHOhRA
DA:47,0,zpQpgPder/0qeKEX55amfg
DA:48,0,yukFnkEuSp3N4gXHn2H+Tg
DA:49,0,pxC3v7sVEFa57o756Tw3Lg
DA:50,0,sb/xq3mD1jUbYw0CXQrh/A
DA:51,0,eJ6zrxnLWn/k18a2vHOhRA
LF:45
LH:12
end_of_record
TN:
SF:main_api/db_repo/totp_secret_repo.py
DA:1,1,dIVardUyuterFyJHQJ8Hrw
DA:2,1,jHnTll/RifEz6FttjOHQkw
DA:4,1,hvcG8DKRyDlzt3uGMGoWJg
DA:5,1,50sd5Y0FhqYy0ouJ2/hGNA
DA:8,1,UKlxkJFGSL7Wl9j8hgO5eQ
DA:11,1,qoUuwLMuE+OFABUIcsNBmA
DA:17,1,Ici9GX2oRgNbkP4UPtuadQ
DA:25,1,k9cqI4sGYN8XggzpmxISkw
DA:33,1,W7hTWag6vLdjdAd7+HUYMg
DA:6,0,GaaNpJNcXNqKRMJkWgnFog
DA:9,0,ZJbPe0oFR9tLVLEDZKQBEQ
DA:12,0,mITU7dIH9w8b/mxlKps88w
DA:13,0,lL7XLQeHmZ20FrZV2DVl0A
DA:14,0,sb/xq3mD1jUbYw0CXQrh/A
DA:15,0,EGx3A69QjYt+Gkvvj4sk/A
DA:18,0,v8ZPDY5kLSrVhb1fXMl5AQ
DA:19,0,sthyT4zoq1KLHT9hMQ0OWA
DA:20,0,Dwjd91USmMoWKfkSCVg/jg
DA:21,0,YQd9CSCQ9HxMrZnxX15zzg
DA:22,0,sb/xq3mD1jUbYw0CXQrh/A
DA:23,0,QB2pQkWY8RVGpg3XiUhDqg
DA:26,0,f1KKvl88DYQ867ONkDHlEw
DA:27,0,sthyT4zoq1KLHT9hMQ0OWA
DA:28,0,Dwjd91USmMoWKfkSCVg/jg
DA:29,0,eEct9Mi2DGbey8PlguuFsA
DA:30,0,sb/xq3mD1jUbYw0CXQrh/A
DA:31,0,QB2pQkWY8RVGpg3XiUhDqg
DA:34,0,qEtmI6wVKi7o5qpPXlU8tw
DA:35,0,sb/xq3mD1jUbYw0CXQrh/A
LF:29
LH:9
end_of_record
TN:
SF:main_api/db_repo/user_repo.py
DA:1,1,dIVardUyuterFyJHQJ8Hrw
DA:2,1,lO/dMhmSoI5Mm5TX6fFdkw
DA:3,1,0GAutOd3oLh+YdMrkuyp6Q
DA:5,1,XLj00BSGGmtp5TwG0+xl0g
DA:7,1,IIFFhzfXFFA9A413+Z5dWg
DA:10,1,h1axCsJZpKDyeheM3YOmqg
DA:13,1,ogt7oQcaxyT9YkalqoYIrw
DA:16,1,tcxVgim0EVsmwXAu3RRfzg
DA:22,1,qXpnkX/sTBB2U9JZ1YFk3g
DA:27,1,7GJniTPEc31pPvSfKlSuNQ
DA:36,1,AOD1WIqh50RGwWKW4XCS8g
DA:44,1,P0cj+2j6YgOp8Hl+/TSVQA
DA:54,1,0m7Qq62fu8EeJpSbYS0OGw
DA:62,1,gZF9CMZLU7FIqOllI90giw
DA:65,1,gxm8eUY/pyHhvOIvopZ3Vg
DA:73,1,LnxiHsXHhDydrIct0sKYOQ
DA:81,1,RVQf5SPIMj/4KtfzL6nCCA
DA:8,0,DYJBsxlir+2ARTIHDjXdzQ
DA:11,0,T55sqd+X8KHImmrarNatHw
DA:14,0,rNTsa0XDrc2ETjgyWEUpGA
DA:17,0,YfQrBMUajmvEMeQra2YeTg
DA:18,0,wG2q0YWMmph0tq3cnXiz3Q
DA:19,0,sb/xq3mD1jUbYw0CXQrh/A
DA:20,0,nQOCe00l3+eA37NRl+Ivvw
DA:23,0,2K0yE2JSGVMKoomSxinxZg
DA:24,0,sb/xq3mD1jUbYw0CXQrh/A
DA:25,0,eJ6zrxnLWn/k18a2vHOhRA
DA:28,0,ZbwI4oV5afJby7Xs6i5hYQ
DA:29,0,mIl6ZLuRcqbJrd7REY1alg
DA:30,0,Dwjd91USmMoWKfkSCVg/jg
DA:31,0,G4c/ZLRdVfPbyC+aDQsTuw
DA:32,0,Dxd8wXpzJRzPOoAZVfrzmA
DA:33,0,sb/xq3mD1jUbYw0CXQrh/A
DA:34,0,nQOCe00l3+eA37NRl+Ivvw
DA:37,0,ZbwI4oV5afJby7Xs6i5hYQ
DA:38,0,mIl6ZLuRcqbJrd7REY1alg
DA:39,0,Dwjd91USmMoWKfkSCVg/jg
DA:40,0,bB6FG+Eqzz+nlr7B34SFFg
DA:41,0,sb/xq3mD1jUbYw0CXQrh/A
DA:42,0,nQOCe00l3+eA37NRl+Ivvw
DA:45,0,ZbwI4oV5afJby7Xs6i5hYQ
DA:46,0,mIl6ZLuRcqbJrd7REY1alg
DA:47,0,Dwjd91USmMoWKfkSCVg/jg
DA:48,0,SQgPAc7bHrT9pWooRG6SNg
DA:49,0,Kw22ztydVoQdVFsruDCHVw
DA:50,0,nwyD0h6OwhMR/VA8LJ29kA
DA:51,0,sb/xq3mD1jUbYw0CXQrh/A
DA:52,0,nQOCe00l3+eA37NRl+Ivvw
DA:55,0,ZbwI4oV5afJby7Xs6i5hYQ
DA:56,0,mIl6ZLuRcqbJrd7REY1alg
DA:57,0,Dwjd91USmMoWKfkSCVg/jg
DA:58,0,6pgp5TKyBLZu4kYeBIPKuQ
DA:59,0,sb/xq3mD1jUbYw0CXQrh/A
DA:60,0,nQOCe00l3+eA37NRl+Ivvw
DA:63,0,9izw12IAy+Hr5kfZz0n4uQ
DA:66,0,ZbwI4oV5afJby7Xs6i5hYQ
DA:67,0,mIl6ZLuRcqbJrd7REY1alg
DA:68,0,Dwjd91USmMoWKfkSCVg/jg
DA:69,0,1EtzQPm/R1BSlPR/S9/Vkw
DA:70,0,sb/xq3mD1jUbYw0CXQrh/A
DA:71,0,nQOCe00l3+eA37NRl+Ivvw
DA:74,0,ZbwI4oV5afJby7Xs6i5hYQ
DA:75,0,mIl6ZLuRcqbJrd7REY1alg
DA:76,0,Dwjd91USmMoWKfkSCVg/jg
DA:77,0,Dxd8wXpzJRzPOoAZVfrzmA
DA:78,0,sb/xq3mD1jUbYw0CXQrh/A
DA:79,0,nQOCe00l3+eA37NRl+Ivvw
DA:82,0,ZbwI4oV5afJby7Xs6i5hYQ
DA:83,0,mIl6ZLuRcqbJrd7REY1alg
DA:84,0,Dwjd91USmMoWKfkSCVg/jg
DA:85,0,IfUK50wzFDgII7odmVFYmw
DA:86,0,sb/xq3mD1jUbYw0CXQrh/A
DA:87,0,nQOCe00l3+eA37NRl+Ivvw
LF:73
LH:17
end_of_record
TN:
SF:main_api/db_repo/zke_repo.py
DA:1,1,dIVardUyuterFyJHQJ8Hrw
DA:2,1,YErIN/KE4NN6v6V99w+xZQ
DA:4,1,Yqvn9bx+jrrEYaPT118WCw
DA:6,1,05rFNVbVIno/K2iUJdXVSw
DA:12,1,ITKdWfffU3rw3KVCpxkC1g
DA:15,1,e9cB7xhJtlaTubA5rB93vA
DA:21,1,qXpnkX/sTBB2U9JZ1YFk3g
DA:7,0,2JWHF2ScLrJPgiFNW/9NVA
DA:8,0,O0anc+sDmiFEghsiJbIcBw
DA:9,0,sb/xq3mD1jUbYw0CXQrh/A
DA:10,0,mnv2SXYWXYqrjvP6dqHueA
DA:13,0,XrAjGNtzM59BhJsv1y4rkw
DA:16,0,ovdRNQD+8v54uWLpumaX1Q
DA:17,0,9znncjwr+nEFrnFYpenG0g
DA:18,0,sb/xq3mD1jUbYw0CXQrh/A
DA:19,0,Zg+dCJy2kesn+6SPOLHxBw
DA:22,0,17Sv2OOvOw5A0pGxvdno2A
DA:23,0,sb/xq3mD1jUbYw0CXQrh/A
DA:24,0,eJ6zrxnLWn/k18a2vHOhRA
LF:19
LH:7
end_of_record
TN:
SF:main_api/environment.py
DA:1,1,7Z9Lj4ed27Wf2hBX6jooEA
DA:2,1,EZEzNmL93PY96zsSuI0PfQ
DA:3,1,LF58502IhYatEZ3Y0lZbqw
DA:4,1,FrbkibRvh9oNhI8y/AgFTg
DA:5,1,Aoa1OBLmhnJCzvMMe4D3ZQ
DA:6,1,KKduSDxc3MA4NoEWrtRVwg
DA:7,1,yhPQArLdKCZWXqwSnbDrVg
DA:9,1,TD5W2e+em9o2my0N5ZjtGg
DA:10,1,RM7goOWUdVNb3ME1zsFV7Q
DA:11,1,FTHyJU6asqEPpd66VZBKLw
DA:12,1,H2mHObThf+Uz3dHRgzmtbA
DA:13,1,dZAaSUcghlRyqqOftyV7gg
DA:14,1,CdMXlTEGLGP1T+zwH2/ajQ
DA:17,1,PH97tz2Ph6I0YTSINOx1lA
DA:28,1,rOZP+hHxS0Gq1fQw2mQw5A
DA:39,1,gvgCLbRDUBXwL+w9Ro8Q6A
DA:40,1,toYdk7chOSRE8NzsJdNfpg
DA:46,1,nFXw9ITfVx5i3rOpG92k2Q
DA:47,1,KXChF70LRb3OGM32FGwqOw
DA:48,1,3ZU+kZACA9faEJ6wW+tJQw
DA:50,1,bXbQaiMQXeG/oplXRwCE0g
DA:51,1,1vqYF4nu+YPnrp6XsvKLng
DA:53,1,kBYL7lxxemB3pBmvBzX5dA
DA:54,1,dZAaSUcghlRyqqOftyV7gg
DA:55,1,CdMXlTEGLGP1T+zwH2/ajQ
DA:58,1,nOP/Mp89WxSrDzdWxCF7xA
DA:60,1,2gCUeT+nHQxhYvnox3jEZg
DA:61,1,uNvvf0VA1tkp/g8qIzhy5g
DA:62,1,EAYZjqxXzDZ/xWV6vUNldQ
DA:64,1,2BZtV6N5k1DdB8vMXKfxIA
DA:65,1,dZAaSUcghlRyqqOftyV7gg
DA:66,1,CdMXlTEGLGP1T+zwH2/ajQ
DA:69,1,ssVJJi9hvNb+G1fVZFQ46A
DA:70,1,CdMXlTEGLGP1T+zwH2/ajQ
DA:72,1,EpOumQau16AlvmYUfI+IWQ
DA:73,1,W2X8Hig8hVxCJFB6DDR6Ew
DA:74,1,AfxHGMJwl4Qb+kfvBz/eYQ
DA:76,1,xjcDBnSwra0OiNOAYAwoHA
DA:77,1,rlid5LIqGsYrsB5/BBpZeQ
DA:82,1,fYeMAdCPhnboHBfQwbf7NQ
DA:83,1,y1Lrp5uJwUv3XsMkhUvTvw
DA:84,1,I4QnTt/ATErDGoBwxc5zHA
DA:85,1,cKjPIus1WkjeGOyRk6ixzQ
DA:86,1,xjcDBnSwra0OiNOAYAwoHA
DA:87,1,S7AghGjXwhPN6GH5BzLFKg
DA:88,1,7JeQrAO/umlUVJK19nstdg
DA:95,1,Waf60FsL/WJmAaWrYteKug
DA:96,1,3ffenu5IEiOiQ0DmFBqgTg
DA:100,1,cnK0hmN2q2SdFwLGciIbDw
DA:101,1,+Y/9CxlJg99adM/aQxfIIw
DA:102,1,kBYL7lxxemB3pBmvBzX5dA
DA:103,1,dZAaSUcghlRyqqOftyV7gg
DA:104,1,CdMXlTEGLGP1T+zwH2/ajQ
DA:107,1,An8mu1EVMbQrTs+V6GfDww
DA:108,1,vJzW0XXbWPxm386+tcpO2Q
DA:110,1,PAi40AEiFyHbYCRPk8f6nA
DA:111,1,kBYL7lxxemB3pBmvBzX5dA
DA:112,1,382DpVU71vGN1IPwroiK/w
DA:113,1,jSHQAFE0omrXhIdRv94ruQ
DA:114,1,KdxTvt20X5Wj9kxtYQDB0A
DA:126,1,Nar9B/mZ5sVJ97MtNT+R9w
DA:127,1,IEBfkVGa+3GoOozt56wOGw
DA:128,1,kBYL7lxxemB3pBmvBzX5dA
DA:129,1,e4lbGZeddW5knk0Q43Zp9g
DA:131,1,VJ3txoR1+pG51U5GhZBUrA
DA:135,1,NqjjxPLpUTm6ZxrncyQuXg
DA:136,1,N4KZLwU7mUvWld7+MD5/vQ
DA:137,1,Be/JWiAaLPz7/qKa+l6Uyw
DA:140,1,ToIze0e6dxf8Ip2PwJPHWg
DA:141,1,VJbYGnEbXNOa/JQUlTQ8vg
DA:142,1,HmKQ0thArZHzNVxkzn9jTw
DA:143,1,/mn9+v839a0NOrLvPrk9FQ
DA:144,1,aDjMveV5SF9GMpzRRPKvlQ
DA:146,1,bhEtHWnw7kk/HShETNXQkg
DA:147,1,kBYL7lxxemB3pBmvBzX5dA
DA:148,1,5q2VKJ+HgA6H81hV+ndtSw
DA:149,1,UvOop50QhNDO3X2eafNpCQ
DA:150,1,T0qOTYYJmzzdQhuAagyRSg
DA:151,1,ltSGfSkQ8ABbaLPCVjyYZQ
DA:152,1,D+REs7+58NNxsuPYr2Y00g
DA:158,1,Sqwq24B4Cy1evgURvNBJ/A
DA:159,1,5ipkUfm9+XRd9C0DkuO9jg
DA:160,1,kBYL7lxxemB3pBmvBzX5dA
DA:168,1,BXZxEGhw8HmF2wLCq5aZ1Q
DA:169,1,kBYL7lxxemB3pBmvBzX5dA
DA:171,1,yWYFcOEc8jBZZrSPQUDQRQ
DA:172,1,HAOgdOTu3RFOBX5WSgoRDg
DA:173,1,usuEj+FIw4sXkx2TRkpm6Q
DA:174,1,owgDSexBZWZzt23WOhnq3A
DA:177,1,W1vzqS5yEbTtOfddYP2dfg
DA:178,1,rhJCoJDJizNvVOSjoNmA1w
DA:179,1,kBYL7lxxemB3pBmvBzX5dA
DA:180,1,dZAaSUcghlRyqqOftyV7gg
DA:181,1,CdMXlTEGLGP1T+zwH2/ajQ
DA:183,1,ZvufKV9UDE8EgHWF0m5YUA
DA:184,1,aHSnkuSDJPxP2yRJaWOMAw
DA:185,1,MHv//fouhvi9NMM++njuhQ
DA:186,1,ceZxI0Us+vmD+AN+gD6VMA
DA:191,1,RuZ5KcncCoRYUb0REMXZIg
DA:192,1,QYlGUngylWEf2z+wat31AQ
DA:193,1,xjcDBnSwra0OiNOAYAwoHA
DA:194,1,Fv0P8zOwyxm3CMoyVW2W+A
DA:195,1,FMiIFGI4G3esbB35PePTfg
DA:204,1,HVVd7z6UfiD5P6e20coTSA
DA:15,0,bzSmDgP7AYxRdoS+694o+A
DA:16,0,4GZbW1/W6mrBwKiYUvlUpA
DA:18,0,j3peik22mOxkx7c8ms1kfg
DA:19,0,toYdk7chOSRE8NzsJdNfpg
DA:23,0,xDCldRaSM3dnWDAqeoUxsQ
DA:24,0,aipFU1ycRZ/82ZjpV7PG7A
DA:25,0,QHFurD1mUzZgOMG5LuKZCg
DA:26,0,e8CMpd/axVkBw6Hh8YvS3Q
DA:27,0,3ciYBZSVBV1UXccrtTyfGQ
DA:29,0,xAnYDNfQUC/usLOyro2nuw
DA:30,0,toYdk7chOSRE8NzsJdNfpg
DA:34,0,xdhjuIIzXLRqmQJIt78ifA
DA:35,0,kYnMtlOxQYU5Tsj5tBQUoQ
DA:36,0,87WuGB02ICmHLadUHCFpdA
DA:37,0,N/PupTufStG+LwQ2c94DvQ
DA:56,0,mGRgr+29TXBuc55SAExyhA
DA:57,0,4GZbW1/W6mrBwKiYUvlUpA
DA:67,0,xSqd9Bd0TxUVqSINCwPg3g
DA:68,0,4GZbW1/W6mrBwKiYUvlUpA
DA:71,0,/sQi/sjKM8kmXC4/xe6PyA
DA:78,0,3YMCPDRRiTd7NrrdXZvSGQ
DA:79,0,DO6pkYYT6naC6H3LEx3ujg
DA:80,0,bKxQ80Q7EGrf0iKRwHBNeQ
DA:90,0,veFCS6cFeJpoJy+AK7Hv+g
DA:91,0,4GZbW1/W6mrBwKiYUvlUpA
DA:92,0,cCzhnT+1tmGi11b28Pmfwg
DA:93,0,ztWhRmlxDsEQzsVkmFagfw
DA:94,0,x2Npoabhcb0wsv8Uu2z3NA
DA:98,0,AIFSMQoCgPk6zrL+Hv3i3g
DA:105,0,r8UlssE8K7FoRQQAb+mQRw
DA:106,0,4GZbW1/W6mrBwKiYUvlUpA
DA:117,0,tjsfGHvnDnjA1dODFWP1qg
DA:118,0,gpKb5o1gx6bjdX1ggfyugg
DA:119,0,NrDAqEqcJtvmQgQDEuBvhQ
DA:120,0,hOKLUMWgR0pZpAEcWCmI6w
DA:121,0,4GZbW1/W6mrBwKiYUvlUpA
DA:122,0,rUbsDLyV2gdPMTgAiT9GTQ
DA:123,0,n8S8vO6FdQvxq5Hf2HPvFg
DA:130,0,yKLki/gzG7VXb4EZXGVRaw
DA:132,0,4ekTMXM8n8nwQNYrug9jcQ
DA:133,0,Gar1CDHr8X3Oe1J+EuiQgw
DA:138,0,yseSKPi2maqCUKNNaC462A
DA:139,0,nRKakYdN1z8XzP/ZY44WPA
DA:153,0,cCzhnT+1tmGi11b28Pmfwg
DA:154,0,ztWhRmlxDsEQzsVkmFagfw
DA:155,0,x2Npoabhcb0wsv8Uu2z3NA
DA:161,0,dZAaSUcghlRyqqOftyV7gg
DA:162,0,CdMXlTEGLGP1T+zwH2/ajQ
DA:163,0,Jf4edzpBECLoyYwAQByOdg
DA:164,0,4GZbW1/W6mrBwKiYUvlUpA
DA:165,0,7+h1H/tLKghZIxwJHitb9w
DA:182,0,4GZbW1/W6mrBwKiYUvlUpA
DA:197,0,M1/Ackcwk14T3E40blyrgw
DA:198,0,zdaLXuAnvAZgc1BWPrj/RA
DA:199,0,PiZPX7qxBzV5lRHyHKcIQg
DA:200,0,AikpvykBOlxwv4YeMQnKUw
DA:201,0,Y9qWyTPi4nC1NeZFJPPEGQ
LF:161
LH:104
end_of_record
TN:
SF:main_api/monitoring/__init__.py
DA:0,1,1B2M2Y8AsgTpgAmY7PhCfg
LF:0
LH:0
end_of_record
TN:
SF:main_api/monitoring/sentry.py
DA:1,1,/7j9aTeoRutw9Q7jUgXKmg
DA:2,1,7MWPwRw2rRZT+sXiuR9jkA
DA:5,1,7Nv1ni5qIVHfO873fsQYwQ
DA:6,1,Xv7eG5h8OX/21iovxuhejg
DA:8,0,KMS5U5dK0OygQq2VWhN4Qw
DA:9,0,UQoeSHDtOS6dibVLPcleNg
LF:6
LH:4
end_of_record
TN:
SF:main_api/tests/__init__.py
DA:0,1,1B2M2Y8AsgTpgAmY7PhCfg
LF:0
LH:0
end_of_record
TN:
SF:main_api/tests/unit/__init__.py
DA:0,1,1B2M2Y8AsgTpgAmY7PhCfg
LF:0
LH:0
end_of_record
TN:
SF:main_api/tests/unit/test_ZKE_encrypted_key_controller.py
DA:1,1,E/tvV9JPVDhEcTCkgrwOFw
DA:2,1,9/bKkqpETeeOY8IHvfwvlw
DA:3,1,gZfDzIJlq0XZe9fk7ItaLA
DA:4,1,+UvSl/UAzogVI8g6ls9lOA
DA:5,1,5EXlomLghDpr+bDQGH5Oxw
DA:6,1,piLHCd2iY7irRzUTxrbfUQ
DA:7,1,dMMj8LID/TX0/khU+V8ruw
DA:8,1,+VEV11HlDX9QQIpNz0yUYA
DA:9,1,L/jqrDHxbfUd/SDMFGHfTA
DA:12,1,7Ahnk05ckom6AG9D21yj/A
DA:14,1,WbzkXkBmpeE5Z8gSlIfuvA
DA:15,1,IPgO9TdQstmIsA1UcEpiOQ
DA:17,1,qyhttzL2oOeIBecp2840UA
DA:18,1,+JmQC7nEvPqV7n4B48pcIg
DA:19,1,UCqyh14rgaO1KfYxRHf9OQ
DA:20,1,ddtV354KBrBeIeM9K+4vHQ
DA:23,1,7BAV+J96W70VL7KN0QYCdw
DA:30,1,UwiF0kYNGHV7T+oijSr4iw
DA:33,1,aXtve7EUTcpEY452svrrdA
DA:44,1,BtnuiY8fDWOa8l9w8d1udQ
DA:51,1,XaPKJj7vart+bfy+3Ni9yQ
DA:55,1,TSdujHCSI+b05Pc/qnoiGw
DA:60,1,pVINkz7FTCgykvv4kZVHBg
DA:66,1,FD8MYG3RjJFsYSyyXHy1cw
DA:73,1,8Sipg1tR1mskERW0yAHBBQ
DA:79,1,fc3GkhenR7B4exBQetFjIg
DA:16,0,A/l1sx19+KM/6ZiKiYI2Ng
DA:24,0,JOMJyUiX4pbNwaTLthsvfQ
DA:26,0,JtD0CDBNJXG7MgluiiuDdA
DA:27,0,yJVBucLHf+DsqRNIgxzynQ
DA:31,0,qGvSpD62IRxfZSL+zQ8nhg
DA:34,0,1pae9mKQGXWGhjlaD8QydA
DA:41,0,rAM2EUWjRM4J7heckFUpkQ
DA:42,0,WcBlpU3zvM+RARIb8vm5/A
DA:45,0,+CRBOTuK5AJL2QYDCQHWAw
DA:46,0,DY8YFygBSokQDDzPBGUB4w
DA:47,0,9C2BopmEyoVaGBLkCYm5sw
DA:48,0,fq5g8VQXUnpqI86HD2Z9Bg
DA:49,0,0wB+bMFbnfkrbb3xGSyOKw
DA:52,0,DY8YFygBSokQDDzPBGUB4w
DA:53,0,BvE1oVhE9tXdoat3Mrrlfw
DA:56,0,/XUMCAMnQKASdoywHY5XcQ
DA:57,0,DY8YFygBSokQDDzPBGUB4w
DA:58,0,CWrZ8rUxkdA+d160k5ogVA
DA:61,0,RH6LEB+R3Jv5yh5revW73g
DA:62,0,DY8YFygBSokQDDzPBGUB4w
DA:63,0,CWrZ8rUxkdA+d160k5ogVA
DA:67,0,+CRBOTuK5AJL2QYDCQHWAw
DA:68,0,hwOW7MQ7x5L/nJuMHuHikQ
DA:69,0,DY8YFygBSokQDDzPBGUB4w
DA:70,0,Apj1WtPR59QnrkN8snpjFQ
DA:74,0,+CRBOTuK5AJL2QYDCQHWAw
DA:75,0,0PaIC+0SlAOHeGIniG9Ihw
DA:76,0,DY8YFygBSokQDDzPBGUB4w
DA:77,0,CWrZ8rUxkdA+d160k5ogVA
DA:80,0,+CRBOTuK5AJL2QYDCQHWAw
DA:81,0,u9xAXLTqc7mQtsY9GVbxaA
DA:82,0,DY8YFygBSokQDDzPBGUB4w
DA:83,0,CWrZ8rUxkdA+d160k5ogVA
LF:59
LH:26
end_of_record
TN:
SF:main_api/tests/unit/test_admin_login.py
DA:1,1,E/tvV9JPVDhEcTCkgrwOFw
DA:2,1,gZfDzIJlq0XZe9fk7ItaLA
DA:3,1,dIVardUyuterFyJHQJ8Hrw
DA:4,1,TU6zxchZJBK3ZiIzXLQWsA
DA:5,1,+UvSl/UAzogVI8g6ls9lOA
DA:6,1,hJWuVu/aX6D85Ytvy94Pjw
DA:7,1,L/jqrDHxbfUd/SDMFGHfTA
DA:8,1,+VEV11HlDX9QQIpNz0yUYA
DA:9,1,piLHCd2iY7irRzUTxrbfUQ
DA:12,1,JZNZjT6Rqq5kUMxoAQ20Qw
DA:14,1,WbzkXkBmpeE5Z8gSlIfuvA
DA:15,1,IPgO9TdQstmIsA1UcEpiOQ
DA:17,1,qyhttzL2oOeIBecp2840UA
DA:18,1,UCqyh14rgaO1KfYxRHf9OQ
DA:19,1,IlCgeE2GqLFhWCXmQxxF1g
DA:20,1,WDJHzR4EVfj3FQn3klK65g
DA:21,1,c4Um9FmYvjwt4ohL3zbmdA
DA:22,1,9mPU+E3Ll2Je7KO6BXkxdw
DA:23,1,DcqxNwSJzg+kq1GtnbQVlg
DA:25,1,HrDesSkWL9DjKoQmEBI3jw
DA:26,1,t/cgrObZxiTyzBBnUh7P6Q
DA:27,1,EeoY22/1YLxeYWpgqVIS3Q
DA:28,1,YY+CILjX9msey9yo8RM9MA
DA:29,1,mHZ8zi0OxfE6fcEVJkQVdw
DA:30,1,U5+q7Z13F1IRs/eRRUDuXw
DA:31,1,gmmegnpfHdllGAa1Our1bQ
DA:32,1,W7OuUXZdC7ESDDjw73dtiQ
DA:33,1,WZes9N0zl1Io63qS1NN2bw
DA:34,1,CKTXOnR/X5uMTB82maQfew
DA:35,1,u3bLkC8XqK5Q/Y7NVXkaWQ
DA:36,1,xx5p7vGhpCRBP/4gIbCjBg
DA:37,1,4KNqxhr2b8o4hgCdsjAU7A
DA:38,1,Kh99rj8MSwaoiH6GjgX+Jw
DA:39,1,uRRQ4DH8ixMn/naU7RsuPg
DA:41,1,7mvuUZxBEMSlmBNr4cLchw
DA:47,1,UwiF0kYNGHV7T+oijSr4iw
DA:53,1,PJ+27ZpaV26j9LY7wNz64Q
DA:65,1,ofglX6Z7KIDbASG3QgKTkA
DA:80,1,UCx0fWoUO1HVM304EIS/ag
DA:88,1,cwwqMfZ1pjwEzArHHk3oaw
DA:95,1,3DpJrNcguk2MiqJxoqx3sQ
DA:102,1,wP9igCd6kXJpNICCHkSgFQ
DA:107,1,69KseOepE8zYqLG/HK+1Iw
DA:114,1,lBNU2Vw3aomYMzyP3KUpTQ
DA:121,1,FdzM40kZOmYOqpB1pcUxrw
DA:16,0,A/l1sx19+KM/6ZiKiYI2Ng
DA:48,0,gmmegnpfHdllGAa1Our1bQ
DA:49,0,1rpJbn7IbwqEUG9iNQoZXA
DA:50,0,dRsbxk7rQEZIk8lpMe3e1w
DA:51,0,uSbNVMn2izpTIPqzaKj42w
DA:54,0,1pae9mKQGXWGhjlaD8QydA
DA:61,0,Vg/vxki/Ud1vb+wGuGmyTA
DA:62,0,WcBlpU3zvM+RARIb8vm5/A
DA:66,0,gmmegnpfHdllGAa1Our1bQ
DA:67,0,3yrm+yrFgKov09ES8WtQSQ
DA:68,0,XG2PRWvxEJGfN21Ym6vRIQ
DA:69,0,Oc8jDtbMz7V5fGDKrvP9MA
DA:70,0,G9t2xxZvf1s1ZeWBNaOQeQ
DA:71,0,VK99XgPz2LhpFbCdiPqZ/g
DA:72,0,N9NfsmNuNqyLs3+JUpIRJA
DA:73,0,9En9v46WNmP0fAQMBGoqUg
DA:74,0,qlE/ynu1GZ5rci2Iw12m2w
DA:75,0,u5inOKL+fq3YUulEQO2PUg
DA:76,0,MokFKjaYUsPRGloYzfn/rw
DA:77,0,gp+IiabgF46vJH7T248Yyw
DA:78,0,OMbVRatdUT6rK/4cTg6oOg
DA:81,0,gmmegnpfHdllGAa1Our1bQ
DA:82,0,pNq5YQfwPdpHxyuKoKGsoQ
DA:83,0,XG2PRWvxEJGfN21Ym6vRIQ
DA:84,0,Oc8jDtbMz7V5fGDKrvP9MA
DA:85,0,Y5AJdR6mB9mgBJaohuSrzA
DA:89,0,gmmegnpfHdllGAa1Our1bQ
DA:90,0,3yrm+yrFgKov09ES8WtQSQ
DA:91,0,GhXkmmRcdJbpkITM6YLdjw
DA:92,0,Oc8jDtbMz7V5fGDKrvP9MA
DA:93,0,Y5AJdR6mB9mgBJaohuSrzA
DA:96,0,gmmegnpfHdllGAa1Our1bQ
DA:97,0,3yrm+yrFgKov09ES8WtQSQ
DA:98,0,lU8A484rqBSX409ug3PdYg
DA:99,0,Oc8jDtbMz7V5fGDKrvP9MA
DA:100,0,Y5AJdR6mB9mgBJaohuSrzA
DA:103,0,gmmegnpfHdllGAa1Our1bQ
DA:104,0,Oc8jDtbMz7V5fGDKrvP9MA
DA:105,0,RumXtZNxx6vnhdfPcwBHtg
DA:108,0,eSP9Il/J5GJZ7A8rGfoUTw
DA:109,0,3yrm+yrFgKov09ES8WtQSQ
DA:110,0,hzdwcQBmUiFzPrFMWIKt1g
DA:111,0,Oc8jDtbMz7V5fGDKrvP9MA
DA:112,0,Y5AJdR6mB9mgBJaohuSrzA
DA:115,0,gmmegnpfHdllGAa1Our1bQ
DA:116,0,3yrm+yrFgKov09ES8WtQSQ
DA:117,0,UAEOS/2C+TMwhXVC8qe0fQ
DA:118,0,Oc8jDtbMz7V5fGDKrvP9MA
DA:119,0,Y5AJdR6mB9mgBJaohuSrzA
DA:122,0,gmmegnpfHdllGAa1Our1bQ
DA:123,0,3yrm+yrFgKov09ES8WtQSQ
DA:124,0,UlUC1dDXUAM5BCk4Wu4wlw
DA:125,0,Oc8jDtbMz7V5fGDKrvP9MA
DA:126,0,Y5AJdR6mB9mgBJaohuSrzA
LF:99
LH:45
end_of_record
TN:
SF:main_api/tests/unit/test_all_secret_controller.py
DA:1,1,E/tvV9JPVDhEcTCkgrwOFw
DA:2,1,9/bKkqpETeeOY8IHvfwvlw
DA:3,1,gZfDzIJlq0XZe9fk7ItaLA
DA:4,1,+UvSl/UAzogVI8g6ls9lOA
DA:5,1,jj3/krKdxY+pi+oeOQ4Fag
DA:6,1,piLHCd2iY7irRzUTxrbfUQ
DA:7,1,dMMj8LID/TX0/khU+V8ruw
DA:8,1,+VEV11HlDX9QQIpNz0yUYA
DA:9,1,L/jqrDHxbfUd/SDMFGHfTA
DA:11,1,co5xNwfixA3aKhuKahsnfQ
DA:13,1,WbzkXkBmpeE5Z8gSlIfuvA
DA:14,1,IPgO9TdQstmIsA1UcEpiOQ
DA:16,1,qyhttzL2oOeIBecp2840UA
DA:17,1,+JmQC7nEvPqV7n4B48pcIg
DA:18,1,UCqyh14rgaO1KfYxRHf9OQ
DA:19,1,1eRkLHdDFNAr24ThS2sVEQ
DA:22,1,V9QY1fYGmKmhDYh5NvX/KQ
DA:29,1,UwiF0kYNGHV7T+oijSr4iw
DA:32,1,aXtve7EUTcpEY452svrrdA
DA:44,1,fetdM9K3LxeVtsLXIKcHLQ
DA:50,1,Bir+h2zoFMTwUiMsZ3aKqA
DA:54,1,cTwaOdHYk2AYUYU0ykGjRw
DA:59,1,nk32MNsaGeeq/T8NpUNJ+Q
DA:64,1,EXQupypHPzmVd/Y7/JW6lQ
DA:71,1,rz0ZGchbJofyXIV0sLTkWw
DA:78,1,HxpkjF9GPKLOcxeN2x8OwA
DA:15,0,A/l1sx19+KM/6ZiKiYI2Ng
DA:23,0,u29iO17aDdL+duzd6kVcPQ
DA:25,0,MwsLIT+bRnN8igxySumESA
DA:26,0,hr8tOeQAMoZJHMgs7GExTg
DA:30,0,qGvSpD62IRxfZSL+zQ8nhg
DA:33,0,1pae9mKQGXWGhjlaD8QydA
DA:40,0,rAM2EUWjRM4J7heckFUpkQ
DA:41,0,WcBlpU3zvM+RARIb8vm5/A
DA:45,0,+CRBOTuK5AJL2QYDCQHWAw
DA:46,0,DY8YFygBSokQDDzPBGUB4w
DA:47,0,9C2BopmEyoVaGBLkCYm5sw
DA:48,0,6ga5rGYIcUKJ3cLbtpzh4w
DA:51,0,DY8YFygBSokQDDzPBGUB4w
DA:52,0,BvE1oVhE9tXdoat3Mrrlfw
DA:55,0,htlmFK3v1heaY1/5DXZmIQ
DA:56,0,DY8YFygBSokQDDzPBGUB4w
DA:57,0,CWrZ8rUxkdA+d160k5ogVA
DA:60,0,PCBXAvXVxjH0fY6nG6b4RA
DA:61,0,DY8YFygBSokQDDzPBGUB4w
DA:62,0,CWrZ8rUxkdA+d160k5ogVA
DA:65,0,+CRBOTuK5AJL2QYDCQHWAw
DA:66,0,xb9REnJKBxSaRgvSe7FtDg
DA:67,0,DY8YFygBSokQDDzPBGUB4w
DA:68,0,Apj1WtPR59QnrkN8snpjFQ
DA:72,0,+CRBOTuK5AJL2QYDCQHWAw
DA:73,0,D6VP/VkFqSwD4BSOyGn9lQ
DA:74,0,DY8YFygBSokQDDzPBGUB4w
DA:75,0,CWrZ8rUxkdA+d160k5ogVA
DA:76,0,Q1zjxbNEDZ8ImllTsekDuA
DA:79,0,+CRBOTuK5AJL2QYDCQHWAw
DA:80,0,p/uMnWRnsyInyhpCppLMcQ
DA:81,0,DY8YFygBSokQDDzPBGUB4w
DA:82,0,CWrZ8rUxkdA+d160k5ogVA
DA:83,0,XhoOfiN3/Q4fVPuWve22qw
LF:60
LH:26
end_of_record
TN:
SF:main_api/tests/unit/test_delete_account.py
DA:1,1,E/tvV9JPVDhEcTCkgrwOFw
DA:2,1,gZfDzIJlq0XZe9fk7ItaLA
DA:3,1,dIVardUyuterFyJHQJ8Hrw
DA:4,1,piLHCd2iY7irRzUTxrbfUQ
DA:5,1,lO/dMhmSoI5Mm5TX6fFdkw
DA:6,1,+UvSl/UAzogVI8g6ls9lOA
DA:7,1,+iRpmQ6IZSswhVG6mVSINA
DA:8,1,L/jqrDHxbfUd/SDMFGHfTA
DA:9,1,+VEV11HlDX9QQIpNz0yUYA
DA:10,1,qCFAv/LcKTum59r48x+yeA
DA:11,1,UUo9AtzsPtnWzQ4HihtgnQ
DA:12,1,do6j84Dd0lXBxx1Fowhxug
DA:13,1,Y2Lp+W7xhHtEMHzBbk+tMQ
DA:14,1,XNxTDLqqpbmusG4JYm7wCQ
DA:15,1,o0mwH/nhpIXLEyrA6DfUDg
DA:16,1,8zziWTuI5u0TSNQ1XKCmew
DA:17,1,Y+xINShI0hgaiIN4f/BnfQ
DA:18,1,eVgNCNykaKqMapCcenzXDg
DA:19,1,piLHCd2iY7irRzUTxrbfUQ
DA:22,1,csmfxKKSFkQ0A+Yb7eQvUA
DA:24,1,WbzkXkBmpeE5Z8gSlIfuvA
DA:25,1,IPgO9TdQstmIsA1UcEpiOQ
DA:27,1,/eciWzntx7HGgZDetfmo7w
DA:28,1,3ThwtCRqI+wb2RDMLDg5Tg
DA:29,1,Fvm7csDh8ykG0S1J5oYwTg
DA:30,1,78ivsFPK/Rq7DwJqS/SQrQ
DA:33,1,F8ehzKJCtxsyC+OmbH/M2Q
DA:34,1,x72TCQBTdGt0YZpWxDYDLw
DA:35,1,tVhe4YZHQGOYSiJuW968IQ
DA:36,1,xdhaIr386+SlWPROb+/9dg
DA:37,1,Z7mtdYnphRqgUbYdqDzA4Q
DA:38,1,dBiOF07SCR0RmuXaMMgDXQ
DA:40,1,wGb0J8sykS+u9/P0Igan4g
DA:41,1,J4CVDgs3pjqMWLG+Ej6RXg
DA:42,1,rrAo7khc+MppJ0d2UljYfA
DA:43,1,YOdjt36G7mpKNlLUiI3NvQ
DA:44,1,gKnmXnOcCd+DWldBtLon+g
DA:45,1,oQinPg0LZKdRe0IVWlqEpQ
DA:46,1,BUm5LuroW5VBmX2iyX/yDA
DA:48,1,MLzzpxixrDeE1SZ1qorp0A
DA:102,1,UwiF0kYNGHV7T+oijSr4iw
DA:116,1,YfIUWOE8h+wNLm/oMPdf9w
DA:131,1,FaFfsaW5sMWdZfi9XUF80w
DA:146,1,MXbEnWpyouc6cqXivLWHVA
DA:158,1,DIbUJOZykjrwRIDlOIsWCA
DA:167,1,DLUB90mNcJ98uQC3+PO2sQ
DA:174,1,igwA0FwOvvfkEFJQgDT4Mg
DA:180,1,4qFapkl1QH0OCgj5JDHAnA
DA:188,1,CNgHNikY/U+YU48jwMU0aQ
DA:196,1,VJyocUXv0R0FDZMsvo9xjw
DA:211,1,zvAiu5eV3u2EHR/iYP/lVQ
DA:220,1,qrQic1wTXMooe/ltL2MQEA
DA:228,1,2pfZgjAkO6+YveN1k9Oi8w
DA:240,1,WxjKqHFKTl/ImBIP7zG77Q
DA:255,1,95ILugDTY3tCfpqv04ATpg
DA:262,1,mfkoW0azGHiHh+l4Hi2IjQ
DA:269,1,m28GeJYuCeK4+mTRiqIgog
DA:276,1,LhDFibRGNT4+3/lD9LuChQ
DA:283,1,7KgQsC5LXF3exKgHCSpN+A
DA:289,1,uQDXJDiffL5nL1ciLe0siw
DA:296,1,XBwQ2y1+qd9gAA0x0ZNEzA
DA:302,1,N+G8PQg1ZtjyQpcXVVMdcQ
DA:308,1,jc4TvzugpPw/9jx4hZsk9A
DA:324,1,FwnAI86tkJKWCoGCBa0rjg
DA:26,0,S3RrAwN71fSRGM/+OpwLZA
DA:49,0,OHdsw3geUylNxg1WqvdLVw
DA:50,0,72Pky2D3jGaSQyW9OtAU6g
DA:51,0,VFnqP9F7fjZ5axdmA8oXRQ
DA:53,0,7mvuUZxBEMSlmBNr4cLchw
DA:54,0,eAN9vBTxaQ7SH1gl716o6g
DA:56,0,EgdC1A+Ymngat2KddJ7zvA
DA:57,0,uwetsGXMMrChMjtyOS053Q
DA:58,0,sAGcnXtzjih3rB/F2vZvJQ
DA:63,0,raoanxKast7RKBfLavvp9A
DA:64,0,W7OuUXZdC7ESDDjw73dtiQ
DA:65,0,TIupNsEW/FZzf1fRzHaUiA
DA:66,0,+iBAVmPbXLPMjbEttn3Vwg
DA:67,0,dcMWe3Ra/Uq0iLwJlzBBmg
DA:68,0,CHF+yeey/SWqXgxZadu3hw
DA:69,0,SCOoAL6infzDZCK69/0eew
DA:70,0,Mi1RPv1x0Fa+9xbeqTpqKw
DA:73,0,UmUE1siipY3vL6+EgQEsnA
DA:74,0,hWT1M0IIqmOco7TStBTeIQ
DA:75,0,X8mk71bZifErAZRMSEKFRg
DA:76,0,WCItK/6sokfGFS19Nts5Gw
DA:77,0,5YBVXRpydCw/bDqIDL2yBw
DA:78,0,gyKPCix3vCU3Nn7Gux89Rw
DA:79,0,Ogp+TRnqFCS/3dw4L5w/hg
DA:80,0,ToI2e/hG3kC3X/eQWE49bg
DA:83,0,QWEa5zMRIvB+UE1am62Cxw
DA:84,0,n45Q+2vBKaGO4aE7OnzcrQ
DA:85,0,mnbrx9rIIHyuNjfaetYdPQ
DA:86,0,xOGylVWA0lW7MMcJLFTOfw
DA:87,0,5YBVXRpydCw/bDqIDL2yBw
DA:90,0,Q3bj7z91nmNsje4p30KXPA
DA:91,0,2KZahAWWMTK74aPVYcC/Ug
DA:92,0,q8SvuCdfiz6JYYTEj9tikQ
DA:93,0,ukjKfwF7pimn4R6UTKebqw
DA:94,0,Gwgbi0E9YIhQQJx2oYS/rw
DA:95,0,AGxy9ad24YExoC+Tz+YcWA
DA:96,0,SxEq5HCPQNW+JSk+FE3VNg
DA:97,0,3HVdCKz6hQOhjAFfjbZ8Iw
DA:98,0,CKTXOnR/X5uMTB82maQfew
DA:99,0,uRRQ4DH8ixMn/naU7RsuPg
DA:103,0,raoanxKast7RKBfLavvp9A
DA:104,0,1rpJbn7IbwqEUG9iNQoZXA
DA:105,0,dRsbxk7rQEZIk8lpMe3e1w
DA:106,0,uSbNVMn2izpTIPqzaKj42w
DA:107,0,jLPgTQrn+Uog/5CTVCTn2g
DA:117,0,raoanxKast7RKBfLavvp9A
DA:118,0,TLJYMkTnD6qzUOhO8Ysfyw
DA:119,0,wKtMIxyiO4JDI5SUhV/kAw
DA:120,0,tq2rsSh2qIleIELNlQ1igQ
DA:121,0,G9t2xxZvf1s1ZeWBNaOQeQ
DA:122,0,vm/pUwsV7fLiEQ6eSYWzqg
DA:123,0,9N3KVPT0a9La0FQzF3P+aw
DA:124,0,Bqw0rPNq8C+GcksWWbX3lA
DA:125,0,JHTZRy03gqEwLSleYx6hxA
DA:126,0,d3tGtMu8gPw3IQqpd5Gq/A
DA:127,0,HTsEeT7TaoVdsLO4YpMA3w
DA:128,0,VBCjB/ZODn20pjDbHXoy0g
DA:129,0,avurhZRipzdFAHXkP0RNOw
DA:132,0,raoanxKast7RKBfLavvp9A
DA:133,0,4Wz7hH569vp6VSkUlzNftQ
DA:134,0,wKtMIxyiO4JDI5SUhV/kAw
DA:135,0,tq2rsSh2qIleIELNlQ1igQ
DA:136,0,G9t2xxZvf1s1ZeWBNaOQeQ
DA:137,0,NoieVt+s9K1X8qMZHIKzxw
DA:138,0,EWjpm3gUxiplPWYXlnRq8g
DA:139,0,psyhQJXhcJRHqfA7iqME8g
DA:140,0,IbxX2G0A1+5AD3sSNffLYg
DA:141,0,VDT41r10QXJzaCM/28vEtw
DA:142,0,SZC7SJwr5beUAbaoXMObfw
DA:143,0,6THyhUHUEXj64IvD3ZOXAA
DA:144,0,YJcjqYtEEiwIDO0pRJMwNA
DA:147,0,XcYUenDKPr8BR0OeKtd14A
DA:148,0,3+1VCwczKIJit0Tvebhqtg
DA:149,0,wKtMIxyiO4JDI5SUhV/kAw
DA:150,0,tq2rsSh2qIleIELNlQ1igQ
DA:151,0,Y5AJdR6mB9mgBJaohuSrzA
DA:152,0,BGibHnkzMyvOvvK4be6Kuw
DA:153,0,/GIFEAQDkoRTdoL3/gPalQ
DA:154,0,RRj6ay9xfleuHrrz5zhvXw
DA:155,0,4G1Fp4SoMfJ+THOC8zxr4g
DA:156,0,awmMkVjuieXWm3PQWsqaJA
DA:159,0,raoanxKast7RKBfLavvp9A
DA:160,0,TLJYMkTnD6qzUOhO8Ysfyw
DA:161,0,77xbZJHQ8Wnsb1AxwMd96g
DA:162,0,pNq5YQfwPdpHxyuKoKGsoQ
DA:163,0,tq2rsSh2qIleIELNlQ1igQ
DA:164,0,Y5AJdR6mB9mgBJaohuSrzA
DA:165,0,M7w2Rj5xk/P/JnwYlpVa8A
DA:168,0,raoanxKast7RKBfLavvp9A
DA:169,0,TLJYMkTnD6qzUOhO8Ysfyw
DA:170,0,tq2rsSh2qIleIELNlQ1igQ
DA:171,0,RumXtZNxx6vnhdfPcwBHtg
DA:172,0,M7w2Rj5xk/P/JnwYlpVa8A
DA:175,0,raoanxKast7RKBfLavvp9A
DA:176,0,77xbZJHQ8Wnsb1AxwMd96g
DA:177,0,tq2rsSh2qIleIELNlQ1igQ
DA:178,0,RumXtZNxx6vnhdfPcwBHtg
DA:181,0,raoanxKast7RKBfLavvp9A
DA:182,0,hGs0mSROqoLq1VYcLD18Mg
DA:183,0,77xbZJHQ8Wnsb1AxwMd96g
DA:184,0,tq2rsSh2qIleIELNlQ1igQ
DA:185,0,Y5AJdR6mB9mgBJaohuSrzA
DA:186,0,M7w2Rj5xk/P/JnwYlpVa8A
DA:189,0,raoanxKast7RKBfLavvp9A
DA:190,0,sxcrBk2WnKt93aae02sUhg
DA:191,0,77xbZJHQ8Wnsb1AxwMd96g
DA:192,0,tq2rsSh2qIleIELNlQ1igQ
DA:193,0,RumXtZNxx6vnhdfPcwBHtg
DA:194,0,M7w2Rj5xk/P/JnwYlpVa8A
DA:197,0,raoanxKast7RKBfLavvp9A
DA:198,0,TLJYMkTnD6qzUOhO8Ysfyw
DA:199,0,wKtMIxyiO4JDI5SUhV/kAw
DA:200,0,xgc8ITn8b7mB7KpnQaCgxA
DA:201,0,tq2rsSh2qIleIELNlQ1igQ
DA:202,0,G9t2xxZvf1s1ZeWBNaOQeQ
DA:203,0,Bqw0rPNq8C+GcksWWbX3lA
DA:204,0,JHTZRy03gqEwLSleYx6hxA
DA:205,0,d3tGtMu8gPw3IQqpd5Gq/A
DA:206,0,HTsEeT7TaoVdsLO4YpMA3w
DA:207,0,VBCjB/ZODn20pjDbHXoy0g
DA:208,0,avurhZRipzdFAHXkP0RNOw
DA:212,0,raoanxKast7RKBfLavvp9A
DA:213,0,TLJYMkTnD6qzUOhO8Ysfyw
DA:214,0,wKtMIxyiO4JDI5SUhV/kAw
DA:215,0,xjs6EwOKjJgILAf1cOwzkQ
DA:216,0,0yx2V31l6DQ8iDNxiB1WYw
DA:217,0,tq2rsSh2qIleIELNlQ1igQ
DA:218,0,x1S0kGb0lqh1woLm+gCTqg
DA:221,0,raoanxKast7RKBfLavvp9A
DA:222,0,Q9QxKOKjkrfqPoCEu7Uqag
DA:223,0,wKtMIxyiO4JDI5SUhV/kAw
DA:224,0,tq2rsSh2qIleIELNlQ1igQ
DA:225,0,Y5AJdR6mB9mgBJaohuSrzA
DA:226,0,tjnYbLOjOLaMLDpXDatLKw
DA:229,0,raoanxKast7RKBfLavvp9A
DA:230,0,CTU8glAzm5kBwm7LOpg4rg
DA:231,0,wKtMIxyiO4JDI5SUhV/kAw
DA:232,0,tq2rsSh2qIleIELNlQ1igQ
DA:233,0,Y5AJdR6mB9mgBJaohuSrzA
DA:234,0,/8oL62IVwBT/mcLksWM8bg
DA:241,0,raoanxKast7RKBfLavvp9A
DA:242,0,pGW5xYm87PGLCMd/zpZH6Q
DA:243,0,MTWtWsXflfF3PsCk456nTw
DA:244,0,G9t2xxZvf1s1ZeWBNaOQeQ
DA:245,0,vm/pUwsV7fLiEQ6eSYWzqg
DA:246,0,9N3KVPT0a9La0FQzF3P+aw
DA:247,0,Bqw0rPNq8C+GcksWWbX3lA
DA:248,0,JHTZRy03gqEwLSleYx6hxA
DA:249,0,d3tGtMu8gPw3IQqpd5Gq/A
DA:250,0,HTsEeT7TaoVdsLO4YpMA3w
DA:251,0,VBCjB/ZODn20pjDbHXoy0g
DA:252,0,avurhZRipzdFAHXkP0RNOw
DA:253,0,RRj6ay9xfleuHrrz5zhvXw
DA:256,0,raoanxKast7RKBfLavvp9A
DA:257,0,tNDgz9wtd1cXRiZRgxN1wA
DA:258,0,cIpY4jS/K9sZtihdDq1+3w
DA:259,0,Y5AJdR6mB9mgBJaohuSrzA
DA:260,0,m2+kywftNcNQmYpLxxcmRw
DA:263,0,raoanxKast7RKBfLavvp9A
DA:264,0,3+1VCwczKIJit0Tvebhqtg
DA:265,0,MTWtWsXflfF3PsCk456nTw
DA:266,0,Y5AJdR6mB9mgBJaohuSrzA
DA:267,0,M7w2Rj5xk/P/JnwYlpVa8A
DA:270,0,raoanxKast7RKBfLavvp9A
DA:271,0,4Wz7hH569vp6VSkUlzNftQ
DA:272,0,MTWtWsXflfF3PsCk456nTw
DA:273,0,Y5AJdR6mB9mgBJaohuSrzA
DA:274,0,M7w2Rj5xk/P/JnwYlpVa8A
DA:277,0,XcYUenDKPr8BR0OeKtd14A
DA:278,0,v+I0K0W7WeXVtvNSmrS/YA
DA:279,0,MTWtWsXflfF3PsCk456nTw
DA:280,0,Y5AJdR6mB9mgBJaohuSrzA
DA:281,0,M7w2Rj5xk/P/JnwYlpVa8A
DA:284,0,raoanxKast7RKBfLavvp9A
DA:285,0,MTWtWsXflfF3PsCk456nTw
DA:286,0,RumXtZNxx6vnhdfPcwBHtg
DA:287,0,M7w2Rj5xk/P/JnwYlpVa8A
DA:290,0,raoanxKast7RKBfLavvp9A
DA:291,0,mGI6AvLgzpqf48rzb53lwA
DA:292,0,MTWtWsXflfF3PsCk456nTw
DA:293,0,Y5AJdR6mB9mgBJaohuSrzA
DA:294,0,M7w2Rj5xk/P/JnwYlpVa8A
DA:297,0,XcYUenDKPr8BR0OeKtd14A
DA:298,0,pGW5xYm87PGLCMd/zpZH6Q
DA:299,0,eE3eP7EzD8ZV13VNmQ7DjQ
DA:300,0,UllwEI9ymsvji2IIL6jTaw
DA:303,0,XcYUenDKPr8BR0OeKtd14A
DA:304,0,pGW5xYm87PGLCMd/zpZH6Q
DA:305,0,3EJ4OEDbl2xyLqyihenX/w
DA:306,0,Y5AJdR6mB9mgBJaohuSrzA
DA:309,0,raoanxKast7RKBfLavvp9A
DA:310,0,pGW5xYm87PGLCMd/zpZH6Q
DA:311,0,cIpY4jS/K9sZtihdDq1+3w
DA:312,0,G9t2xxZvf1s1ZeWBNaOQeQ
DA:313,0,NoieVt+s9K1X8qMZHIKzxw
DA:314,0,EWjpm3gUxiplPWYXlnRq8g
DA:315,0,psyhQJXhcJRHqfA7iqME8g
DA:316,0,IbxX2G0A1+5AD3sSNffLYg
DA:317,0,VDT41r10QXJzaCM/28vEtw
DA:318,0,SZC7SJwr5beUAbaoXMObfw
DA:319,0,6THyhUHUEXj64IvD3ZOXAA
DA:320,0,YJcjqYtEEiwIDO0pRJMwNA
DA:321,0,RRj6ay9xfleuHrrz5zhvXw
DA:325,0,jLPgTQrn+Uog/5CTVCTn2g
DA:326,0,raoanxKast7RKBfLavvp9A
DA:327,0,pGW5xYm87PGLCMd/zpZH6Q
DA:328,0,cIpY4jS/K9sZtihdDq1+3w
DA:329,0,Y5AJdR6mB9mgBJaohuSrzA
LF:272
LH:64
end_of_record
TN:
SF:main_api/tests/unit/test_encrypted_secret_controller.py
DA:1,1,E/tvV9JPVDhEcTCkgrwOFw
DA:2,1,9/bKkqpETeeOY8IHvfwvlw
DA:3,1,gZfDzIJlq0XZe9fk7ItaLA
DA:4,1,+UvSl/UAzogVI8g6ls9lOA
DA:5,1,jj3/krKdxY+pi+oeOQ4Fag
DA:6,1,piLHCd2iY7irRzUTxrbfUQ
DA:7,1,dMMj8LID/TX0/khU+V8ruw
DA:8,1,+VEV11HlDX9QQIpNz0yUYA
DA:9,1,L/jqrDHxbfUd/SDMFGHfTA
DA:11,1,pLj9MIKpk/hlshGPrcaC0Q
DA:12,1,1i3b3x+lfEPQF5ZcSS6reg
DA:13,1,vEYx+Qe6y7YoZNzsOGdTeg
DA:15,1,WbzkXkBmpeE5Z8gSlIfuvA
DA:16,1,IPgO9TdQstmIsA1UcEpiOQ
DA:18,1,qyhttzL2oOeIBecp2840UA
DA:19,1,+JmQC7nEvPqV7n4B48pcIg
DA:20,1,UCqyh14rgaO1KfYxRHf9OQ
DA:21,1,qt76mScNKmTjn7m4oSTrig
DA:24,1,UN9BEF6wxgYYBGIqarjddw
DA:42,1,UwiF0kYNGHV7T+oijSr4iw
DA:45,1,aXtve7EUTcpEY452svrrdA
DA:61,1,+JNQCFD39dHfaNz6nNENQA
DA:67,1,YGkJXm59s//nRn6an0tJEA
DA:71,1,Wggi4qf3ZjCV+KkbKgMgpg
DA:76,1,ydoTQ85JRO35yJyl683MLQ
DA:82,1,KWGXbLTiBVgnWABMShsoCQ
DA:89,1,Oelvd9vYSo++7juBnsHPjw
DA:95,1,OKIrKU7rarFFVvmSO423zA
DA:102,1,9O0GRcngE3sDSiSsLKDBkA
DA:114,1,b6lZzmi1eZJTtxsy/5f59Q
DA:121,1,JYlA3nsSShIL4mMxzZ1iOQ
DA:125,1,+6n7IuET/ruTq6F5phtZhg
DA:130,1,4rn8ThMQF5lxu6+6OcGcnA
DA:135,1,Pki8QA0YWp4t5tIHPj70mg
DA:140,1,vjsQhYAjt38AQlSX4+A35A
DA:147,1,njatobzrKS8bCwMSXBLYqQ
DA:154,1,MKlJ7cIXBU09Vo1ZgsjZIg
DA:166,1,800CDVByJyPvpgCxOu/NOw
DA:172,1,rVsQFzHcV2rD6w3hASHyZw
DA:176,1,175aQVEjEPWA2dLih4tDWQ
DA:181,1,2AxYLxHMyMP5dsI8QuFomg
DA:186,1,O97sNqMoA0qnjeE8mb1DOA
DA:192,1,lztHptxZVbFI9WjotyCvLA
DA:198,1,9N4JZJclwKUUw6xxtGHMXA
DA:204,1,VdrPCpIfZK75RT7dmuFqnQ
DA:211,1,H0FBspJIaAapJVLKR2E4xA
DA:225,1,pwvPb2jpBaZTv3DwsZs0TA
DA:231,1,HWFhERXBA9/GFrXrctA4/g
DA:235,1,MX1WqMBlagiiVK1KtgFR+g
DA:240,1,PN8zfDnIGg+VZAc6FWUncw
DA:245,1,I1b9T/Mkvs2LliXACqcRmA
DA:252,1,iCo7HaVsouCZFeAzAwLUHw
DA:258,1,wj+2DMDF5ARe58EIH5s0Iw
DA:264,1,5WcisPJK2GXXOY1Hv1bb4A
DA:271,1,W2A3qFVvP1i58x8mQpCElA
DA:17,0,A/l1sx19+KM/6ZiKiYI2Ng
DA:25,0,bsQbR43FTc2aliwLwvpl9Q
DA:27,0,plMaCOyBjGp5ReaMLec/8w
DA:28,0,Y4HuobxDrnbl31S6RsXmAQ
DA:30,0,FIYAFDYk3qaAUl5L9JBe9A
DA:31,0,Y4HuobxDrnbl31S6RsXmAQ
DA:33,0,64r/Gjvs1AJPmisprdOspA
DA:34,0,wiP7hoWFsgQWC/aHsoqY+A
DA:36,0,+Tlvl7R3woEeEdrrH/zFpQ
DA:37,0,olMkkIvkFiAXM4k+7Bjwjw
DA:40,0,7VwkMxKCFRsZYhO7ZEDNEA
DA:43,0,qGvSpD62IRxfZSL+zQ8nhg
DA:46,0,1pae9mKQGXWGhjlaD8QydA
DA:53,0,rAM2EUWjRM4J7heckFUpkQ
DA:54,0,WcBlpU3zvM+RARIb8vm5/A
DA:62,0,+CRBOTuK5AJL2QYDCQHWAw
DA:63,0,DY8YFygBSokQDDzPBGUB4w
DA:64,0,9C2BopmEyoVaGBLkCYm5sw
DA:65,0,ETJqgxSBiSKOuUPn2eTA/A
DA:68,0,DY8YFygBSokQDDzPBGUB4w
DA:69,0,BvE1oVhE9tXdoat3Mrrlfw
DA:72,0,Y0AZhSkCKxpMReMwKyG7jA
DA:73,0,DY8YFygBSokQDDzPBGUB4w
DA:74,0,CWrZ8rUxkdA+d160k5ogVA
DA:77,0,XZCR3ZoEYjM/ZsI8VP5OzQ
DA:78,0,YBSpuKX966JEhDBbo71B+w
DA:79,0,DY8YFygBSokQDDzPBGUB4w
DA:80,0,CWrZ8rUxkdA+d160k5ogVA
DA:83,0,+CRBOTuK5AJL2QYDCQHWAw
DA:84,0,ivzRNaX2hGEZOd6pk2zo2A
DA:85,0,DY8YFygBSokQDDzPBGUB4w
DA:86,0,CWrZ8rUxkdA+d160k5ogVA
DA:90,0,+CRBOTuK5AJL2QYDCQHWAw
DA:91,0,JW0wqrq4XdJWJYtLu48aSw
DA:92,0,DY8YFygBSokQDDzPBGUB4w
DA:93,0,CWrZ8rUxkdA+d160k5ogVA
DA:96,0,+CRBOTuK5AJL2QYDCQHWAw
DA:97,0,UcLgcIFl30WwpTPKejZWig
DA:98,0,DY8YFygBSokQDDzPBGUB4w
DA:99,0,CWrZ8rUxkdA+d160k5ogVA
DA:100,0,28xc/9h92vBvMd+t8S6Oow
DA:103,0,+CRBOTuK5AJL2QYDCQHWAw
DA:104,0,PmpkwS7lu3Br5L7k6PoGuA
DA:105,0,DY8YFygBSokQDDzPBGUB4w
DA:106,0,CWrZ8rUxkdA+d160k5ogVA
DA:107,0,DCQF77dyUDKRUVUcEJ8rKQ
DA:115,0,b/S3YtLiSbXIdU5WoJyC3Q
DA:116,0,j8UetKRzCuRy2zjymQyuHA
DA:117,0,ZpIgViGWwdU+KyxnrhfYPA
DA:118,0,LYcnRKxfJQH6urkJzU3XOg
DA:119,0,Os+UEcox3Qmd6gvJJzK9QA
DA:122,0,orwXHJZc7M+LdKBhQ4dpKQ
DA:123,0,BvE1oVhE9tXdoat3Mrrlfw
DA:126,0,Y0AZhSkCKxpMReMwKyG7jA
DA:127,0,orwXHJZc7M+LdKBhQ4dpKQ
DA:128,0,CWrZ8rUxkdA+d160k5ogVA
DA:131,0,PCBXAvXVxjH0fY6nG6b4RA
DA:132,0,orwXHJZc7M+LdKBhQ4dpKQ
DA:133,0,CWrZ8rUxkdA+d160k5ogVA
DA:136,0,+CRBOTuK5AJL2QYDCQHWAw
[...]
DA:2,1,gZfDzIJlq0XZe9fk7ItaLA
DA:3,1,dIVardUyuterFyJHQJ8Hrw
DA:4,1,piLHCd2iY7irRzUTxrbfUQ
DA:5,1,+UvSl/UAzogVI8g6ls9lOA
DA:6,1,+iRpmQ6IZSswhVG6mVSINA
DA:7,1,L/jqrDHxbfUd/SDMFGHfTA
DA:8,1,lO/dMhmSoI5Mm5TX6fFdkw
DA:11,1,LgF3aDJHAOPBsTGQOOsNxQ
DA:13,1,Np/DS3Ouw1dSL1xpTAljyA
DA:14,1,IPgO9TdQstmIsA1UcEpiOQ
DA:16,1,/eciWzntx7HGgZDetfmo7w
DA:17,1,3ThwtCRqI+wb2RDMLDg5Tg
DA:18,1,YuNpnhhUjVLI42SeWSQL2A
DA:19,1,sUYcs1RmTa9bJd+qDLV7LA
DA:20,1,lg9pzl514WGScEi3HzsdUQ
DA:23,1,hTuz9xk6TS6XtnqO7G3ArA
DA:24,1,0lkZNormW407eigD8DOgEg
DA:25,1,raoanxKast7RKBfLavvp9A
DA:26,1,W7OuUXZdC7ESDDjw73dtiQ
DA:27,1,pCIFgBHcs7TugPHZ4aW7qw
DA:28,1,DqN8g5XGiFV/V6fylistgQ
DA:29,1,uRRQ4DH8ixMn/naU7RsuPg
DA:31,1,UwiF0kYNGHV7T+oijSr4iw
DA:38,1,8LUw0mFIRMNpJJwDAV12Vw
DA:45,1,fQMGcjQ8zoJcWLkWnxCo6A
DA:51,1,CQ2CGacIeE805MniWRTObA
DA:56,1,y5+Togije98W2dA0qrwuvA
DA:62,1,cE0PpmZl0h3kJPELAS+YVA
DA:72,1,3kkRhpP0VCyUPKWygYvTrA
DA:15,0,S3RrAwN71fSRGM/+OpwLZA
DA:32,0,raoanxKast7RKBfLavvp9A
DA:33,0,1rpJbn7IbwqEUG9iNQoZXA
DA:34,0,dRsbxk7rQEZIk8lpMe3e1w
DA:35,0,uSbNVMn2izpTIPqzaKj42w
DA:39,0,raoanxKast7RKBfLavvp9A
DA:40,0,+vYIBrr4dE/6msncuBw+OQ
DA:41,0,h8lzO3Ndo8Xv+Vfwph85cg
DA:42,0,NzPCQXR8JcQb7ZQks2m6vQ
DA:43,0,MAs0pdqH6viYqxfW40lhgw
DA:46,0,raoanxKast7RKBfLavvp9A
DA:47,0,+vYIBrr4dE/6msncuBw+OQ
DA:48,0,wVrV+pGrFtJjP00V9yDzrg
DA:49,0,mTZ+hT/zMgcaJvyzqyjwnw
DA:52,0,raoanxKast7RKBfLavvp9A
DA:53,0,h8lzO3Ndo8Xv+Vfwph85cg
DA:54,0,RumXtZNxx6vnhdfPcwBHtg
DA:57,0,raoanxKast7RKBfLavvp9A
DA:58,0,ZRtnvQG99TlEY4/irnCUIA
DA:59,0,h8lzO3Ndo8Xv+Vfwph85cg
DA:60,0,Y5AJdR6mB9mgBJaohuSrzA
DA:63,0,raoanxKast7RKBfLavvp9A
DA:64,0,DqEsgJB8rX5+gcCgFEpCkw
DA:65,0,JrMCICKUdE8Nxi6gbyOyCQ
DA:66,0,uRRQ4DH8ixMn/naU7RsuPg
DA:67,0,+vYIBrr4dE/6msncuBw+OQ
DA:68,0,h8lzO3Ndo8Xv+Vfwph85cg
DA:69,0,Y5AJdR6mB9mgBJaohuSrzA
DA:70,0,9FA2UMzHWSHQS5EsYJxmqA
DA:73,0,raoanxKast7RKBfLavvp9A
DA:74,0,+vYIBrr4dE/6msncuBw+OQ
DA:75,0,TRngzLgCioBeQXN5TbMn/g
DA:76,0,cfMOYuZtAHCjgch7kVW7ng
DA:77,0,2b6cg0fw7dbiy1yDV5xafQ
LF:64
LH:30
end_of_record
TN:
SF:main_api/tests/unit/test_update_vault_controller.py
DA:1,1,E/tvV9JPVDhEcTCkgrwOFw
DA:2,1,9/bKkqpETeeOY8IHvfwvlw
DA:3,1,gZfDzIJlq0XZe9fk7ItaLA
DA:4,1,+UvSl/UAzogVI8g6ls9lOA
DA:5,1,FUi8sorSALeJCTu2+5aUUw
DA:6,1,piLHCd2iY7irRzUTxrbfUQ
DA:7,1,BqV5sIv26hNkHX5qZTV+NA
DA:8,1,eVgNCNykaKqMapCcenzXDg
DA:10,1,+VEV11HlDX9QQIpNz0yUYA
DA:11,1,L/jqrDHxbfUd/SDMFGHfTA
DA:13,1,NfwS/EyJD0m6gg2huvkrcQ
DA:15,1,WbzkXkBmpeE5Z8gSlIfuvA
DA:16,1,IPgO9TdQstmIsA1UcEpiOQ
DA:18,1,qyhttzL2oOeIBecp2840UA
DA:19,1,+JmQC7nEvPqV7n4B48pcIg
DA:20,1,UCqyh14rgaO1KfYxRHf9OQ
DA:21,1,gX65DrF+0TLpQciK32M7ag
DA:24,1,0NUifXlNdjFMl6FbAKqkzg
DA:56,1,UwiF0kYNGHV7T+oijSr4iw
DA:59,1,aXtve7EUTcpEY452svrrdA
DA:70,1,x/ngmbuYI0rjaxKxKmp6qQ
DA:80,1,NqbXBwn4jmANPpVK8R98og
DA:84,1,FIj3zzpjdoLVTsngZmIOqw
DA:89,1,JC7QvDz54Upn0n07+Gz9ag
DA:94,1,JBevdXry8JnheygZKBRSTg
DA:109,1,JM+nkVOqw5OhIBLTQi6sWA
DA:115,1,W6i6jAyRBFbfzPNiBT/wTQ
DA:123,1,tn5lRPb9sLZWnTzsjeDYrg
DA:130,1,FP0KRcL+UhWONzDJZMKQOg
DA:137,1,o10WhkdeHvH/11Regq1TRg
DA:145,1,KxUfQYhTb5AA6O1+QQfXCA
DA:152,1,T6TaxJCv6PhXTpVBMwnE2g
DA:159,1,zGn89H0Y/0OJEU3wCtbKHg
DA:166,1,kplrd41u/tbsumqmWlXFpA
DA:173,1,xSzhCfsCKjUSh+W1UJZ8ig
DA:180,1,oxeTMkSQT+EBhxPdEGmnfw
DA:187,1,5enpzoJEQt9AqN/sk1Rk8A
DA:17,0,A/l1sx19+KM/6ZiKiYI2Ng
DA:25,0,/IrIfZE5N1FXjTJAqTVl8A
DA:27,0,7mvuUZxBEMSlmBNr4cLchw
DA:28,0,eAN9vBTxaQ7SH1gl716o6g
DA:30,0,HpziCzUCUIVMhlnlGcN6dg
DA:31,0,QJUblTVAsambl1OIMffkNg
DA:33,0,9JNkqMCRbfgoF/tyzUFfJw
DA:34,0,mNYDo6kgrzqkJkzlSwJmBw
DA:36,0,xJOwat2bR67dXoUVdMO9MQ
DA:37,0,HthmkSUXj85qSyXDvTLdpA
DA:39,0,qCoLifNqql+6EPWMGWx3Qw
DA:40,0,GT4fV8BXGNiO6RYkGE/dtg
DA:42,0,cNVK//Bu2WXuOIg8nyv42Q
DA:43,0,2OHAFxoIpKafkfmB27HpZg
DA:45,0,UALz3CqTP1WMk4p3Q5pOSA
DA:46,0,YQjLlnjynTxyyJk3Q9b1lQ
DA:48,0,roKCa5+EYqJojrQ9tpEHVw
DA:49,0,BEzpq3XMmM6ZAI81PVqtWw
DA:53,0,rTm4sIYlQDzGq1914wPWgw
DA:57,0,qGvSpD62IRxfZSL+zQ8nhg
DA:60,0,1pae9mKQGXWGhjlaD8QydA
DA:67,0,rAM2EUWjRM4J7heckFUpkQ
DA:68,0,WcBlpU3zvM+RARIb8vm5/A
DA:71,0,+CRBOTuK5AJL2QYDCQHWAw
DA:72,0,UXT1HBFXGwEqTgHFdz4iIg
DA:73,0,MzI0QFvelegiMPc7EyK70Q
DA:74,0,pxPiBcr2TnZ7yjzKAh9U+Q
DA:75,0,l95jr3bcVKRCa0ENffNKjQ
DA:76,0,uVZ49nXPS3Qov7nKYz8SBg
DA:77,0,/sDzLz8j8CCqWU/I8stMzw
DA:81,0,ZyB3eceA8L90B/M/HEC+nA
DA:82,0,BvE1oVhE9tXdoat3Mrrlfw
DA:85,0,htlmFK3v1heaY1/5DXZmIQ
DA:86,0,ZyB3eceA8L90B/M/HEC+nA
DA:87,0,CWrZ8rUxkdA+d160k5ogVA
DA:90,0,PCBXAvXVxjH0fY6nG6b4RA
DA:91,0,ZyB3eceA8L90B/M/HEC+nA
DA:92,0,CWrZ8rUxkdA+d160k5ogVA
DA:95,0,+CRBOTuK5AJL2QYDCQHWAw
DA:96,0,GzBBdpq83gcIF9R1LXbIUg
DA:97,0,alMtzbvkS8hIaGaYL4MpJA
DA:98,0,UBaFox7SE4XOMA3rwI/qjQ
DA:99,0,3wM+pdDDDxL7WXd4SYGokw
DA:100,0,cfMOYuZtAHCjgch7kVW7ng
DA:102,0,GzBBdpq83gcIF9R1LXbIUg
DA:103,0,alMtzbvkS8hIaGaYL4MpJA
DA:104,0,K396tQNIuSAwo5LflEBuQQ
DA:105,0,3wM+pdDDDxL7WXd4SYGokw
DA:106,0,cfMOYuZtAHCjgch7kVW7ng
DA:110,0,op6B7p4PwIE4HkdI/1372w
DA:111,0,+CRBOTuK5AJL2QYDCQHWAw
DA:112,0,UXT1HBFXGwEqTgHFdz4iIg
DA:113,0,CWrZ8rUxkdA+d160k5ogVA
DA:116,0,2Q7kpQNpDWA74/s25CnPSA
DA:117,0,+CRBOTuK5AJL2QYDCQHWAw
DA:118,0,UXT1HBFXGwEqTgHFdz4iIg
DA:119,0,PG1yqOjWh+iVHkNeTDhtxg
DA:120,0,pxOloVF2MMpmeZBUCid6iQ
DA:124,0,kViE3SJjHbsQ8S1SR2B00w
DA:125,0,+CRBOTuK5AJL2QYDCQHWAw
DA:126,0,UXT1HBFXGwEqTgHFdz4iIg
DA:127,0,PG1yqOjWh+iVHkNeTDhtxg
DA:128,0,pxOloVF2MMpmeZBUCid6iQ
DA:131,0,YallGV2gGWnvE9mw3D97BA
DA:132,0,+CRBOTuK5AJL2QYDCQHWAw
DA:133,0,UXT1HBFXGwEqTgHFdz4iIg
DA:134,0,MzI0QFvelegiMPc7EyK70Q
DA:135,0,P7Z0aOZb2hSd5nWwttfxzQ
DA:138,0,YallGV2gGWnvE9mw3D97BA
DA:139,0,OxdhqItwyqarWyTeb2NPig
DA:140,0,+CRBOTuK5AJL2QYDCQHWAw
DA:141,0,UXT1HBFXGwEqTgHFdz4iIg
DA:142,0,PG1yqOjWh+iVHkNeTDhtxg
DA:143,0,DP0yeyJlYkN+mvztBpSRVg
DA:146,0,mr2665ygSeNh2XcSVmOjHQ
DA:147,0,+CRBOTuK5AJL2QYDCQHWAw
DA:148,0,UXT1HBFXGwEqTgHFdz4iIg
DA:149,0,PG1yqOjWh+iVHkNeTDhtxg
DA:150,0,DP0yeyJlYkN+mvztBpSRVg
DA:153,0,/Mv2VDCMkl7t3gb59M2ybA
DA:154,0,+CRBOTuK5AJL2QYDCQHWAw
DA:155,0,UXT1HBFXGwEqTgHFdz4iIg
DA:156,0,PG1yqOjWh+iVHkNeTDhtxg
DA:157,0,DP0yeyJlYkN+mvztBpSRVg
DA:160,0,orFSox/bohlWeb/HNOTjfA
DA:161,0,+CRBOTuK5AJL2QYDCQHWAw
DA:162,0,UXT1HBFXGwEqTgHFdz4iIg
DA:163,0,PG1yqOjWh+iVHkNeTDhtxg
DA:164,0,/SzxYLnPXv/MiTh+Aj12jA
DA:167,0,XTR6+pvmOiM+JwKLRV5JjQ
DA:168,0,+CRBOTuK5AJL2QYDCQHWAw
DA:169,0,UXT1HBFXGwEqTgHFdz4iIg
DA:170,0,PG1yqOjWh+iVHkNeTDhtxg
DA:171,0,3y2TJgq0uOaRknEqmwhPsQ
DA:174,0,kSZZCHbPBpGcWEMKjFO3Vw
DA:175,0,+CRBOTuK5AJL2QYDCQHWAw
DA:176,0,UXT1HBFXGwEqTgHFdz4iIg
DA:177,0,CWrZ8rUxkdA+d160k5ogVA
DA:178,0,XhoOfiN3/Q4fVPuWve22qw
DA:181,0,XLT6l4EKhgpfrwWZ4oUIqQ
DA:182,0,+CRBOTuK5AJL2QYDCQHWAw
DA:183,0,UXT1HBFXGwEqTgHFdz4iIg
DA:184,0,CWrZ8rUxkdA+d160k5ogVA
DA:185,0,Q1zjxbNEDZ8ImllTsekDuA
DA:188,0,+CRBOTuK5AJL2QYDCQHWAw
DA:189,0,JGCKQPHDyOWa4qtds0FPqQ
DA:190,0,4kKpQ12Tz23gt02YVXEXtw
DA:191,0,fvy2O2MrotpO1ur007nxgA
DA:192,0,26bBhmiJvRcV3W3d234NtQ
DA:194,0,1DTGYCwekjxt41GhgWZXcQ
LF:147
LH:37
end_of_record
TN:
SF:main_api/tests/unit/test_utils.py
DA:1,1,E/tvV9JPVDhEcTCkgrwOFw
DA:2,1,naLScdu5HsFezQ6UIM7Y3w
DA:3,1,lU0dRjuxKD1inXYfsYoGyg
DA:4,1,L/jqrDHxbfUd/SDMFGHfTA
DA:5,1,eVgNCNykaKqMapCcenzXDg
DA:6,1,nJdH+ZnzwQMkdT2aWSoTUg
DA:7,1,feVM3bWHhqD6owucOGaSEQ
DA:8,1,+UvSl/UAzogVI8g6ls9lOA
DA:9,1,EZEzNmL93PY96zsSuI0PfQ
DA:11,1,sjdEGtPKVPe1iQjUXoxADQ
DA:13,1,WbzkXkBmpeE5Z8gSlIfuvA
DA:14,1,FcZgcDduOeCzYPJpobZPRQ
DA:20,1,UwiF0kYNGHV7T+oijSr4iw
DA:26,1,1rds22stUE6QuXGS04oyHQ
DA:47,1,wv9S00163Mq9U8eRchfEsw
DA:61,1,XFjgDJq1eleR2cEJGhk7Qg
DA:77,1,RZZZ4N0IzA4vqtvm0uyC1g
DA:84,1,n8+uIDgwdcMkPg5Nc4TgKg
DA:89,1,PNl9w584Pi4Iu/5GNcBjAg
DA:94,1,45OVXZd//xsRIS3yy8DDFw
DA:99,1,BSM1QGf8TLIT2VNGck1OHA
DA:104,1,BDtm3pXLDzwoONjaXZb7Lw
DA:109,1,nIN0oxM7CXzHQr491oGp1Q
DA:114,1,yCq6K1BgUjcHyBvwJ7qsdw
DA:119,1,9ITsz1gSldpkcvVk9gqy9w
DA:129,1,4PhdhDof7jOTpoWxPtS/+g
DA:153,1,8xlryE6amzBDFV/LF5j5SA
DA:177,1,qNTMS9a4YAhJhLFUvbuazQ
DA:182,1,rM5Kt0RRmu6izfCK4gX4BQ
DA:210,1,CVVgovrQndGqUN8KZBrMIQ
DA:230,1,olcJ5lTG7zd9GpQ9W5JOWA
DA:240,1,lUvoBb6LClVnNoCPU0Mh1A
DA:245,1,UGYBq5DYlj0xD6dvOkSD2Q
DA:255,1,FMjzvjoOdrw/45B0fftLbw
DA:271,1,D0QdzTm3A5Nm8CVlXWkB0A
DA:278,1,uTEksnUPY9eCs0QsUoTq4w
DA:285,1,vh+P1ua0AKiRTJRLyDLfrA
DA:292,1,iWFGxpCcqUiUVAa8w7MnRw
DA:15,0,6lXBIZC4FF3tTsv2r/lEHQ
DA:17,0,BZJTGzTp+YOablsYsaJGxg
DA:18,0,20rgnXMxMZlOnH8ZM65vnA
DA:21,0,qGvSpD62IRxfZSL+zQ8nhg
DA:27,0,c2zcqfno9WbmowFxoAb0Zw
DA:42,0,X5mQMSDeaROmlIsbiherNQ
DA:43,0,XaRElJZdtN+Td7qDAnS0Wg
DA:44,0,k4Kvi0KTBr29PEvGM2WeoQ
DA:48,0,sOWetq0iBdSs6nBSHqwulg
DA:57,0,GMr8SXWDeKe2bQ7h++GfZQ
DA:58,0,XaRElJZdtN+Td7qDAnS0Wg
DA:59,0,t43AfhkgEquyyOp0fiFEDg
DA:62,0,nANLTI34SE9A2Xs7h8tXkQ
DA:72,0,6zIZTXDmZb4OBPHmR8Dq8Q
DA:73,0,XaRElJZdtN+Td7qDAnS0Wg
DA:74,0,Vb3GOUMsQd1KCagABJeobQ
DA:78,0,+VIj7KUK1V08PngsOFwxdQ
DA:79,0,lP1MD1hyERaXTTRna9dahQ
DA:85,0,Nq8mTpQUnHfmm/BoiiILSw
DA:86,0,OAi5DGmtG3JcoKv2nlryQQ
DA:87,0,nctAzaD3uvNRYi6jxFhAJw
DA:90,0,+vbfxglCIbFfLD/3oymkaw
DA:91,0,OAi5DGmtG3JcoKv2nlryQQ
DA:92,0,skUAXb+4KJiQ2iqP/VKtbg
DA:95,0,8HHzP57uTTWudaGSvJDdUA
DA:96,0,OAi5DGmtG3JcoKv2nlryQQ
DA:97,0,XZdBcckEDQbw88dyboHG3A
DA:100,0,X2pEjul7V3EAE6yMWxUp3g
DA:101,0,OAi5DGmtG3JcoKv2nlryQQ
DA:102,0,S3+3OanplRO4yikSMWyobg
DA:105,0,qpXCs8Kcej0Cw5XRKXEsig
DA:106,0,OAi5DGmtG3JcoKv2nlryQQ
DA:107,0,X+mVD+fQCsZY5abyHu3YnQ
DA:110,0,10KLAf3QGUNdO/oKc52Lmw
DA:111,0,OAi5DGmtG3JcoKv2nlryQQ
DA:112,0,KTcrlQdcnvGYwuGwQGv5KQ
DA:115,0,+doT8Xl/EUCyOKFEdsIZrw
DA:116,0,OAi5DGmtG3JcoKv2nlryQQ
DA:117,0,BRGlEOP9MXWaFbgLNf7mJQ
DA:120,0,hKN9c7BNJchsQxjBI5/zBQ
DA:121,0,OAi5DGmtG3JcoKv2nlryQQ
DA:122,0,8clQ9Df3Q+lSkyb+ym5Cmw
DA:130,0,9Ozy2Kl/BdVqb/5DbuNz/w
DA:149,0,Nsn0pLvGgVm0ahskU6pKiA
DA:150,0,TMG8lLF1L1/lIs0c5LRCbg
DA:151,0,7P6K/sgXQttafxsJ4K6o0g
DA:154,0,9Ozy2Kl/BdVqb/5DbuNz/w
DA:173,0,Nsn0pLvGgVm0ahskU6pKiA
DA:174,0,08+2yQzZpokWL0kKlritHg
DA:175,0,6wS3/u52SSWr6AcCNBs4fA
DA:178,0,x5Jsv1tQxVZIjghoDlmHxg
DA:179,0,MV7bygBihT1dGfjc/QUYNw
DA:183,0,9Ozy2Kl/BdVqb/5DbuNz/w
DA:202,0,Nsn0pLvGgVm0ahskU6pKiA
DA:203,0,TMG8lLF1L1/lIs0c5LRCbg
DA:204,0,7P6K/sgXQttafxsJ4K6o0g
DA:211,0,DjPf/7JIi90bIjA0SfisCQ
DA:212,0,93jYU+i1VNCTa8Lb/mUjSQ
DA:213,0,OPgbiBLTuz9SGnPoGrCWhw
DA:214,0,U7H4dLvPXEispDJYNzdX3Q
DA:215,0,OIjEAGz+QTSk/rPaJokqCg
DA:216,0,i0xheDLrsTJiuedisE8r/A
DA:217,0,W9ooRiXezCi3tethIaBTyQ
DA:218,0,YuFYuHn67cCip7VyhAWoog
DA:219,0,MYOZhNS9IoB9pp6tsNRAkw
DA:220,0,uw0wNAWaW9FpXEB5AOigig
DA:221,0,XzNhvoT7mhcA4cJVdGHXmg
DA:222,0,KPwjmE4YhaanZHpJPV1AEQ
DA:231,0,h1TJpXfyFv/4uNl247im+Q
DA:232,0,cADKM8oGvauQcnn5IQKMxg
DA:233,0,x6sVF5EswHWdllu9Qhb1SA
DA:234,0,0iaygncnvKIe8d+6DSq+wQ
DA:241,0,P0mVopXb+jsTd6Ltgo1uSQ
DA:242,0,nXtzEpb+vKA794mHhPwkOw
DA:243,0,aadJdRhcyemkco96WvGFAw
DA:246,0,pVAZr6agNc/LZAcq7t4yrg
DA:247,0,nXtzEpb+vKA794mHhPwkOw
DA:248,0,UE7tMEt5tDVT5XYGqcErtQ
DA:256,0,V2SQP7CQpm4c13peqiFn3w
DA:257,0,NsmkRFVfMRmXmu0kNarDpQ
DA:259,0,niqFAlBpYobkqhGrY5i3Tg
DA:260,0,X0GqPTUn3gDiFb+hEftLpA
DA:262,0,YHvlvRpzGcXugB2qR9b9Kw
DA:263,0,+WCHRCFyXyTKhIxFXTG4UQ
DA:264,0,8QCZBeGiKUry8mMObeLwpQ
DA:272,0,AWCnwQOdOi6cHoCJkX5WvA
DA:273,0,brmiBCPczptq/i5oO2VgEg
DA:274,0,BRwdDeURhW0Iwc++omHMKQ
DA:275,0,Nm/Xpbtb1zsokAR8omkD8g
DA:276,0,/72r9je06ix5Pl0e3Dkqmw
DA:279,0,AWCnwQOdOi6cHoCJkX5WvA
DA:280,0,ggF7HGhqtRmDsIYscbFZCQ
DA:281,0,gW9Pf6PQ1mKRErZCFtqqXQ
DA:282,0,Nm/Xpbtb1zsokAR8omkD8g
DA:283,0,/72r9je06ix5Pl0e3Dkqmw
DA:286,0,AWCnwQOdOi6cHoCJkX5WvA
DA:287,0,ggF7HGhqtRmDsIYscbFZCQ
DA:288,0,BRwdDeURhW0Iwc++omHMKQ
DA:289,0,Nm/Xpbtb1zsokAR8omkD8g
DA:290,0,Csq7KjF9JWRCEXuFN3PuqQ
DA:293,0,AWCnwQOdOi6cHoCJkX5WvA
DA:294,0,+R9uvgMj+JyHqhP+Pwietw
DA:295,0,BRwdDeURhW0Iwc++omHMKQ
DA:296,0,Nm/Xpbtb1zsokAR8omkD8g
DA:297,0,Csq7KjF9JWRCEXuFN3PuqQ
LF:143
LH:38
end_of_record
TN:
SF:main_api/tests/unit/test_verify_email_token.py
DA:1,1,E/tvV9JPVDhEcTCkgrwOFw
DA:2,1,gZfDzIJlq0XZe9fk7ItaLA
DA:3,1,dIVardUyuterFyJHQJ8Hrw
DA:4,1,piLHCd2iY7irRzUTxrbfUQ
DA:5,1,ckBcj6QlrUbQ9d2vxYkDEA
DA:6,1,+UvSl/UAzogVI8g6ls9lOA
DA:7,1,+iRpmQ6IZSswhVG6mVSINA
DA:8,1,L/jqrDHxbfUd/SDMFGHfTA
DA:9,1,+VEV11HlDX9QQIpNz0yUYA
DA:12,1,6bgv2Ku/nqKxwoxNwVrGUg
DA:14,1,WbzkXkBmpeE5Z8gSlIfuvA
DA:15,1,IPgO9TdQstmIsA1UcEpiOQ
DA:17,1,/eciWzntx7HGgZDetfmo7w
DA:18,1,3ThwtCRqI+wb2RDMLDg5Tg
DA:19,1,dIJADWZPsOkIprwRfbd7Wg
DA:20,1,a947JZYkAPwceprbOTpqCg
DA:21,1,MVFBC6c4+5Hwx+L3pTfeKw
DA:22,1,rFX1dfDi7g07UspN6rAqlg
DA:23,1,rL77VX8GfViCRxy1Lfv0Sg
DA:24,1,xc/tiGQBBQvuVBGv2RN2GQ
DA:26,1,L/2v1hOHXqjQG8lMTUsDCw
DA:27,1,Jn9ARHXp6PO/FCkFbDgsmQ
DA:28,1,kMg9x1vUx1W1i8lQHR3Lsg
DA:29,1,TgiuDZdi7g85Xx7+uRIwUg
DA:30,1,Wffz25q40vm27b1euxIfJw
DA:33,1,UZhrki2MNRJg696Ec+hmVA
DA:34,1,hWjAbh/EmNtvsYP0JXbhuA
DA:35,1,1y6O+Fw3GpJgBtRuVPcT2Q
DA:39,1,raoanxKast7RKBfLavvp9A
DA:40,1,W7OuUXZdC7ESDDjw73dtiQ
DA:41,1,2tZIQOU/Hsn2A3a8eRS5lw
DA:42,1,krRyT+J+6ReL+w1u+JRJkQ
DA:43,1,i0IWDvz4cKlOb3+yuupakQ
DA:44,1,SlXB8qUvIP+TnZW/YSYLYA
DA:45,1,bZl4/tqf/NxTbuuZGeVE/g
DA:46,1,qAze9IKs7SP63rtY37U3VQ
DA:47,1,VAMSMgP/1FOVpcr8VcNvMg
DA:48,1,5WunGDfAqRgLHK2mDPlvhA
DA:50,1,uRRQ4DH8ixMn/naU7RsuPg
DA:53,1,UwiF0kYNGHV7T+oijSr4iw
DA:60,1,MrX+8h0/492UmNL/n4Wj1Q
DA:71,1,UExeDU55Ohikx64L+1UpyQ
DA:82,1,xhAMDpB2PIOR6XxDVNbJRg
DA:94,1,1yWhBZIbWmc7xFL+cvqL1g
DA:107,1,sCwMQspsHSX5tSPBtAcLFA
DA:117,1,iOyzrnyKdRXbmolKgxMIFQ
DA:131,1,4BHj2/ldw5k/eKhVpcSP/Q
DA:137,1,EBTxDrlDlkP8SwROYHTIvg
DA:144,1,nYzPoursEjMKPS6VY11Bkg
DA:16,0,S3RrAwN71fSRGM/+OpwLZA
DA:54,0,raoanxKast7RKBfLavvp9A
DA:55,0,1rpJbn7IbwqEUG9iNQoZXA
DA:56,0,dRsbxk7rQEZIk8lpMe3e1w
DA:57,0,uSbNVMn2izpTIPqzaKj42w
DA:61,0,raoanxKast7RKBfLavvp9A
DA:62,0,fLInAn07S/YeYCj7WoNbCQ
DA:63,0,pxbdFWYQNS2eoRl97BWaKw
DA:64,0,OAIZ6Xcg5jQ3WnVe0lZ+Yg
DA:65,0,G9t2xxZvf1s1ZeWBNaOQeQ
DA:66,0,rSvMdEekPxvlyVCAjQWl0w
DA:67,0,g3849DbiMvOMeDKKKkrpkA
DA:68,0,ZzZzaD87UwYlN1xe0NV3Pw
DA:69,0,mhk5ouKCfglJpjffa7Ra2w
DA:72,0,XcYUenDKPr8BR0OeKtd14A
DA:73,0,v8bZvFAb0W6LW3h/zwM7ig
DA:74,0,MmBtP8Y+5H/UChCvB1Z/Yg
DA:75,0,OAIZ6Xcg5jQ3WnVe0lZ+Yg
DA:76,0,G9t2xxZvf1s1ZeWBNaOQeQ
DA:77,0,tH79igD5w65wjE6aZNFn6w
DA:78,0,g3849DbiMvOMeDKKKkrpkA
DA:79,0,FDDGZb9z+DUGPSRFZ1UCZA
DA:80,0,mhk5ouKCfglJpjffa7Ra2w
DA:83,0,raoanxKast7RKBfLavvp9A
DA:84,0,fLInAn07S/YeYCj7WoNbCQ
DA:85,0,7jSanXVR6/t9nrTnPIxziw
DA:86,0,OAIZ6Xcg5jQ3WnVe0lZ+Yg
DA:87,0,Y5AJdR6mB9mgBJaohuSrzA
DA:88,0,CkQicLpMc64Dhs+BI7aFGw
DA:89,0,5lnuLmR/bPAyMzYDyn7XRQ
DA:90,0,5JkOlYynGTEoMcGRykRXpQ
DA:91,0,FPydPOgJdJ92QxzKnfub+g
DA:92,0,mhk5ouKCfglJpjffa7Ra2w
DA:95,0,raoanxKast7RKBfLavvp9A
DA:96,0,fLInAn07S/YeYCj7WoNbCQ
DA:97,0,N6yJEfYyZaQPkUgGqQtqdw
DA:98,0,OAIZ6Xcg5jQ3WnVe0lZ+Yg
DA:99,0,Y5AJdR6mB9mgBJaohuSrzA
DA:100,0,2u6G2wO+IL6jv4e7NimAeg
DA:101,0,CCF9LMByGbgWLog5uXR2KA
DA:102,0,/XrEJEL4BUMlY4TuzOJnCA
DA:103,0,5JkOlYynGTEoMcGRykRXpQ
DA:104,0,HZAHbP/I15rTgSg7/vgEcQ
DA:105,0,7PYcdS9t/RVk1OSfT+aV9Q
DA:108,0,raoanxKast7RKBfLavvp9A
DA:109,0,fLInAn07S/YeYCj7WoNbCQ
DA:110,0,e6eML4KdMqS9RmTJvy0+WA
DA:111,0,OAIZ6Xcg5jQ3WnVe0lZ+Yg
DA:112,0,Y5AJdR6mB9mgBJaohuSrzA
DA:113,0,i9M/2r8F+ez0YyRUJhrY9g
DA:114,0,70lGTR+ptl45sEO63BHgoQ
DA:115,0,5JkOlYynGTEoMcGRykRXpQ
DA:118,0,raoanxKast7RKBfLavvp9A
DA:119,0,fLInAn07S/YeYCj7WoNbCQ
DA:120,0,N6yJEfYyZaQPkUgGqQtqdw
DA:121,0,mA55bPI3cTuTJsQ0+KmimA
DA:122,0,Ov4Jbml0/ZWxqRooiHTqqg
DA:123,0,IiBi/AzZZx6/nk+ZfORPYQ
DA:124,0,YdV4wHIpHozMxFDHOrfUXA
DA:125,0,HrchsAtEOsDBl2xRwWGiPg
DA:126,0,OAIZ6Xcg5jQ3WnVe0lZ+Yg
DA:127,0,Y5AJdR6mB9mgBJaohuSrzA
DA:128,0,53HbaLDJ1cllpruk0q4LhQ
DA:132,0,raoanxKast7RKBfLavvp9A
DA:133,0,fLInAn07S/YeYCj7WoNbCQ
DA:134,0,OAIZ6Xcg5jQ3WnVe0lZ+Yg
DA:135,0,RumXtZNxx6vnhdfPcwBHtg
DA:138,0,XcYUenDKPr8BR0OeKtd14A
DA:139,0,fLInAn07S/YeYCj7WoNbCQ
DA:140,0,5yMOmm6UEXSi4VSMcC6Ocg
DA:141,0,OAIZ6Xcg5jQ3WnVe0lZ+Yg
DA:142,0,Y5AJdR6mB9mgBJaohuSrzA
DA:145,0,raoanxKast7RKBfLavvp9A
DA:146,0,pDIJ4vSBXf2aJpQIWQ0NiA
DA:147,0,acn7DyOoDBNdrlxkYmpj1w
DA:148,0,uYrd6ADnAbR91BRgScEx1w
DA:149,0,M1woIFFYepULZmbMCFH9/A
DA:150,0,fLInAn07S/YeYCj7WoNbCQ
DA:151,0,pxbdFWYQNS2eoRl97BWaKw
DA:152,0,OAIZ6Xcg5jQ3WnVe0lZ+Yg
DA:153,0,G9t2xxZvf1s1ZeWBNaOQeQ
DA:154,0,6KSh3FF49cJqTDho9dw9sw
LF:131
LH:49
end_of_record
TN:
SF:main_api/tests/unit/test_verify_last_backup.py
DA:1,1,E/tvV9JPVDhEcTCkgrwOFw
DA:2,1,9/bKkqpETeeOY8IHvfwvlw
DA:3,1,gZfDzIJlq0XZe9fk7ItaLA
DA:4,1,+UvSl/UAzogVI8g6ls9lOA
DA:5,1,UZ/lopVe0CIw7VGz+wEYEA
DA:6,1,tjVzxumWZJMrIGXGpFk4FQ
DA:7,1,B9Nrvd2Jd+aoI1PYwvyg2Q
DA:8,1,1W0tLiV/HfsZ8ed/vJCgIw
DA:9,1,EWNuSZ9zqNg74MBZrJA1aw
DA:10,1,piLHCd2iY7irRzUTxrbfUQ
DA:11,1,dMMj8LID/TX0/khU+V8ruw
DA:12,1,+VEV11HlDX9QQIpNz0yUYA
DA:13,1,L/jqrDHxbfUd/SDMFGHfTA
DA:14,1,Zl9WeAj24+MbRYMfrwRezA
DA:15,1,S0ziej2BwUeobYVm2m/D5w
DA:16,1,eVgNCNykaKqMapCcenzXDg
DA:17,1,ndAV327igAeTT6Zg7rn+qQ
DA:18,1,OaTlemF3bXMi5MP7Db8vkQ
DA:19,1,OiDp0PUbAd1Xq5ZYPLIhTg
DA:21,1,Be8Eme6CG1ZFb1exYOi6ZA
DA:23,1,WbzkXkBmpeE5Z8gSlIfuvA
DA:24,1,IPgO9TdQstmIsA1UcEpiOQ
DA:26,1,qyhttzL2oOeIBecp2840UA
DA:27,1,+JmQC7nEvPqV7n4B48pcIg
DA:28,1,UCqyh14rgaO1KfYxRHf9OQ
DA:29,1,Uj935Rfv+EwwTRGnIZpf/g
DA:30,1,a947JZYkAPwceprbOTpqCg
DA:31,1,NU2VdQUj0riX9NwmasVgqw
DA:32,1,K13sPDt9H+fcJdlwUM8Nlg
DA:35,1,vg3DlEi0Jwb+Wkot/kQrEQ
DA:74,1,UwiF0kYNGHV7T+oijSr4iw
DA:80,1,aXtve7EUTcpEY452svrrdA
DA:91,1,J4Kz2nmUG8FFwQTavcaMaA
DA:103,1,Zhuptmz18InURviwsL5sLQ
DA:116,1,2r+ZH3s+7KZ9ewJZMFOK2w
DA:124,1,tW9ULNaRpMt7LnWTPFy3uQ
DA:133,1,q9YDMAZ0lbC9l2B7qNVhXQ
DA:140,1,ce8P1TLXH8O+IMkZ8GJh3A
DA:147,1,xOFDdLX7BiDvTSwP+PHB9g
DA:155,1,zv1M/24VhqMqg9EV1ROBBw
DA:161,1,BBgXfTuqG8Ag/ZA38Bi1Jw
DA:167,1,jZO7SmliuOWfn57maAahoA
DA:173,1,pOZgWhKceyu2mnnN+bzsZA
DA:25,0,A/l1sx19+KM/6ZiKiYI2Ng
DA:36,0,rgekOAxmA18tmHpJKTZvtw
DA:37,0,ggfCXEMSmVw7LaDt16m+bg
DA:38,0,T9/1EYsfQ8VMO8rUgGoKOg
DA:42,0,3b++QQOv+HFiPwBPYLbpoA
DA:43,0,crrwgYSCwLiCW284XkFZAA
DA:44,0,tW2YLFHpF2z4GV6D6GJm0w
DA:45,0,0q89O7h8LHuH7YVwaofk1A
DA:46,0,U8mbbCUYSbdt+FM11HzOcQ
DA:47,0,l32CDkPM6f6BWvfcShJg8A
DA:48,0,yX0jYH+AXo9s57xic+CCrw
DA:49,0,/c5zSKpjSr64SOVZdW1a5g
DA:50,0,FjJ3WIq975m+i7XgpZyymg
DA:51,0,gmmegnpfHdllGAa1Our1bQ
DA:52,0,W7OuUXZdC7ESDDjw73dtiQ
DA:53,0,bqst8/RRHFgFnZpjoZ0DxQ
DA:55,0,bqst8/RRHFgFnZpjoZ0DxQ
DA:57,0,bqst8/RRHFgFnZpjoZ0DxQ
DA:59,0,wz4X2g8c3jQMwbvQnMjsOA
DA:60,0,RWFGfBtw4wbcTD0Nq4MGGg
DA:61,0,D93rDida1mcdb5fO3PjqpA
DA:63,0,7vks+cwGfqOwut3sCT0I+w
DA:64,0,IolNhW10f3zx4oxdCGiGUw
DA:66,0,5lKDx0b4hiEGRQsjHT3New
DA:67,0,L8OWjgFH/fVJS27i6xSvlw
DA:68,0,SgLrCiz1IKGnvlV4jxavFg
DA:69,0,c72Ge8WrIyITXwpZZEQjww
DA:70,0,/XwWIYaLRcYfICUIO/us+w
DA:71,0,CGdGPJPLnu3mKUyZ+CY6Ow
DA:75,0,qGvSpD62IRxfZSL+zQ8nhg
DA:76,0,gmmegnpfHdllGAa1Our1bQ
DA:77,0,1rpJbn7IbwqEUG9iNQoZXA
DA:78,0,dRsbxk7rQEZIk8lpMe3e1w
DA:81,0,1pae9mKQGXWGhjlaD8QydA
DA:88,0,rAM2EUWjRM4J7heckFUpkQ
DA:89,0,WcBlpU3zvM+RARIb8vm5/A
DA:92,0,gmmegnpfHdllGAa1Our1bQ
DA:93,0,PJ5Jo9wt45QZPHLdqPFjTg
DA:94,0,l5zGVGGPNwXDLxS5Qvgxrw
DA:95,0,G9t2xxZvf1s1ZeWBNaOQeQ
DA:96,0,RYkJTfRumEtFafVg0kRtuA
DA:97,0,El0jiKXNy2gNs57Azjez5A
DA:98,0,JYwCBrT/NjXuEeWB1e8LXQ
DA:99,0,UShas+uo7c40Qt8PnNaHCg
DA:100,0,N/7S/qRzm8Wp+kVITzVeEA
DA:101,0,iVC8oaw7oSZ0YMERKAvraw
DA:104,0,gmmegnpfHdllGAa1Our1bQ
DA:105,0,PJ5Jo9wt45QZPHLdqPFjTg
DA:106,0,oNXJlsVZ66sCRx717ZESog
DA:107,0,l5zGVGGPNwXDLxS5Qvgxrw
DA:108,0,G9t2xxZvf1s1ZeWBNaOQeQ
DA:109,0,RYkJTfRumEtFafVg0kRtuA
DA:110,0,szar98FD+MC1pqCMiwSDQA
DA:111,0,MfLC1oAhxWcvxzMECDDqHQ
DA:112,0,UShas+uo7c40Qt8PnNaHCg
DA:113,0,N/7S/qRzm8Wp+kVITzVeEA
DA:114,0,2zvE58lEHaltOauPWmxg0Q
DA:117,0,eSP9Il/J5GJZ7A8rGfoUTw
DA:118,0,u+dEOXpUqKtC+VF5kSVIJg
DA:119,0,SXdZKerDiUG8G/78pNy1XQ
DA:120,0,nvJpsiFfz5D0RNOE4nuTGg
DA:121,0,BgiyyPh3XUIShcYVb4moqA
DA:122,0,Yhem4cD3zoSTqU35wTx1jg
DA:125,0,eSP9Il/J5GJZ7A8rGfoUTw
DA:126,0,u+dEOXpUqKtC+VF5kSVIJg
DA:127,0,c/sYpovcbwNSLlE3SyGV8A
DA:128,0,nvJpsiFfz5D0RNOE4nuTGg
DA:129,0,dEbt097l5xFn1Fp1QLeVsQ
DA:130,0,BEBe061XUYWam7fbQwO+hQ
DA:134,0,gmmegnpfHdllGAa1Our1bQ
DA:135,0,PJ5Jo9wt45QZPHLdqPFjTg
DA:136,0,DuNZMhWLc/hh/ZxX9L8zmA
DA:137,0,l5zGVGGPNwXDLxS5Qvgxrw
DA:138,0,Y5AJdR6mB9mgBJaohuSrzA
DA:141,0,gmmegnpfHdllGAa1Our1bQ
DA:142,0,PJ5Jo9wt45QZPHLdqPFjTg
DA:143,0,RiAgvsCFJ7R0bc2VSLpc5g
DA:144,0,l5zGVGGPNwXDLxS5Qvgxrw
DA:145,0,Y5AJdR6mB9mgBJaohuSrzA
DA:148,0,gmmegnpfHdllGAa1Our1bQ
DA:149,0,PJ5Jo9wt45QZPHLdqPFjTg
DA:150,0,IdmlLfw7RVeLNds1nftaCQ
DA:151,0,l5zGVGGPNwXDLxS5Qvgxrw
DA:152,0,x1S0kGb0lqh1woLm+gCTqg
DA:156,0,gmmegnpfHdllGAa1Our1bQ
DA:157,0,l5zGVGGPNwXDLxS5Qvgxrw
DA:158,0,RumXtZNxx6vnhdfPcwBHtg
DA:162,0,gmmegnpfHdllGAa1Our1bQ
DA:163,0,6retyXpJcn6ttefdVwdIQw
DA:164,0,l5zGVGGPNwXDLxS5Qvgxrw
DA:165,0,Y5AJdR6mB9mgBJaohuSrzA
DA:168,0,gmmegnpfHdllGAa1Our1bQ
DA:169,0,8nz9FRAKONnH3H7vlf0GcQ
DA:170,0,l5zGVGGPNwXDLxS5Qvgxrw
DA:171,0,Y5AJdR6mB9mgBJaohuSrzA
DA:174,0,gmmegnpfHdllGAa1Our1bQ
DA:175,0,99bj7NeztQawoVDJgo1sGg
DA:176,0,l5zGVGGPNwXDLxS5Qvgxrw
DA:177,0,Y5AJdR6mB9mgBJaohuSrzA
LF:142
LH:43
end_of_record
